{
  "Event": {
    "EventData": {
      "AuthenticationPackageName": "Kerberos",
      "ImpersonationLevel": "%%1840",
      "IpAddress": "192.168.58.102",
      "IpPort": "49791",
      "KeyLength": "0",
      "LmPackageName": "-",
      "LogonGuid": "{9021211F-B4E4-F848-6723-D7E0D9E6DF57}",
      "LogonProcessName": "Kerberos",
      "LogonType": "3",
      "ProcessId": "0x0",
      "ProcessName": "-",
      "SubjectDomainName": "-",
      "SubjectLogonId": "0x0",
      "SubjectUserName": "-",
      "SubjectUserSid": "S-1-0-0",
      "TargetDomainName": "CALDERA",
      "TargetLogonId": "0x138b72",
      "TargetUserName": "Administrator",
      "TargetUserSid": "S-1-5-21-610196800-1665352633-2058931075-500",
      "TransmittedServices": "-",
      "WorkstationName": "",
      "UtcTime": "4242-04-24 13:37:42.422"
    },
    "System": {
      "Channel": "Security",
      "Computer": "BLAHBLAH",
      "Correlation": {},
      "EventID": "4624",
      "EventRecordID": "9328",
      "Execution": {
        "ProcessID": "452",
        "ThreadID": "2732"
      },
      "Keywords": "0x8020000000000000",
      "Level": "0",
      "Opcode": "0",
      "Provider": {
        "Guid": "{54849625-5478-4994-A5BA-3E3B0328C30D}",
        "Name": "Microsoft-Windows-Security-Auditing"
      },
      "Security": {
        "UserID": ""
      },
      "Task": "12544",
      "TimeCreated": {
        "SystemTime": "4242-04-24 13:37:42.422"
      },
      "Version": "1"
    }
  }
}
{
  "Event": {
    "EventData": {
      "AuthenticationPackageName": "Kerberos",
      "ImpersonationLevel": "%%1840",
      "IpAddress": "192.168.58.102",
      "IpPort": "49797",
      "KeyLength": "0",
      "LmPackageName": "-",
      "LogonGuid": "{B5400154-5CCE-0F1A-B4A6-62BF50298183}",
      "LogonProcessName": "Kerberos",
      "LogonType": "3",
      "ProcessId": "0x0",
      "ProcessName": "-",
      "SubjectDomainName": "-",
      "SubjectLogonId": "0x0",
      "SubjectUserName": "-",
      "SubjectUserSid": "S-1-0-0",
      "TargetDomainName": "CALDERA",
      "TargetLogonId": "0x138d44",
      "TargetUserName": "Administrator",
      "TargetUserSid": "S-1-5-21-610196800-1665352633-2058931075-500",
      "TransmittedServices": "-",
      "WorkstationName": "",
      "UtcTime": "4242-04-24 13:37:42.422"
    },
    "System": {
      "Channel": "Security",
      "Computer": "BLAHBLAH",
      "Correlation": {},
      "EventID": "4624",
      "EventRecordID": "9346",
      "Execution": {
        "ProcessID": "452",
        "ThreadID": "440"
      },
      "Keywords": "0x8020000000000000",
      "Level": "0",
      "Opcode": "0",
      "Provider": {
        "Guid": "{54849625-5478-4994-A5BA-3E3B0328C30D}",
        "Name": "Microsoft-Windows-Security-Auditing"
      },
      "Security": {
        "UserID": ""
      },
      "Task": "12544",
      "TimeCreated": {
        "SystemTime": "4242-04-24 13:37:42.422"
      },
      "Version": "1"
    }
  }
}
{
  "Event": {
    "EventData": {
      "AuthenticationPackageName": "Kerberos",
      "ImpersonationLevel": "%%1840",
      "IpAddress": "192.168.58.102",
      "IpPort": "49829",
      "KeyLength": "0",
      "LmPackageName": "-",
      "LogonGuid": "{DDB8CCC4-4F11-0601-298D-E4018D3F491A}",
      "LogonProcessName": "Kerberos",
      "LogonType": "3",
      "ProcessId": "0x0",
      "ProcessName": "-",
      "SubjectDomainName": "-",
      "SubjectLogonId": "0x0",
      "SubjectUserName": "-",
      "SubjectUserSid": "S-1-0-0",
      "TargetDomainName": "CALDERA",
      "TargetLogonId": "0x13a08b",
      "TargetUserName": "Administrator",
      "TargetUserSid": "S-1-5-21-610196800-1665352633-2058931075-500",
      "TransmittedServices": "-",
      "WorkstationName": "",
      "UtcTime": "4242-04-24 13:37:42.422"
    },
    "System": {
      "Channel": "Security",
      "Computer": "BLAHBLAH",
      "Correlation": {},
      "EventID": "4624",
      "EventRecordID": "9380",
      "Execution": {
        "ProcessID": "452",
        "ThreadID": "440"
      },
      "Keywords": "0x8020000000000000",
      "Level": "0",
      "Opcode": "0",
      "Provider": {
        "Guid": "{54849625-5478-4994-A5BA-3E3B0328C30D}",
        "Name": "Microsoft-Windows-Security-Auditing"
      },
      "Security": {
        "UserID": ""
      },
      "Task": "12544",
      "TimeCreated": {
        "SystemTime": "4242-04-24 13:37:42.422"
      },
      "Version": "1"
    }
  }
}
{
  "Event": {
    "EventData": {
      "AuthenticationPackageName": "Kerberos",
      "ImpersonationLevel": "%%1840",
      "IpAddress": "192.168.58.102",
      "IpPort": "49835",
      "KeyLength": "0",
      "LmPackageName": "-",
      "LogonGuid": "{02E36F26-4884-09BF-EB32-8F0CB05B8592}",
      "LogonProcessName": "Kerberos",
      "LogonType": "3",
      "ProcessId": "0x0",
      "ProcessName": "-",
      "SubjectDomainName": "-",
      "SubjectLogonId": "0x0",
      "SubjectUserName": "-",
      "SubjectUserSid": "S-1-0-0",
      "TargetDomainName": "CALDERA",
      "TargetLogonId": "0x13a2d4",
      "TargetUserName": "Administrator",
      "TargetUserSid": "S-1-5-21-610196800-1665352633-2058931075-500",
      "TransmittedServices": "-",
      "WorkstationName": "",
      "UtcTime": "4242-04-24 13:37:42.422"
    },
    "System": {
      "Channel": "Security",
      "Computer": "BLAHBLAH",
      "Correlation": {},
      "EventID": "4624",
      "EventRecordID": "9395",
      "Execution": {
        "ProcessID": "452",
        "ThreadID": "2364"
      },
      "Keywords": "0x8020000000000000",
      "Level": "0",
      "Opcode": "0",
      "Provider": {
        "Guid": "{54849625-5478-4994-A5BA-3E3B0328C30D}",
        "Name": "Microsoft-Windows-Security-Auditing"
      },
      "Security": {
        "UserID": ""
      },
      "Task": "12544",
      "TimeCreated": {
        "SystemTime": "4242-04-24 13:37:42.422"
      },
      "Version": "1"
    }
  }
}
