{
  "Event": {
    "EventData": {
      "CreationUtcTime": "2019-07-29 19:38:04.958",
      "Image": "C:\\Windows\\Explorer.EXE",
      "IntegrityLevel": "Medium",
      "ProcessGuid": "{515cd0d1-4b0c-5d3f-0000-0010aa7b0500}",
      "ProcessId": "4768",
      "RuleName": "",
      "TargetFilename": "C:\\implant.exe",
      "User": "DESKTOP-LJRVE06\\Generic",
      "UtcTime": "4242-04-24 13:37:42.422"
    },
    "System": {
      "Channel": "Microsoft-Windows-Sysmon/Operational",
      "Computer": "BLAHBLAH",
      "Correlation": {},
      "EventID": "11",
      "EventRecordID": "7678542",
      "Execution": {
        "ProcessID": "892",
        "ThreadID": "1536"
      },
      "Keywords": "0x8000000000000000",
      "Level": "4",
      "Opcode": "0",
      "Provider": {
        "Guid": "{5770385f-c22a-43e0-bf4c-06f5698ffbd9}",
        "Name": "Microsoft-Windows-Sysmon"
      },
      "Security": {
        "UserID": "S-1-5-18"
      },
      "Task": "11",
      "TimeCreated": {
        "SystemTime": "4242-04-24 13:37:42.422"
      },
      "Version": "2"
    }
  }
}
{
  "Event": {
    "EventData": {
      "CreationUtcTime": "2019-07-29 19:38:04.958",
      "Image": "C:\\Windows\\Explorer.EXE",
      "IntegrityLevel": "Low",
      "ProcessGuid": "{515cd0d1-4b0c-5d3f-0000-0010aa7b0500}",
      "ProcessId": "4768",
      "RuleName": "",
      "TargetFilename": "C:\\implant.exe",
      "User": "DESKTOP-LJRVE06\\Generic",
      "UtcTime": "4242-04-24 13:37:42.422"
    },
    "System": {
      "Channel": "Microsoft-Windows-Sysmon/Operational",
      "Computer": "BLAHBLAH",
      "Correlation": {},
      "EventID": "11",
      "EventRecordID": "7678542",
      "Execution": {
        "ProcessID": "892",
        "ThreadID": "1536"
      },
      "Keywords": "0x8000000000000000",
      "Level": "4",
      "Opcode": "0",
      "Provider": {
        "Guid": "{5770385f-c22a-43e0-bf4c-06f5698ffbd9}",
        "Name": "Microsoft-Windows-Sysmon"
      },
      "Security": {
        "UserID": "S-1-5-18"
      },
      "Task": "11",
      "TimeCreated": {
        "SystemTime": "4242-04-24 13:37:42.422"
      },
      "Version": "2"
    }
  }
}
{
  "Event": {
    "EventData": {
      "CreationUtcTime": "2019-07-29 19:38:04.958",
      "Image": "C:\\Windows\\Explorer.EXE",
      "IntegrityLevel": "Medium",
      "ProcessGuid": "{515cd0d1-4b0c-5d3f-0000-0010aa7b0500}",
      "ProcessId": "4768",
      "RuleName": "",
      "TargetFilename": "C:\\Windows\\System32\\implant.exe",
      "User": "DESKTOP-LJRVE06\\Generic",
      "UtcTime": "4242-04-24 13:37:42.422"
    },
    "System": {
      "Channel": "Microsoft-Windows-Sysmon/Operational",
      "Computer": "BLAHBLAH",
      "Correlation": {},
      "EventID": "11",
      "EventRecordID": "7678542",
      "Execution": {
        "ProcessID": "892",
        "ThreadID": "1536"
      },
      "Keywords": "0x8000000000000000",
      "Level": "4",
      "Opcode": "0",
      "Provider": {
        "Guid": "{5770385f-c22a-43e0-bf4c-06f5698ffbd9}",
        "Name": "Microsoft-Windows-Sysmon"
      },
      "Security": {
        "UserID": "S-1-5-18"
      },
      "Task": "11",
      "TimeCreated": {
        "SystemTime": "4242-04-24 13:37:42.422"
      },
      "Version": "2"
    }
  }
}
{
  "Event": {
    "EventData": {
      "CreationUtcTime": "2019-07-29 19:38:04.958",
      "Image": "C:\\Windows\\Explorer.EXE",
      "IntegrityLevel": "Low",
      "ProcessGuid": "{515cd0d1-4b0c-5d3f-0000-0010aa7b0500}",
      "ProcessId": "4768",
      "RuleName": "",
      "TargetFilename": "C:\\Windows\\System32\\implant.exe",
      "User": "DESKTOP-LJRVE06\\Generic",
      "UtcTime": "4242-04-24 13:37:42.422"
    },
    "System": {
      "Channel": "Microsoft-Windows-Sysmon/Operational",
      "Computer": "BLAHBLAH",
      "Correlation": {},
      "EventID": "11",
      "EventRecordID": "7678542",
      "Execution": {
        "ProcessID": "892",
        "ThreadID": "1536"
      },
      "Keywords": "0x8000000000000000",
      "Level": "4",
      "Opcode": "0",
      "Provider": {
        "Guid": "{5770385f-c22a-43e0-bf4c-06f5698ffbd9}",
        "Name": "Microsoft-Windows-Sysmon"
      },
      "Security": {
        "UserID": "S-1-5-18"
      },
      "Task": "11",
      "TimeCreated": {
        "SystemTime": "4242-04-24 13:37:42.422"
      },
      "Version": "2"
    }
  }
}
{
  "Event": {
    "EventData": {
      "CreationUtcTime": "2019-07-29 19:38:04.958",
      "Image": "C:\\Windows\\Explorer.EXE",
      "IntegrityLevel": "Medium",
      "ProcessGuid": "{515cd0d1-4b0c-5d3f-0000-0010aa7b0500}",
      "ProcessId": "4768",
      "RuleName": "",
      "TargetFilename": "C:\\Windows\\implant.exe",
      "User": "DESKTOP-LJRVE06\\Generic",
      "UtcTime": "4242-04-24 13:37:42.422"
    },
    "System": {
      "Channel": "Microsoft-Windows-Sysmon/Operational",
      "Computer": "BLAHBLAH",
      "Correlation": {},
      "EventID": "11",
      "EventRecordID": "7678542",
      "Execution": {
        "ProcessID": "892",
        "ThreadID": "1536"
      },
      "Keywords": "0x8000000000000000",
      "Level": "4",
      "Opcode": "0",
      "Provider": {
        "Guid": "{5770385f-c22a-43e0-bf4c-06f5698ffbd9}",
        "Name": "Microsoft-Windows-Sysmon"
      },
      "Security": {
        "UserID": "S-1-5-18"
      },
      "Task": "11",
      "TimeCreated": {
        "SystemTime": "4242-04-24 13:37:42.422"
      },
      "Version": "2"
    }
  }
}
{
  "Event": {
    "EventData": {
      "CreationUtcTime": "2019-07-29 19:38:04.958",
      "Image": "C:\\Windows\\Explorer.EXE",
      "IntegrityLevel": "Low",
      "ProcessGuid": "{515cd0d1-4b0c-5d3f-0000-0010aa7b0500}",
      "ProcessId": "4768",
      "RuleName": "",
      "TargetFilename": "C:\\Windows\\implant.exe",
      "User": "DESKTOP-LJRVE06\\Generic",
      "UtcTime": "4242-04-24 13:37:42.422"
    },
    "System": {
      "Channel": "Microsoft-Windows-Sysmon/Operational",
      "Computer": "BLAHBLAH",
      "Correlation": {},
      "EventID": "11",
      "EventRecordID": "7678542",
      "Execution": {
        "ProcessID": "892",
        "ThreadID": "1536"
      },
      "Keywords": "0x8000000000000000",
      "Level": "4",
      "Opcode": "0",
      "Provider": {
        "Guid": "{5770385f-c22a-43e0-bf4c-06f5698ffbd9}",
        "Name": "Microsoft-Windows-Sysmon"
      },
      "Security": {
        "UserID": "S-1-5-18"
      },
      "Task": "11",
      "TimeCreated": {
        "SystemTime": "4242-04-24 13:37:42.422"
      },
      "Version": "2"
    }
  }
}
{
  "Event": {
    "EventData": {
      "CreationUtcTime": "2019-07-29 19:38:04.958",
      "Image": "C:\\Windows\\Explorer.EXE",
      "IntegrityLevel": "Medium",
      "ProcessGuid": "{515cd0d1-4b0c-5d3f-0000-0010aa7b0500}",
      "ProcessId": "4768",
      "RuleName": "",
      "TargetFilename": "C:\\Program Files\\implant.exe",
      "User": "DESKTOP-LJRVE06\\Generic",
      "UtcTime": "4242-04-24 13:37:42.422"
    },
    "System": {
      "Channel": "Microsoft-Windows-Sysmon/Operational",
      "Computer": "BLAHBLAH",
      "Correlation": {},
      "EventID": "11",
      "EventRecordID": "7678542",
      "Execution": {
        "ProcessID": "892",
        "ThreadID": "1536"
      },
      "Keywords": "0x8000000000000000",
      "Level": "4",
      "Opcode": "0",
      "Provider": {
        "Guid": "{5770385f-c22a-43e0-bf4c-06f5698ffbd9}",
        "Name": "Microsoft-Windows-Sysmon"
      },
      "Security": {
        "UserID": "S-1-5-18"
      },
      "Task": "11",
      "TimeCreated": {
        "SystemTime": "4242-04-24 13:37:42.422"
      },
      "Version": "2"
    }
  }
}
{
  "Event": {
    "EventData": {
      "CreationUtcTime": "2019-07-29 19:38:04.958",
      "Image": "C:\\Windows\\Explorer.EXE",
      "IntegrityLevel": "Low",
      "ProcessGuid": "{515cd0d1-4b0c-5d3f-0000-0010aa7b0500}",
      "ProcessId": "4768",
      "RuleName": "",
      "TargetFilename": "C:\\Program Files\\implant.exe",
      "User": "DESKTOP-LJRVE06\\Generic",
      "UtcTime": "4242-04-24 13:37:42.422"
    },
    "System": {
      "Channel": "Microsoft-Windows-Sysmon/Operational",
      "Computer": "BLAHBLAH",
      "Correlation": {},
      "EventID": "11",
      "EventRecordID": "7678542",
      "Execution": {
        "ProcessID": "892",
        "ThreadID": "1536"
      },
      "Keywords": "0x8000000000000000",
      "Level": "4",
      "Opcode": "0",
      "Provider": {
        "Guid": "{5770385f-c22a-43e0-bf4c-06f5698ffbd9}",
        "Name": "Microsoft-Windows-Sysmon"
      },
      "Security": {
        "UserID": "S-1-5-18"
      },
      "Task": "11",
      "TimeCreated": {
        "SystemTime": "4242-04-24 13:37:42.422"
      },
      "Version": "2"
    }
  }
}
{
  "Event": {
    "EventData": {
      "CreationUtcTime": "2019-07-29 19:38:04.958",
      "Image": "C:\\Windows\\Explorer.EXE",
      "IntegrityLevel": "Medium",
      "ProcessGuid": "{515cd0d1-4b0c-5d3f-0000-0010aa7b0500}",
      "ProcessId": "4768",
      "RuleName": "",
      "TargetFilename": "C:\\Program Files (x86)\\implant.exe",
      "User": "DESKTOP-LJRVE06\\Generic",
      "UtcTime": "4242-04-24 13:37:42.422"
    },
    "System": {
      "Channel": "Microsoft-Windows-Sysmon/Operational",
      "Computer": "BLAHBLAH",
      "Correlation": {},
      "EventID": "11",
      "EventRecordID": "7678542",
      "Execution": {
        "ProcessID": "892",
        "ThreadID": "1536"
      },
      "Keywords": "0x8000000000000000",
      "Level": "4",
      "Opcode": "0",
      "Provider": {
        "Guid": "{5770385f-c22a-43e0-bf4c-06f5698ffbd9}",
        "Name": "Microsoft-Windows-Sysmon"
      },
      "Security": {
        "UserID": "S-1-5-18"
      },
      "Task": "11",
      "TimeCreated": {
        "SystemTime": "4242-04-24 13:37:42.422"
      },
      "Version": "2"
    }
  }
}
{
  "Event": {
    "EventData": {
      "CreationUtcTime": "2019-07-29 19:38:04.958",
      "Image": "C:\\Windows\\Explorer.EXE",
      "IntegrityLevel": "Low",
      "ProcessGuid": "{515cd0d1-4b0c-5d3f-0000-0010aa7b0500}",
      "ProcessId": "4768",
      "RuleName": "",
      "TargetFilename": "C:\\Program Files (x86)\\implant.exe",
      "User": "DESKTOP-LJRVE06\\Generic",
      "UtcTime": "4242-04-24 13:37:42.422"
    },
    "System": {
      "Channel": "Microsoft-Windows-Sysmon/Operational",
      "Computer": "BLAHBLAH",
      "Correlation": {},
      "EventID": "11",
      "EventRecordID": "7678542",
      "Execution": {
        "ProcessID": "892",
        "ThreadID": "1536"
      },
      "Keywords": "0x8000000000000000",
      "Level": "4",
      "Opcode": "0",
      "Provider": {
        "Guid": "{5770385f-c22a-43e0-bf4c-06f5698ffbd9}",
        "Name": "Microsoft-Windows-Sysmon"
      },
      "Security": {
        "UserID": "S-1-5-18"
      },
      "Task": "11",
      "TimeCreated": {
        "SystemTime": "4242-04-24 13:37:42.422"
      },
      "Version": "2"
    }
  }
}
