{
  "Event": {
    "EventData": {
      "Hashes": "SHA1=D3AE4D8A904637C94D4366F825E9B08956CA5F92,MD5=8BC6CAA37159AE5F3BECD8FB96EC30F4,SHA256=D1E9A67772108FFF9083E31ED8CE8A8805AD43465AD4A21B93BC86045212C813,IMPHASH=44B39E98AE2946F304F4DBADCFFFA307",
      "Image": "C:\\Windows\\System32\\wbem\\WmiPrvSE.exe",
      "ImageLoaded": "C:\\Windows\\System32\\samlib.dll",
      "ProcessGuid": "49F1AF32-20D7-59C2-0000-001053F40100",
      "ProcessId": "1980",
      "Signature": "Microsoft Windows",
      "SignatureStatus": "Valid",
      "Signed": "true",
      "UtcTime": "4242-04-24 13:37:42.422"
    },
    "System": {
      "Channel": "Microsoft-Windows-Sysmon/Operational",
      "Computer": "BLAHBLAH",
      "Correlation": {},
      "EventID": "7",
      "EventRecordID": "1012782",
      "Execution": {
        "ProcessID": "1384",
        "ThreadID": "1960"
      },
      "Keywords": "0x8000000000000000",
      "Level": "4",
      "Opcode": "0",
      "Provider": {
        "Guid": "5770385F-C22A-43E0-BF4C-06F5698FFBD9",
        "Name": "Microsoft-Windows-Sysmon"
      },
      "Security": {
        "UserID": "S-1-5-18"
      },
      "Task": "7",
      "TimeCreated": {
        "SystemTime": "4242-04-24 13:37:42.422"
      },
      "Version": "3"
    }
  }
}
{
  "Event": {
    "EventData": {
      "Hashes": "SHA1=D3AE4D8A904637C94D4366F825E9B08956CA5F92,MD5=8BC6CAA37159AE5F3BECD8FB96EC30F4,SHA256=D1E9A67772108FFF9083E31ED8CE8A8805AD43465AD4A21B93BC86045212C813,IMPHASH=44B39E98AE2946F304F4DBADCFFFA307",
      "Image": "C:\\Windows\\System32\\wbem\\WmiPrvSE.exe",
      "ImageLoaded": "C:\\Windows\\System32\\samlib.dll",
      "ProcessGuid": "49F1AF32-8955-59C1-0000-00105DF90100",
      "ProcessId": "1956",
      "Signature": "Microsoft Windows",
      "SignatureStatus": "Valid",
      "Signed": "true",
      "UtcTime": "4242-04-24 13:37:42.422"
    },
    "System": {
      "Channel": "Microsoft-Windows-Sysmon/Operational",
      "Computer": "BLAHBLAH",
      "Correlation": {},
      "EventID": "7",
      "EventRecordID": "868316",
      "Execution": {
        "ProcessID": "1336",
        "ThreadID": "1876"
      },
      "Keywords": "0x8000000000000000",
      "Level": "4",
      "Opcode": "0",
      "Provider": {
        "Guid": "5770385F-C22A-43E0-BF4C-06F5698FFBD9",
        "Name": "Microsoft-Windows-Sysmon"
      },
      "Security": {
        "UserID": "S-1-5-18"
      },
      "Task": "7",
      "TimeCreated": {
        "SystemTime": "4242-04-24 13:37:42.422"
      },
      "Version": "3"
    }
  }
}
{
  "Event": {
    "EventData": {
      "Company": "Microsoft Corporation",
      "Description": "SAM Library DLL",
      "FileVersion": "6.1.7600.16385 (win7_rtm.090713-1255)",
      "Hashes": "SHA1=86E20EBF70FD35723EB635C4F3684891A2547A7B,MD5=5B3EBFC3DA142324B388DDCC4465E1FF,SHA256=5D58642305311F9BC9B779C9598BFC4E7433B3EA58404BF1FF9466838A2328C7,IMPHASH=44B39E98AE2946F304F4DBADCFFFA307",
      "Image": "C:\\Windows\\System32\\WindowsPowerShell\\v1.0\\powershell.exe",
      "ImageLoaded": "C:\\Windows\\System32\\samlib.dll",
      "ProcessGuid": "{49F1AF32-38AF-5AC7-0000-00103FDE0A00}",
      "ProcessId": "2300",
      "Product": "Microsoft® Windows® Operating System",
      "Signature": "Microsoft Windows",
      "SignatureStatus": "Valid",
      "Signed": "true",
      "UtcTime": "4242-04-24 13:37:42.422"
    },
    "System": {
      "Channel": "Microsoft-Windows-Sysmon/Operational",
      "Computer": "BLAHBLAH",
      "Correlation": {},
      "EventID": "7",
      "EventRecordID": "884355",
      "Execution": {
        "ProcessID": "1456",
        "ThreadID": "1712"
      },
      "Keywords": "0x8000000000000000",
      "Level": "4",
      "Opcode": "0",
      "Provider": {
        "Guid": "{5770385F-C22A-43E0-BF4C-06F5698FFBD9}",
        "Name": "Microsoft-Windows-Sysmon"
      },
      "Security": {
        "UserID": "S-1-5-18"
      },
      "Task": "7",
      "TimeCreated": {
        "SystemTime": "4242-04-24 13:37:42.422"
      },
      "Version": "3"
    }
  }
}
{
  "Event": {
    "EventData": {
      "Company": "Microsoft Corporation",
      "Description": "SAM Library DLL",
      "FileVersion": "6.1.7600.16385 (win7_rtm.090713-1255)",
      "Hashes": "SHA1=86E20EBF70FD35723EB635C4F3684891A2547A7B,MD5=5B3EBFC3DA142324B388DDCC4465E1FF,SHA256=5D58642305311F9BC9B779C9598BFC4E7433B3EA58404BF1FF9466838A2328C7,IMPHASH=44B39E98AE2946F304F4DBADCFFFA307",
      "Image": "C:\\Windows\\System32\\WindowsPowerShell\\v1.0\\powershell.exe",
      "ImageLoaded": "C:\\Windows\\System32\\samlib.dll",
      "ProcessGuid": "{49F1AF32-38E5-5AC7-0000-001062800D00}",
      "ProcessId": "1792",
      "Product": "Microsoft® Windows® Operating System",
      "Signature": "Microsoft Windows",
      "SignatureStatus": "Valid",
      "Signed": "true",
      "UtcTime": "4242-04-24 13:37:42.422"
    },
    "System": {
      "Channel": "Microsoft-Windows-Sysmon/Operational",
      "Computer": "BLAHBLAH",
      "Correlation": {},
      "EventID": "7",
      "EventRecordID": "899679",
      "Execution": {
        "ProcessID": "1456",
        "ThreadID": "1712"
      },
      "Keywords": "0x8000000000000000",
      "Level": "4",
      "Opcode": "0",
      "Provider": {
        "Guid": "{5770385F-C22A-43E0-BF4C-06F5698FFBD9}",
        "Name": "Microsoft-Windows-Sysmon"
      },
      "Security": {
        "UserID": "S-1-5-18"
      },
      "Task": "7",
      "TimeCreated": {
        "SystemTime": "4242-04-24 13:37:42.422"
      },
      "Version": "3"
    }
  }
}
{
  "Event": {
    "EventData": {
      "Company": "Microsoft Corporation",
      "Description": "SAM Library DLL",
      "FileVersion": "6.1.7600.16385 (win7_rtm.090713-1255)",
      "Hashes": "SHA1=86E20EBF70FD35723EB635C4F3684891A2547A7B,MD5=5B3EBFC3DA142324B388DDCC4465E1FF,SHA256=5D58642305311F9BC9B779C9598BFC4E7433B3EA58404BF1FF9466838A2328C7,IMPHASH=44B39E98AE2946F304F4DBADCFFFA307",
      "Image": "C:\\Windows\\System32\\WindowsPowerShell\\v1.0\\powershell.exe",
      "ImageLoaded": "C:\\Windows\\System32\\samlib.dll",
      "ProcessGuid": "{49F1AF32-3AD5-5AC7-0000-001036B91300}",
      "ProcessId": "2520",
      "Product": "Microsoft® Windows® Operating System",
      "Signature": "Microsoft Windows",
      "SignatureStatus": "Valid",
      "Signed": "true",
      "UtcTime": "4242-04-24 13:37:42.422"
    },
    "System": {
      "Channel": "Microsoft-Windows-Sysmon/Operational",
      "Computer": "BLAHBLAH",
      "Correlation": {},
      "EventID": "7",
      "EventRecordID": "914545",
      "Execution": {
        "ProcessID": "1456",
        "ThreadID": "1712"
      },
      "Keywords": "0x8000000000000000",
      "Level": "4",
      "Opcode": "0",
      "Provider": {
        "Guid": "{5770385F-C22A-43E0-BF4C-06F5698FFBD9}",
        "Name": "Microsoft-Windows-Sysmon"
      },
      "Security": {
        "UserID": "S-1-5-18"
      },
      "Task": "7",
      "TimeCreated": {
        "SystemTime": "4242-04-24 13:37:42.422"
      },
      "Version": "3"
    }
  }
}
{
  "Event": {
    "EventData": {
      "Company": "Microsoft Corporation",
      "Description": "SAM Library DLL",
      "FileVersion": "6.1.7600.16385 (win7_rtm.090713-1255)",
      "Hashes": "SHA1=86E20EBF70FD35723EB635C4F3684891A2547A7B,MD5=5B3EBFC3DA142324B388DDCC4465E1FF,SHA256=5D58642305311F9BC9B779C9598BFC4E7433B3EA58404BF1FF9466838A2328C7,IMPHASH=44B39E98AE2946F304F4DBADCFFFA307",
      "Image": "C:\\Windows\\System32\\WindowsPowerShell\\v1.0\\powershell.exe",
      "ImageLoaded": "C:\\Windows\\System32\\samlib.dll",
      "ProcessGuid": "{49F1AF32-3D63-5AC7-0000-0010C5D92300}",
      "ProcessId": "1664",
      "Product": "Microsoft® Windows® Operating System",
      "Signature": "Microsoft Windows",
      "SignatureStatus": "Valid",
      "Signed": "true",
      "UtcTime": "4242-04-24 13:37:42.422"
    },
    "System": {
      "Channel": "Microsoft-Windows-Sysmon/Operational",
      "Computer": "BLAHBLAH",
      "Correlation": {},
      "EventID": "7",
      "EventRecordID": "929274",
      "Execution": {
        "ProcessID": "1456",
        "ThreadID": "1712"
      },
      "Keywords": "0x8000000000000000",
      "Level": "4",
      "Opcode": "0",
      "Provider": {
        "Guid": "{5770385F-C22A-43E0-BF4C-06F5698FFBD9}",
        "Name": "Microsoft-Windows-Sysmon"
      },
      "Security": {
        "UserID": "S-1-5-18"
      },
      "Task": "7",
      "TimeCreated": {
        "SystemTime": "4242-04-24 13:37:42.422"
      },
      "Version": "3"
    }
  }
}
{
  "Event": {
    "EventData": {
      "Company": "Microsoft Corporation",
      "Description": "SAM Library DLL",
      "FileVersion": "6.1.7600.16385 (win7_rtm.090713-1255)",
      "Hashes": "SHA1=86E20EBF70FD35723EB635C4F3684891A2547A7B,MD5=5B3EBFC3DA142324B388DDCC4465E1FF,SHA256=5D58642305311F9BC9B779C9598BFC4E7433B3EA58404BF1FF9466838A2328C7,IMPHASH=44B39E98AE2946F304F4DBADCFFFA307",
      "Image": "C:\\Windows\\System32\\WindowsPowerShell\\v1.0\\powershell.exe",
      "ImageLoaded": "C:\\Windows\\System32\\samlib.dll",
      "ProcessGuid": "{49F1AF32-3D73-5AC7-0000-001015282400}",
      "ProcessId": "2596",
      "Product": "Microsoft® Windows® Operating System",
      "Signature": "Microsoft Windows",
      "SignatureStatus": "Valid",
      "Signed": "true",
      "UtcTime": "4242-04-24 13:37:42.422"
    },
    "System": {
      "Channel": "Microsoft-Windows-Sysmon/Operational",
      "Computer": "BLAHBLAH",
      "Correlation": {},
      "EventID": "7",
      "EventRecordID": "929794",
      "Execution": {
        "ProcessID": "1456",
        "ThreadID": "1712"
      },
      "Keywords": "0x8000000000000000",
      "Level": "4",
      "Opcode": "0",
      "Provider": {
        "Guid": "{5770385F-C22A-43E0-BF4C-06F5698FFBD9}",
        "Name": "Microsoft-Windows-Sysmon"
      },
      "Security": {
        "UserID": "S-1-5-18"
      },
      "Task": "7",
      "TimeCreated": {
        "SystemTime": "4242-04-24 13:37:42.422"
      },
      "Version": "3"
    }
  }
}
{
  "Event": {
    "EventData": {
      "Company": "Microsoft Corporation",
      "Description": "SAM Library DLL",
      "FileVersion": "6.1.7600.16385 (win7_rtm.090713-1255)",
      "Hashes": "SHA1=86E20EBF70FD35723EB635C4F3684891A2547A7B,MD5=5B3EBFC3DA142324B388DDCC4465E1FF,SHA256=5D58642305311F9BC9B779C9598BFC4E7433B3EA58404BF1FF9466838A2328C7,IMPHASH=44B39E98AE2946F304F4DBADCFFFA307",
      "Image": "C:\\Windows\\System32\\WindowsPowerShell\\v1.0\\powershell.exe",
      "ImageLoaded": "C:\\Windows\\System32\\samlib.dll",
      "ProcessGuid": "{49F1AF32-3DFC-5AC7-0000-0010D7162500}",
      "ProcessId": "1840",
      "Product": "Microsoft® Windows® Operating System",
      "Signature": "Microsoft Windows",
      "SignatureStatus": "Valid",
      "Signed": "true",
      "UtcTime": "4242-04-24 13:37:42.422"
    },
    "System": {
      "Channel": "Microsoft-Windows-Sysmon/Operational",
      "Computer": "BLAHBLAH",
      "Correlation": {},
      "EventID": "7",
      "EventRecordID": "932554",
      "Execution": {
        "ProcessID": "1456",
        "ThreadID": "1712"
      },
      "Keywords": "0x8000000000000000",
      "Level": "4",
      "Opcode": "0",
      "Provider": {
        "Guid": "{5770385F-C22A-43E0-BF4C-06F5698FFBD9}",
        "Name": "Microsoft-Windows-Sysmon"
      },
      "Security": {
        "UserID": "S-1-5-18"
      },
      "Task": "7",
      "TimeCreated": {
        "SystemTime": "4242-04-24 13:37:42.422"
      },
      "Version": "3"
    }
  }
}
{
  "Event": {
    "EventData": {
      "Company": "Microsoft Corporation",
      "Description": "SAM Library DLL",
      "FileVersion": "6.1.7600.16385 (win7_rtm.090713-1255)",
      "Hashes": "SHA1=86E20EBF70FD35723EB635C4F3684891A2547A7B,MD5=5B3EBFC3DA142324B388DDCC4465E1FF,SHA256=5D58642305311F9BC9B779C9598BFC4E7433B3EA58404BF1FF9466838A2328C7,IMPHASH=44B39E98AE2946F304F4DBADCFFFA307",
      "Image": "C:\\Windows\\System32\\WindowsPowerShell\\v1.0\\powershell.exe",
      "ImageLoaded": "C:\\Windows\\System32\\samlib.dll",
      "ProcessGuid": "{49F1AF32-3E0C-5AC7-0000-001022B82500}",
      "ProcessId": "1912",
      "Product": "Microsoft® Windows® Operating System",
      "Signature": "Microsoft Windows",
      "SignatureStatus": "Valid",
      "Signed": "true",
      "UtcTime": "4242-04-24 13:37:42.422"
    },
    "System": {
      "Channel": "Microsoft-Windows-Sysmon/Operational",
      "Computer": "BLAHBLAH",
      "Correlation": {},
      "EventID": "7",
      "EventRecordID": "934835",
      "Execution": {
        "ProcessID": "1456",
        "ThreadID": "1712"
      },
      "Keywords": "0x8000000000000000",
      "Level": "4",
      "Opcode": "0",
      "Provider": {
        "Guid": "{5770385F-C22A-43E0-BF4C-06F5698FFBD9}",
        "Name": "Microsoft-Windows-Sysmon"
      },
      "Security": {
        "UserID": "S-1-5-18"
      },
      "Task": "7",
      "TimeCreated": {
        "SystemTime": "4242-04-24 13:37:42.422"
      },
      "Version": "3"
    }
  }
}
{
  "Event": {
    "EventData": {
      "Company": "Microsoft Corporation",
      "Description": "SAM Library DLL",
      "FileVersion": "6.1.7600.16385 (win7_rtm.090713-1255)",
      "Hashes": "SHA1=86E20EBF70FD35723EB635C4F3684891A2547A7B,MD5=5B3EBFC3DA142324B388DDCC4465E1FF,SHA256=5D58642305311F9BC9B779C9598BFC4E7433B3EA58404BF1FF9466838A2328C7,IMPHASH=44B39E98AE2946F304F4DBADCFFFA307",
      "Image": "C:\\Windows\\System32\\WindowsPowerShell\\v1.0\\powershell.exe",
      "ImageLoaded": "C:\\Windows\\System32\\samlib.dll",
      "ProcessGuid": "{49F1AF32-3E97-5AC7-0000-00107D622900}",
      "ProcessId": "1752",
      "Product": "Microsoft® Windows® Operating System",
      "Signature": "Microsoft Windows",
      "SignatureStatus": "Valid",
      "Signed": "true",
      "UtcTime": "4242-04-24 13:37:42.422"
    },
    "System": {
      "Channel": "Microsoft-Windows-Sysmon/Operational",
      "Computer": "BLAHBLAH",
      "Correlation": {},
      "EventID": "7",
      "EventRecordID": "940171",
      "Execution": {
        "ProcessID": "1456",
        "ThreadID": "1712"
      },
      "Keywords": "0x8000000000000000",
      "Level": "4",
      "Opcode": "0",
      "Provider": {
        "Guid": "{5770385F-C22A-43E0-BF4C-06F5698FFBD9}",
        "Name": "Microsoft-Windows-Sysmon"
      },
      "Security": {
        "UserID": "S-1-5-18"
      },
      "Task": "7",
      "TimeCreated": {
        "SystemTime": "4242-04-24 13:37:42.422"
      },
      "Version": "3"
    }
  }
}
{
  "Event": {
    "EventData": {
      "Company": "Microsoft Corporation",
      "Description": "SAM Library DLL",
      "FileVersion": "6.1.7600.16385 (win7_rtm.090713-1255)",
      "Hashes": "SHA1=86E20EBF70FD35723EB635C4F3684891A2547A7B,MD5=5B3EBFC3DA142324B388DDCC4465E1FF,SHA256=5D58642305311F9BC9B779C9598BFC4E7433B3EA58404BF1FF9466838A2328C7,IMPHASH=44B39E98AE2946F304F4DBADCFFFA307",
      "Image": "C:\\Windows\\System32\\WindowsPowerShell\\v1.0\\powershell.exe",
      "ImageLoaded": "C:\\Windows\\System32\\samlib.dll",
      "ProcessGuid": "{49F1AF32-3EA9-5AC7-0000-00100AB02900}",
      "ProcessId": "2512",
      "Product": "Microsoft® Windows® Operating System",
      "Signature": "Microsoft Windows",
      "SignatureStatus": "Valid",
      "Signed": "true",
      "UtcTime": "4242-04-24 13:37:42.422"
    },
    "System": {
      "Channel": "Microsoft-Windows-Sysmon/Operational",
      "Computer": "BLAHBLAH",
      "Correlation": {},
      "EventID": "7",
      "EventRecordID": "940742",
      "Execution": {
        "ProcessID": "1456",
        "ThreadID": "1712"
      },
      "Keywords": "0x8000000000000000",
      "Level": "4",
      "Opcode": "0",
      "Provider": {
        "Guid": "{5770385F-C22A-43E0-BF4C-06F5698FFBD9}",
        "Name": "Microsoft-Windows-Sysmon"
      },
      "Security": {
        "UserID": "S-1-5-18"
      },
      "Task": "7",
      "TimeCreated": {
        "SystemTime": "4242-04-24 13:37:42.422"
      },
      "Version": "3"
    }
  }
}
