{
  "Event": {
    "EventData": {
      "CommandLine": "\"tasklist\" /FO CSV /S calderadc /U caldera\\administrator /p Admin123456 /V",
      "Company": "Microsoft Corporation",
      "CurrentDirectory": "C:\\Windows\\system32\\",
      "Description": "Lists the current running tasks",
      "FileVersion": "6.1.7600.16385 (win7_rtm.090713-1255)",
      "Hashes": "SHA1=B29B8E863F2D22AD8EBE6CBA854C905314C3C944,MD5=77F42591DE77CC1E2EAE8E4933BA64F5,SHA256=9FDC5E65A079B0E4429020DBC94EE92C3508433B1FAF77059C649B53DBCCF3EF,IMPHASH=2C3E3B7E6D9254711BD2D10E50BE0266",
      "Image": "C:\\Windows\\System32\\tasklist.exe",
      "IntegrityLevel": "System",
      "LogonGuid": "{49F1AF32-356A-5AC7-0000-0020E7030000}",
      "LogonId": "0x3e7",
      "ParentCommandLine": "C:\\commander.exe -f",
      "ParentImage": "C:\\commander.exe",
      "ParentProcessGuid": "{49F1AF32-38A7-5AC7-0000-0010869A0A00}",
      "ParentProcessId": "920",
      "ProcessGuid": "{49F1AF32-3AA1-5AC7-0000-00102E451300}",
      "ProcessId": "1532",
      "Product": "Microsoft® Windows® Operating System",
      "TerminalSessionId": "0",
      "User": "NT AUTHORITY\\SYSTEM",
      "UtcTime": "4242-04-24 13:37:42.422"
    },
    "System": {
      "Channel": "Microsoft-Windows-Sysmon/Operational",
      "Computer": "BLAHBLAH",
      "Correlation": {},
      "EventID": "1",
      "EventRecordID": "912435",
      "Execution": {
        "ProcessID": "1456",
        "ThreadID": "1712"
      },
      "Keywords": "0x8000000000000000",
      "Level": "4",
      "Opcode": "0",
      "Provider": {
        "Guid": "{5770385F-C22A-43E0-BF4C-06F5698FFBD9}",
        "Name": "Microsoft-Windows-Sysmon"
      },
      "Security": {
        "UserID": "S-1-5-18"
      },
      "Task": "1",
      "TimeCreated": {
        "SystemTime": "4242-04-24 13:37:42.422"
      },
      "Version": "5"
    }
  }
}
{
  "Event": {
    "EventData": {
      "CommandLine": "\"tasklist\" /FO CSV /S calderadc /U caldera\\administrator /p Admin123456 /SVC",
      "Company": "Microsoft Corporation",
      "CurrentDirectory": "C:\\Windows\\system32\\",
      "Description": "Lists the current running tasks",
      "FileVersion": "6.1.7600.16385 (win7_rtm.090713-1255)",
      "Hashes": "SHA1=B29B8E863F2D22AD8EBE6CBA854C905314C3C944,MD5=77F42591DE77CC1E2EAE8E4933BA64F5,SHA256=9FDC5E65A079B0E4429020DBC94EE92C3508433B1FAF77059C649B53DBCCF3EF,IMPHASH=2C3E3B7E6D9254711BD2D10E50BE0266",
      "Image": "C:\\Windows\\System32\\tasklist.exe",
      "IntegrityLevel": "System",
      "LogonGuid": "{49F1AF32-356A-5AC7-0000-0020E7030000}",
      "LogonId": "0x3e7",
      "ParentCommandLine": "C:\\commander.exe -f",
      "ParentImage": "C:\\commander.exe",
      "ParentProcessGuid": "{49F1AF32-38A7-5AC7-0000-0010869A0A00}",
      "ParentProcessId": "920",
      "ProcessGuid": "{49F1AF32-3AA5-5AC7-0000-0010235F1300}",
      "ProcessId": "1696",
      "Product": "Microsoft® Windows® Operating System",
      "TerminalSessionId": "0",
      "User": "NT AUTHORITY\\SYSTEM",
      "UtcTime": "4242-04-24 13:37:42.422"
    },
    "System": {
      "Channel": "Microsoft-Windows-Sysmon/Operational",
      "Computer": "BLAHBLAH",
      "Correlation": {},
      "EventID": "1",
      "EventRecordID": "912841",
      "Execution": {
        "ProcessID": "1456",
        "ThreadID": "1712"
      },
      "Keywords": "0x8000000000000000",
      "Level": "4",
      "Opcode": "0",
      "Provider": {
        "Guid": "{5770385F-C22A-43E0-BF4C-06F5698FFBD9}",
        "Name": "Microsoft-Windows-Sysmon"
      },
      "Security": {
        "UserID": "S-1-5-18"
      },
      "Task": "1",
      "TimeCreated": {
        "SystemTime": "4242-04-24 13:37:42.422"
      },
      "Version": "5"
    }
  }
}
{
  "Event": {
    "EventData": {
      "CommandLine": "\"tasklist\" /FO CSV /S calderadc /U caldera\\administrator /p Admin123456 /M",
      "Company": "Microsoft Corporation",
      "CurrentDirectory": "C:\\Windows\\system32\\",
      "Description": "Lists the current running tasks",
      "FileVersion": "6.1.7600.16385 (win7_rtm.090713-1255)",
      "Hashes": "SHA1=B29B8E863F2D22AD8EBE6CBA854C905314C3C944,MD5=77F42591DE77CC1E2EAE8E4933BA64F5,SHA256=9FDC5E65A079B0E4429020DBC94EE92C3508433B1FAF77059C649B53DBCCF3EF,IMPHASH=2C3E3B7E6D9254711BD2D10E50BE0266",
      "Image": "C:\\Windows\\System32\\tasklist.exe",
      "IntegrityLevel": "System",
      "LogonGuid": "{49F1AF32-356A-5AC7-0000-0020E7030000}",
      "LogonId": "0x3e7",
      "ParentCommandLine": "C:\\commander.exe -f",
      "ParentImage": "C:\\commander.exe",
      "ParentProcessGuid": "{49F1AF32-38A7-5AC7-0000-0010869A0A00}",
      "ParentProcessId": "920",
      "ProcessGuid": "{49F1AF32-3ABD-5AC7-0000-0010E5831300}",
      "ProcessId": "3024",
      "Product": "Microsoft® Windows® Operating System",
      "TerminalSessionId": "0",
      "User": "NT AUTHORITY\\SYSTEM",
      "UtcTime": "4242-04-24 13:37:42.422"
    },
    "System": {
      "Channel": "Microsoft-Windows-Sysmon/Operational",
      "Computer": "BLAHBLAH",
      "Correlation": {},
      "EventID": "1",
      "EventRecordID": "913299",
      "Execution": {
        "ProcessID": "1456",
        "ThreadID": "1712"
      },
      "Keywords": "0x8000000000000000",
      "Level": "4",
      "Opcode": "0",
      "Provider": {
        "Guid": "{5770385F-C22A-43E0-BF4C-06F5698FFBD9}",
        "Name": "Microsoft-Windows-Sysmon"
      },
      "Security": {
        "UserID": "S-1-5-18"
      },
      "Task": "1",
      "TimeCreated": {
        "SystemTime": "4242-04-24 13:37:42.422"
      },
      "Version": "5"
    }
  }
}
{
  "Event": {
    "EventData": {
      "CommandLine": "\"systeminfo.exe\" /fo csv /S calderadc.caldera.loc /U caldera\\administrator /p Admin123456",
      "Company": "Microsoft Corporation",
      "CurrentDirectory": "C:\\Windows\\system32\\",
      "Description": "Displays system information",
      "FileVersion": "6.1.7600.16385 (win7_rtm.090713-1255)",
      "Hashes": "SHA1=F4124883BEF7C340F90A7237DDC9606902106863,MD5=DEBEA7D13C96687CAB4248DE0B6A2CE8,SHA256=58D1231E9BD2848E5014E1968CF10B043FCEBF411EF0E7D7F75B6A41867DFB61,IMPHASH=26836CD06EB32E4DA9DE1CE8D9DB287C",
      "Image": "C:\\Windows\\System32\\systeminfo.exe",
      "IntegrityLevel": "System",
      "LogonGuid": "{49F1AF32-356A-5AC7-0000-0020E7030000}",
      "LogonId": "0x3e7",
      "ParentCommandLine": "C:\\commander.exe -f",
      "ParentImage": "C:\\commander.exe",
      "ParentProcessGuid": "{49F1AF32-38A7-5AC7-0000-0010869A0A00}",
      "ParentProcessId": "920",
      "ProcessGuid": "{49F1AF32-3ACD-5AC7-0000-00106BA81300}",
      "ProcessId": "596",
      "Product": "Microsoft® Windows® Operating System",
      "TerminalSessionId": "0",
      "User": "NT AUTHORITY\\SYSTEM",
      "UtcTime": "4242-04-24 13:37:42.422"
    },
    "System": {
      "Channel": "Microsoft-Windows-Sysmon/Operational",
      "Computer": "BLAHBLAH",
      "Correlation": {},
      "EventID": "1",
      "EventRecordID": "913762",
      "Execution": {
        "ProcessID": "1456",
        "ThreadID": "1712"
      },
      "Keywords": "0x8000000000000000",
      "Level": "4",
      "Opcode": "0",
      "Provider": {
        "Guid": "{5770385F-C22A-43E0-BF4C-06F5698FFBD9}",
        "Name": "Microsoft-Windows-Sysmon"
      },
      "Security": {
        "UserID": "S-1-5-18"
      },
      "Task": "1",
      "TimeCreated": {
        "SystemTime": "4242-04-24 13:37:42.422"
      },
      "Version": "5"
    }
  }
}
{
  "Event": {
    "EventData": {
      "CommandLine": "\"schtasks\" /Create /S calderadc.caldera.loc /U caldera\\administrator /P Admin123456 /SC ONCE /TN caldera_task1 /TR \"C:\\commander.exe -d\" /ST 11:22 /SD 04/06/2018 /F /RU SYSTEM",
      "Company": "Microsoft Corporation",
      "CurrentDirectory": "C:\\Windows\\system32\\",
      "Description": "Manages scheduled tasks",
      "FileVersion": "6.1.7600.16385 (win7_rtm.090713-1255)",
      "Hashes": "SHA1=BD9DCEFFBCBBC82BEE5F2109BD73A57477FE1F92,MD5=97E0EC3D6D99E8CC2B17EF2D3760E8FC,SHA256=6DCE7D58EBB0D705FCB4179349C441B45E160C94E43934C5ED8FA1964E2CD031,IMPHASH=6B4559CA4C2EC47B1D1D5FB43FFA83AD",
      "Image": "C:\\Windows\\System32\\schtasks.exe",
      "IntegrityLevel": "System",
      "LogonGuid": "{49F1AF32-356A-5AC7-0000-0020E7030000}",
      "LogonId": "0x3e7",
      "ParentCommandLine": "C:\\commander.exe -f",
      "ParentImage": "C:\\commander.exe",
      "ParentProcessGuid": "{49F1AF32-38A7-5AC7-0000-0010869A0A00}",
      "ParentProcessId": "920",
      "ProcessGuid": "{49F1AF32-3C5B-5AC7-0000-0010644C1B00}",
      "ProcessId": "1504",
      "Product": "Microsoft® Windows® Operating System",
      "TerminalSessionId": "0",
      "User": "NT AUTHORITY\\SYSTEM",
      "UtcTime": "4242-04-24 13:37:42.422"
    },
    "System": {
      "Channel": "Microsoft-Windows-Sysmon/Operational",
      "Computer": "BLAHBLAH",
      "Correlation": {},
      "EventID": "1",
      "EventRecordID": "921919",
      "Execution": {
        "ProcessID": "1456",
        "ThreadID": "1712"
      },
      "Keywords": "0x8000000000000000",
      "Level": "4",
      "Opcode": "0",
      "Provider": {
        "Guid": "{5770385F-C22A-43E0-BF4C-06F5698FFBD9}",
        "Name": "Microsoft-Windows-Sysmon"
      },
      "Security": {
        "UserID": "S-1-5-18"
      },
      "Task": "1",
      "TimeCreated": {
        "SystemTime": "4242-04-24 13:37:42.422"
      },
      "Version": "5"
    }
  }
}
{
  "Event": {
    "EventData": {
      "CommandLine": "\"schtasks\" /Create /S calderadc.caldera.loc /U caldera\\administrator /P Admin123456 /SC ONCE /TN caldera_task1 /TR \"C:\\commander.exe -d\" /ST 11:23 /SD 04/06/2018 /F /RU SYSTEM",
      "Company": "Microsoft Corporation",
      "CurrentDirectory": "C:\\Windows\\system32\\",
      "Description": "Manages scheduled tasks",
      "FileVersion": "6.1.7600.16385 (win7_rtm.090713-1255)",
      "Hashes": "SHA1=BD9DCEFFBCBBC82BEE5F2109BD73A57477FE1F92,MD5=97E0EC3D6D99E8CC2B17EF2D3760E8FC,SHA256=6DCE7D58EBB0D705FCB4179349C441B45E160C94E43934C5ED8FA1964E2CD031,IMPHASH=6B4559CA4C2EC47B1D1D5FB43FFA83AD",
      "Image": "C:\\Windows\\System32\\schtasks.exe",
      "IntegrityLevel": "System",
      "LogonGuid": "{49F1AF32-356A-5AC7-0000-0020E7030000}",
      "LogonId": "0x3e7",
      "ParentCommandLine": "C:\\commander.exe -f",
      "ParentImage": "C:\\commander.exe",
      "ParentProcessGuid": "{49F1AF32-38A7-5AC7-0000-0010869A0A00}",
      "ParentProcessId": "920",
      "ProcessGuid": "{49F1AF32-3C69-5AC7-0000-0010A8CC1B00}",
      "ProcessId": "564",
      "Product": "Microsoft® Windows® Operating System",
      "TerminalSessionId": "0",
      "User": "NT AUTHORITY\\SYSTEM",
      "UtcTime": "4242-04-24 13:37:42.422"
    },
    "System": {
      "Channel": "Microsoft-Windows-Sysmon/Operational",
      "Computer": "BLAHBLAH",
      "Correlation": {},
      "EventID": "1",
      "EventRecordID": "923569",
      "Execution": {
        "ProcessID": "1456",
        "ThreadID": "1712"
      },
      "Keywords": "0x8000000000000000",
      "Level": "4",
      "Opcode": "0",
      "Provider": {
        "Guid": "{5770385F-C22A-43E0-BF4C-06F5698FFBD9}",
        "Name": "Microsoft-Windows-Sysmon"
      },
      "Security": {
        "UserID": "S-1-5-18"
      },
      "Task": "1",
      "TimeCreated": {
        "SystemTime": "4242-04-24 13:37:42.422"
      },
      "Version": "5"
    }
  }
}
{
  "Event": {
    "EventData": {
      "CommandLine": "\"schtasks\" /Create /S calderadc.caldera.loc /U caldera\\administrator /P Admin123456 /SC ONCE /TN caldera_task1 /TR \"C:\\commander.exe -d\" /ST 11:25 /SD 04/06/2018 /F /RU SYSTEM",
      "Company": "Microsoft Corporation",
      "CurrentDirectory": "C:\\Windows\\system32\\",
      "Description": "Manages scheduled tasks",
      "FileVersion": "6.1.7600.16385 (win7_rtm.090713-1255)",
      "Hashes": "SHA1=BD9DCEFFBCBBC82BEE5F2109BD73A57477FE1F92,MD5=97E0EC3D6D99E8CC2B17EF2D3760E8FC,SHA256=6DCE7D58EBB0D705FCB4179349C441B45E160C94E43934C5ED8FA1964E2CD031,IMPHASH=6B4559CA4C2EC47B1D1D5FB43FFA83AD",
      "Image": "C:\\Windows\\System32\\schtasks.exe",
      "IntegrityLevel": "System",
      "LogonGuid": "{49F1AF32-356A-5AC7-0000-0020E7030000}",
      "LogonId": "0x3e7",
      "ParentCommandLine": "C:\\commander.exe -f",
      "ParentImage": "C:\\commander.exe",
      "ParentProcessGuid": "{49F1AF32-38A7-5AC7-0000-0010869A0A00}",
      "ParentProcessId": "920",
      "ProcessGuid": "{49F1AF32-3CE5-5AC7-0000-001001A92100}",
      "ProcessId": "1316",
      "Product": "Microsoft® Windows® Operating System",
      "TerminalSessionId": "0",
      "User": "NT AUTHORITY\\SYSTEM",
      "UtcTime": "4242-04-24 13:37:42.422"
    },
    "System": {
      "Channel": "Microsoft-Windows-Sysmon/Operational",
      "Computer": "BLAHBLAH",
      "Correlation": {},
      "EventID": "1",
      "EventRecordID": "926636",
      "Execution": {
        "ProcessID": "1456",
        "ThreadID": "1712"
      },
      "Keywords": "0x8000000000000000",
      "Level": "4",
      "Opcode": "0",
      "Provider": {
        "Guid": "{5770385F-C22A-43E0-BF4C-06F5698FFBD9}",
        "Name": "Microsoft-Windows-Sysmon"
      },
      "Security": {
        "UserID": "S-1-5-18"
      },
      "Task": "1",
      "TimeCreated": {
        "SystemTime": "4242-04-24 13:37:42.422"
      },
      "Version": "5"
    }
  }
}
