{
  "Event": {
    "EventData": {
      "AccessList": "%%4417\r\n\t\t\t\t",
      "AccessMask": "0x2",
      "HandleId": "0x8f0",
      "ObjectName": "C:\\Windows\\System32\\fakeservice.dll",
      "ObjectServer": "Security",
      "ObjectType": "File",
      "ProcessId": "0x68c",
      "ProcessName": "C:\\Users\\JeanJean\\Downloads\\malware.exe",
      "ResourceAttributes": "S:AI",
      "SubjectDomainName": "DESKTOP-LJRVE06",
      "SubjectLogonId": "0x2f60a",
      "SubjectUserName": "Generic",
      "SubjectUserSid": "S-1-5-21-2915380141-4195670196-3871645020-1001",
      "UtcTime": "4242-04-24 13:37:42.422"
    },
    "System": {
      "Channel": "Security",
      "Computer": "BLAHBLAH",
      "Correlation": {},
      "EventID": "4663",
      "EventRecordID": "461270",
      "Execution": {
        "ProcessID": "4",
        "ThreadID": "8980"
      },
      "Keywords": "0x8020000000000000",
      "Level": "0",
      "Opcode": "0",
      "Provider": {
        "Guid": "{54849625-5478-4994-a5ba-3e3b0328c30d}",
        "Name": "Microsoft-Windows-Security-Auditing"
      },
      "Security": {
        "UserID": ""
      },
      "Task": "12800",
      "TimeCreated": {
        "SystemTime": "4242-04-24 13:37:42.422"
      },
      "Version": "1"
    }
  }
}
{
  "Event": {
    "EventData": {
      "AccessList": "%%4417\r\n\t\t\t\t",
      "AccessMask": "0x2",
      "HandleId": "0xd9c",
      "ObjectName": "C:\\Windows\\System32\\fakeservice.dll",
      "ObjectServer": "Security",
      "ObjectType": "File",
      "ProcessId": "0x68c",
      "ProcessName": "C:\\Users\\JeanJean\\Downloads\\malware.exe",
      "ResourceAttributes": "S:AI",
      "SubjectDomainName": "DESKTOP-LJRVE06",
      "SubjectLogonId": "0x2f60a",
      "SubjectUserName": "Generic",
      "SubjectUserSid": "S-1-5-21-2915380141-4195670196-3871645020-1001",
      "UtcTime": "4242-04-24 13:37:42.422"
    },
    "System": {
      "Channel": "Security",
      "Computer": "BLAHBLAH",
      "Correlation": {},
      "EventID": "4663",
      "EventRecordID": "461338",
      "Execution": {
        "ProcessID": "4",
        "ThreadID": "8980"
      },
      "Keywords": "0x8020000000000000",
      "Level": "0",
      "Opcode": "0",
      "Provider": {
        "Guid": "{54849625-5478-4994-a5ba-3e3b0328c30d}",
        "Name": "Microsoft-Windows-Security-Auditing"
      },
      "Security": {
        "UserID": ""
      },
      "Task": "12800",
      "TimeCreated": {
        "SystemTime": "4242-04-24 13:37:42.422"
      },
      "Version": "1"
    }
  }
}
{
  "Event": {
    "EventData": {
      "AccessList": "%%4417\r\n\t\t\t\t%%4418\r\n\t\t\t\t",
      "AccessMask": "0x6",
      "HandleId": "0xd64",
      "ObjectName": "C:\\Windows\\System32\\fakeservice.dll",
      "ObjectServer": "Security",
      "ObjectType": "File",
      "ProcessId": "0x68c",
      "ProcessName": "C:\\Users\\JeanJean\\Downloads\\malware.exe",
      "ResourceAttributes": "S:AI",
      "SubjectDomainName": "DESKTOP-LJRVE06",
      "SubjectLogonId": "0x2f60a",
      "SubjectUserName": "Generic",
      "SubjectUserSid": "S-1-5-21-2915380141-4195670196-3871645020-1001",
      "UtcTime": "4242-04-24 13:37:42.422"
    },
    "System": {
      "Channel": "Security",
      "Computer": "BLAHBLAH",
      "Correlation": {},
      "EventID": "4663",
      "EventRecordID": "462209",
      "Execution": {
        "ProcessID": "4",
        "ThreadID": "10448"
      },
      "Keywords": "0x8020000000000000",
      "Level": "0",
      "Opcode": "0",
      "Provider": {
        "Guid": "{54849625-5478-4994-a5ba-3e3b0328c30d}",
        "Name": "Microsoft-Windows-Security-Auditing"
      },
      "Security": {
        "UserID": ""
      },
      "Task": "12800",
      "TimeCreated": {
        "SystemTime": "4242-04-24 13:37:42.422"
      },
      "Version": "1"
    }
  }
}
{
  "Event": {
    "EventData": {
      "AccessList": "%%4417\r\n\t\t\t\t",
      "AccessMask": "0x2",
      "HandleId": "0x3da8",
      "ObjectName": "C:\\Windows\\System32\\fakeservice.dll",
      "ObjectServer": "Security",
      "ObjectType": "File",
      "ProcessId": "0x68c",
      "ProcessName": "C:\\Users\\JeanJean\\Downloads\\malware.exe",
      "ResourceAttributes": "S:AI",
      "SubjectDomainName": "DESKTOP-LJRVE06",
      "SubjectLogonId": "0x2f60a",
      "SubjectUserName": "Generic",
      "SubjectUserSid": "S-1-5-21-2915380141-4195670196-3871645020-1001",
      "UtcTime": "4242-04-24 13:37:42.422"
    },
    "System": {
      "Channel": "Security",
      "Computer": "BLAHBLAH",
      "Correlation": {},
      "EventID": "4663",
      "EventRecordID": "462215",
      "Execution": {
        "ProcessID": "4",
        "ThreadID": "10448"
      },
      "Keywords": "0x8020000000000000",
      "Level": "0",
      "Opcode": "0",
      "Provider": {
        "Guid": "{54849625-5478-4994-a5ba-3e3b0328c30d}",
        "Name": "Microsoft-Windows-Security-Auditing"
      },
      "Security": {
        "UserID": ""
      },
      "Task": "12800",
      "TimeCreated": {
        "SystemTime": "4242-04-24 13:37:42.422"
      },
      "Version": "1"
    }
  }
}
{
  "Event": {
    "EventData": {
      "AccessList": "%%4417\r\n\t\t\t\t%%4418\r\n\t\t\t\t",
      "AccessMask": "0x6",
      "HandleId": "0xf94",
      "ObjectName": "C:\\Windows\\System32\\fakeservice.dll",
      "ObjectServer": "Security",
      "ObjectType": "File",
      "ProcessId": "0x68c",
      "ProcessName": "C:\\Users\\JeanJean\\Downloads\\malware.exe",
      "ResourceAttributes": "S:AI",
      "SubjectDomainName": "DESKTOP-LJRVE06",
      "SubjectLogonId": "0x2f60a",
      "SubjectUserName": "Generic",
      "SubjectUserSid": "S-1-5-21-2915380141-4195670196-3871645020-1001",
      "UtcTime": "4242-04-24 13:37:42.422"
    },
    "System": {
      "Channel": "Security",
      "Computer": "BLAHBLAH",
      "Correlation": {},
      "EventID": "4663",
      "EventRecordID": "462726",
      "Execution": {
        "ProcessID": "4",
        "ThreadID": "8980"
      },
      "Keywords": "0x8020000000000000",
      "Level": "0",
      "Opcode": "0",
      "Provider": {
        "Guid": "{54849625-5478-4994-a5ba-3e3b0328c30d}",
        "Name": "Microsoft-Windows-Security-Auditing"
      },
      "Security": {
        "UserID": ""
      },
      "Task": "12800",
      "TimeCreated": {
        "SystemTime": "4242-04-24 13:37:42.422"
      },
      "Version": "1"
    }
  }
}
{
  "Event": {
    "EventData": {
      "AccessList": "%%4417\r\n\t\t\t\t",
      "AccessMask": "0x2",
      "HandleId": "0x105c",
      "ObjectName": "C:\\Windows\\System32\\fakeservice.dll",
      "ObjectServer": "Security",
      "ObjectType": "File",
      "ProcessId": "0x68c",
      "ProcessName": "C:\\Users\\JeanJean\\Downloads\\malware.exe",
      "ResourceAttributes": "S:AI",
      "SubjectDomainName": "DESKTOP-LJRVE06",
      "SubjectLogonId": "0x2f60a",
      "SubjectUserName": "Generic",
      "SubjectUserSid": "S-1-5-21-2915380141-4195670196-3871645020-1001",
      "UtcTime": "4242-04-24 13:37:42.422"
    },
    "System": {
      "Channel": "Security",
      "Computer": "BLAHBLAH",
      "Correlation": {},
      "EventID": "4663",
      "EventRecordID": "462737",
      "Execution": {
        "ProcessID": "4",
        "ThreadID": "8980"
      },
      "Keywords": "0x8020000000000000",
      "Level": "0",
      "Opcode": "0",
      "Provider": {
        "Guid": "{54849625-5478-4994-a5ba-3e3b0328c30d}",
        "Name": "Microsoft-Windows-Security-Auditing"
      },
      "Security": {
        "UserID": ""
      },
      "Task": "12800",
      "TimeCreated": {
        "SystemTime": "4242-04-24 13:37:42.422"
      },
      "Version": "1"
    }
  }
}
{
  "Event": {
    "EventData": {
      "AccessList": "%%4417\r\n\t\t\t\t",
      "AccessMask": "0x2",
      "HandleId": "0xf94",
      "ObjectName": "C:\\Windows\\System32\\fakeservice.dll",
      "ObjectServer": "Security",
      "ObjectType": "File",
      "ProcessId": "0x68c",
      "ProcessName": "C:\\Users\\JeanJean\\Downloads\\malware.exe",
      "ResourceAttributes": "S:AI",
      "SubjectDomainName": "DESKTOP-LJRVE06",
      "SubjectLogonId": "0x2f60a",
      "SubjectUserName": "Generic",
      "SubjectUserSid": "S-1-5-21-2915380141-4195670196-3871645020-1001",
      "UtcTime": "4242-04-24 13:37:42.422"
    },
    "System": {
      "Channel": "Security",
      "Computer": "BLAHBLAH",
      "Correlation": {},
      "EventID": "4663",
      "EventRecordID": "462738",
      "Execution": {
        "ProcessID": "4",
        "ThreadID": "8980"
      },
      "Keywords": "0x8020000000000000",
      "Level": "0",
      "Opcode": "0",
      "Provider": {
        "Guid": "{54849625-5478-4994-a5ba-3e3b0328c30d}",
        "Name": "Microsoft-Windows-Security-Auditing"
      },
      "Security": {
        "UserID": ""
      },
      "Task": "12800",
      "TimeCreated": {
        "SystemTime": "4242-04-24 13:37:42.422"
      },
      "Version": "1"
    }
  }
}
{
  "Event": {
    "EventData": {
      "AccessList": "%%4417\r\n\t\t\t\t",
      "AccessMask": "0x2",
      "HandleId": "0x21a4",
      "ObjectName": "C:\\Windows\\System32\\fakeservice.dll",
      "ObjectServer": "Security",
      "ObjectType": "File",
      "ProcessId": "0x68c",
      "ProcessName": "C:\\Users\\JeanJean\\Downloads\\malware.exe",
      "ResourceAttributes": "S:AI",
      "SubjectDomainName": "DESKTOP-LJRVE06",
      "SubjectLogonId": "0x2f60a",
      "SubjectUserName": "Generic",
      "SubjectUserSid": "S-1-5-21-2915380141-4195670196-3871645020-1001",
      "UtcTime": "4242-04-24 13:37:42.422"
    },
    "System": {
      "Channel": "Security",
      "Computer": "BLAHBLAH",
      "Correlation": {},
      "EventID": "4663",
      "EventRecordID": "462740",
      "Execution": {
        "ProcessID": "4",
        "ThreadID": "8980"
      },
      "Keywords": "0x8020000000000000",
      "Level": "0",
      "Opcode": "0",
      "Provider": {
        "Guid": "{54849625-5478-4994-a5ba-3e3b0328c30d}",
        "Name": "Microsoft-Windows-Security-Auditing"
      },
      "Security": {
        "UserID": ""
      },
      "Task": "12800",
      "TimeCreated": {
        "SystemTime": "4242-04-24 13:37:42.422"
      },
      "Version": "1"
    }
  }
}
{
  "Event": {
    "EventData": {
      "AccessList": "%%4417\r\n\t\t\t\t",
      "AccessMask": "0x2",
      "HandleId": "0x21a4",
      "ObjectName": "C:\\Windows\\System32\\fakeservice.dll",
      "ObjectServer": "Security",
      "ObjectType": "File",
      "ProcessId": "0x68c",
      "ProcessName": "C:\\Users\\JeanJean\\Downloads\\malware.exe",
      "ResourceAttributes": "S:AI",
      "SubjectDomainName": "DESKTOP-LJRVE06",
      "SubjectLogonId": "0x2f60a",
      "SubjectUserName": "Generic",
      "SubjectUserSid": "S-1-5-21-2915380141-4195670196-3871645020-1001",
      "UtcTime": "4242-04-24 13:37:42.422"
    },
    "System": {
      "Channel": "Security",
      "Computer": "BLAHBLAH",
      "Correlation": {},
      "EventID": "4663",
      "EventRecordID": "462742",
      "Execution": {
        "ProcessID": "4",
        "ThreadID": "8980"
      },
      "Keywords": "0x8020000000000000",
      "Level": "0",
      "Opcode": "0",
      "Provider": {
        "Guid": "{54849625-5478-4994-a5ba-3e3b0328c30d}",
        "Name": "Microsoft-Windows-Security-Auditing"
      },
      "Security": {
        "UserID": ""
      },
      "Task": "12800",
      "TimeCreated": {
        "SystemTime": "4242-04-24 13:37:42.422"
      },
      "Version": "1"
    }
  }
}
