{
  "Event": {
    "EventData": {
      "CommandLine": "C:\\Windows\\system32\\cmd.exe /c \"sc.exe delete caldera\"",
      "Company": "Microsoft Corporation",
      "CurrentDirectory": "C:\\Windows\\system32\\",
      "Description": "Windows Command Processor",
      "FileVersion": "6.3.9600.16384 (winblue_rtm.130821-1623)",
      "Hashes": "SHA1=7C3D7281E1151FE4127923F4B4C3CD36438E1A12,MD5=F5AE03DE0AD60F5B17B82F2CD68402FE,SHA256=6F88FB88FFB0F1D5465C2826E5B4F523598B1B8378377C8378FFEBC171BAD18B,IMPHASH=77AED1ADAF24B344F08C8AD1432908C3",
      "Image": "C:\\Windows\\System32\\cmd.exe",
      "IntegrityLevel": "System",
      "LogonGuid": "{8C352DC7-3282-5AC7-0000-0020E7030000}",
      "LogonId": "0x3e7",
      "ParentCommandLine": "\"C:\\Program Files\\cagent\\cagent.exe\"",
      "ParentImage": "C:\\Program Files\\cagent\\cagent.exe",
      "ParentProcessGuid": "{8C352DC7-329A-5AC7-0000-0010205E0100}",
      "ParentProcessId": "1340",
      "ProcessGuid": "{8C352DC7-3FAD-5AC7-0000-001037C31300}",
      "ProcessId": "2736",
      "Product": "Microsoft® Windows® Operating System",
      "TerminalSessionId": "0",
      "User": "NT AUTHORITY\\SYSTEM",
      "UtcTime": "4242-04-24 13:37:42.422"
    },
    "System": {
      "Channel": "Microsoft-Windows-Sysmon/Operational",
      "Computer": "BLAHBLAH",
      "Correlation": {},
      "EventID": "1",
      "EventRecordID": "242169",
      "Execution": {
        "ProcessID": "1568",
        "ThreadID": "1984"
      },
      "Keywords": "0x8000000000000000",
      "Level": "4",
      "Opcode": "0",
      "Provider": {
        "Guid": "{5770385F-C22A-43E0-BF4C-06F5698FFBD9}",
        "Name": "Microsoft-Windows-Sysmon"
      },
      "Security": {
        "UserID": "S-1-5-18"
      },
      "Task": "1",
      "TimeCreated": {
        "SystemTime": "4242-04-24 13:37:42.422"
      },
      "Version": "5"
    }
  }
}
{
  "Event": {
    "EventData": {
      "CommandLine": "C:\\Windows\\system32\\cmd.exe /c \"sc.exe stop caldera\"",
      "Company": "Microsoft Corporation",
      "CurrentDirectory": "C:\\Windows\\system32\\",
      "Description": "Windows Command Processor",
      "FileVersion": "6.3.9600.16384 (winblue_rtm.130821-1623)",
      "Hashes": "SHA1=7C3D7281E1151FE4127923F4B4C3CD36438E1A12,MD5=F5AE03DE0AD60F5B17B82F2CD68402FE,SHA256=6F88FB88FFB0F1D5465C2826E5B4F523598B1B8378377C8378FFEBC171BAD18B,IMPHASH=77AED1ADAF24B344F08C8AD1432908C3",
      "Image": "C:\\Windows\\System32\\cmd.exe",
      "IntegrityLevel": "System",
      "LogonGuid": "{8C352DC7-3282-5AC7-0000-0020E7030000}",
      "LogonId": "0x3e7",
      "ParentCommandLine": "\"C:\\Program Files\\cagent\\cagent.exe\"",
      "ParentImage": "C:\\Program Files\\cagent\\cagent.exe",
      "ParentProcessGuid": "{8C352DC7-329A-5AC7-0000-0010205E0100}",
      "ParentProcessId": "1340",
      "ProcessGuid": "{8C352DC7-3FAE-5AC7-0000-00107FC61300}",
      "ProcessId": "2740",
      "Product": "Microsoft® Windows® Operating System",
      "TerminalSessionId": "0",
      "User": "NT AUTHORITY\\SYSTEM",
      "UtcTime": "4242-04-24 13:37:42.422"
    },
    "System": {
      "Channel": "Microsoft-Windows-Sysmon/Operational",
      "Computer": "BLAHBLAH",
      "Correlation": {},
      "EventID": "1",
      "EventRecordID": "242215",
      "Execution": {
        "ProcessID": "1568",
        "ThreadID": "1984"
      },
      "Keywords": "0x8000000000000000",
      "Level": "4",
      "Opcode": "0",
      "Provider": {
        "Guid": "{5770385F-C22A-43E0-BF4C-06F5698FFBD9}",
        "Name": "Microsoft-Windows-Sysmon"
      },
      "Security": {
        "UserID": "S-1-5-18"
      },
      "Task": "1",
      "TimeCreated": {
        "SystemTime": "4242-04-24 13:37:42.422"
      },
      "Version": "5"
    }
  }
}
{
  "Event": {
    "EventData": {
      "CommandLine": "C:\\Windows\\system32\\cmd.exe /c \"sc.exe delete caldera\"",
      "Company": "Microsoft Corporation",
      "CurrentDirectory": "C:\\Windows\\system32\\",
      "Description": "Windows Command Processor",
      "FileVersion": "6.3.9600.16384 (winblue_rtm.130821-1623)",
      "Hashes": "SHA1=7C3D7281E1151FE4127923F4B4C3CD36438E1A12,MD5=F5AE03DE0AD60F5B17B82F2CD68402FE,SHA256=6F88FB88FFB0F1D5465C2826E5B4F523598B1B8378377C8378FFEBC171BAD18B,IMPHASH=77AED1ADAF24B344F08C8AD1432908C3",
      "Image": "C:\\Windows\\System32\\cmd.exe",
      "IntegrityLevel": "System",
      "LogonGuid": "{8C352DC7-3282-5AC7-0000-0020E7030000}",
      "LogonId": "0x3e7",
      "ParentCommandLine": "\"C:\\Program Files\\cagent\\cagent.exe\"",
      "ParentImage": "C:\\Program Files\\cagent\\cagent.exe",
      "ParentProcessGuid": "{8C352DC7-329A-5AC7-0000-0010205E0100}",
      "ParentProcessId": "1340",
      "ProcessGuid": "{8C352DC7-3FAF-5AC7-0000-0010D7C91300}",
      "ProcessId": "1324",
      "Product": "Microsoft® Windows® Operating System",
      "TerminalSessionId": "0",
      "User": "NT AUTHORITY\\SYSTEM",
      "UtcTime": "4242-04-24 13:37:42.422"
    },
    "System": {
      "Channel": "Microsoft-Windows-Sysmon/Operational",
      "Computer": "BLAHBLAH",
      "Correlation": {},
      "EventID": "1",
      "EventRecordID": "242261",
      "Execution": {
        "ProcessID": "1568",
        "ThreadID": "1984"
      },
      "Keywords": "0x8000000000000000",
      "Level": "4",
      "Opcode": "0",
      "Provider": {
        "Guid": "{5770385F-C22A-43E0-BF4C-06F5698FFBD9}",
        "Name": "Microsoft-Windows-Sysmon"
      },
      "Security": {
        "UserID": "S-1-5-18"
      },
      "Task": "1",
      "TimeCreated": {
        "SystemTime": "4242-04-24 13:37:42.422"
      },
      "Version": "5"
    }
  }
}
{
  "Event": {
    "EventData": {
      "CommandLine": "C:\\Windows\\system32\\cmd.exe /c \"schtasks /Delete /TN caldera_task1 /F\"",
      "Company": "Microsoft Corporation",
      "CurrentDirectory": "C:\\Windows\\system32\\",
      "Description": "Windows Command Processor",
      "FileVersion": "6.3.9600.16384 (winblue_rtm.130821-1623)",
      "Hashes": "SHA1=7C3D7281E1151FE4127923F4B4C3CD36438E1A12,MD5=F5AE03DE0AD60F5B17B82F2CD68402FE,SHA256=6F88FB88FFB0F1D5465C2826E5B4F523598B1B8378377C8378FFEBC171BAD18B,IMPHASH=77AED1ADAF24B344F08C8AD1432908C3",
      "Image": "C:\\Windows\\System32\\cmd.exe",
      "IntegrityLevel": "System",
      "LogonGuid": "{8C352DC7-3282-5AC7-0000-0020E7030000}",
      "LogonId": "0x3e7",
      "ParentCommandLine": "\"C:\\Program Files\\cagent\\cagent.exe\"",
      "ParentImage": "C:\\Program Files\\cagent\\cagent.exe",
      "ParentProcessGuid": "{8C352DC7-329A-5AC7-0000-0010205E0100}",
      "ParentProcessId": "1340",
      "ProcessGuid": "{8C352DC7-3FAF-5AC7-0000-00100ECD1300}",
      "ProcessId": "884",
      "Product": "Microsoft® Windows® Operating System",
      "TerminalSessionId": "0",
      "User": "NT AUTHORITY\\SYSTEM",
      "UtcTime": "4242-04-24 13:37:42.422"
    },
    "System": {
      "Channel": "Microsoft-Windows-Sysmon/Operational",
      "Computer": "BLAHBLAH",
      "Correlation": {},
      "EventID": "1",
      "EventRecordID": "242306",
      "Execution": {
        "ProcessID": "1568",
        "ThreadID": "1984"
      },
      "Keywords": "0x8000000000000000",
      "Level": "4",
      "Opcode": "0",
      "Provider": {
        "Guid": "{5770385F-C22A-43E0-BF4C-06F5698FFBD9}",
        "Name": "Microsoft-Windows-Sysmon"
      },
      "Security": {
        "UserID": "S-1-5-18"
      },
      "Task": "1",
      "TimeCreated": {
        "SystemTime": "4242-04-24 13:37:42.422"
      },
      "Version": "5"
    }
  }
}
{
  "Event": {
    "EventData": {
      "CommandLine": "C:\\Windows\\system32\\cmd.exe /c \"schtasks /Delete /TN caldera_task1 /F\"",
      "Company": "Microsoft Corporation",
      "CurrentDirectory": "C:\\Windows\\system32\\",
      "Description": "Windows Command Processor",
      "FileVersion": "6.3.9600.16384 (winblue_rtm.130821-1623)",
      "Hashes": "SHA1=7C3D7281E1151FE4127923F4B4C3CD36438E1A12,MD5=F5AE03DE0AD60F5B17B82F2CD68402FE,SHA256=6F88FB88FFB0F1D5465C2826E5B4F523598B1B8378377C8378FFEBC171BAD18B,IMPHASH=77AED1ADAF24B344F08C8AD1432908C3",
      "Image": "C:\\Windows\\System32\\cmd.exe",
      "IntegrityLevel": "System",
      "LogonGuid": "{8C352DC7-3282-5AC7-0000-0020E7030000}",
      "LogonId": "0x3e7",
      "ParentCommandLine": "\"C:\\Program Files\\cagent\\cagent.exe\"",
      "ParentImage": "C:\\Program Files\\cagent\\cagent.exe",
      "ParentProcessGuid": "{8C352DC7-329A-5AC7-0000-0010205E0100}",
      "ParentProcessId": "1340",
      "ProcessGuid": "{8C352DC7-3FB0-5AC7-0000-001013D41300}",
      "ProcessId": "1328",
      "Product": "Microsoft® Windows® Operating System",
      "TerminalSessionId": "0",
      "User": "NT AUTHORITY\\SYSTEM",
      "UtcTime": "4242-04-24 13:37:42.422"
    },
    "System": {
      "Channel": "Microsoft-Windows-Sysmon/Operational",
      "Computer": "BLAHBLAH",
      "Correlation": {},
      "EventID": "1",
      "EventRecordID": "242424",
      "Execution": {
        "ProcessID": "1568",
        "ThreadID": "1984"
      },
      "Keywords": "0x8000000000000000",
      "Level": "4",
      "Opcode": "0",
      "Provider": {
        "Guid": "{5770385F-C22A-43E0-BF4C-06F5698FFBD9}",
        "Name": "Microsoft-Windows-Sysmon"
      },
      "Security": {
        "UserID": "S-1-5-18"
      },
      "Task": "1",
      "TimeCreated": {
        "SystemTime": "4242-04-24 13:37:42.422"
      },
      "Version": "5"
    }
  }
}
{
  "Event": {
    "EventData": {
      "CommandLine": "C:\\Windows\\system32\\cmd.exe /c \"cmd /c del \"C:\\commander.exe\"\"",
      "Company": "Microsoft Corporation",
      "CurrentDirectory": "C:\\Windows\\system32\\",
      "Description": "Windows Command Processor",
      "FileVersion": "6.3.9600.16384 (winblue_rtm.130821-1623)",
      "Hashes": "SHA1=7C3D7281E1151FE4127923F4B4C3CD36438E1A12,MD5=F5AE03DE0AD60F5B17B82F2CD68402FE,SHA256=6F88FB88FFB0F1D5465C2826E5B4F523598B1B8378377C8378FFEBC171BAD18B,IMPHASH=77AED1ADAF24B344F08C8AD1432908C3",
      "Image": "C:\\Windows\\System32\\cmd.exe",
      "IntegrityLevel": "System",
      "LogonGuid": "{8C352DC7-3282-5AC7-0000-0020E7030000}",
      "LogonId": "0x3e7",
      "ParentCommandLine": "\"C:\\Program Files\\cagent\\cagent.exe\"",
      "ParentImage": "C:\\Program Files\\cagent\\cagent.exe",
      "ParentProcessGuid": "{8C352DC7-329A-5AC7-0000-0010205E0100}",
      "ParentProcessId": "1340",
      "ProcessGuid": "{8C352DC7-3FB2-5AC7-0000-0010FED81300}",
      "ProcessId": "2560",
      "Product": "Microsoft® Windows® Operating System",
      "TerminalSessionId": "0",
      "User": "NT AUTHORITY\\SYSTEM",
      "UtcTime": "4242-04-24 13:37:42.422"
    },
    "System": {
      "Channel": "Microsoft-Windows-Sysmon/Operational",
      "Computer": "BLAHBLAH",
      "Correlation": {},
      "EventID": "1",
      "EventRecordID": "242489",
      "Execution": {
        "ProcessID": "1568",
        "ThreadID": "1984"
      },
      "Keywords": "0x8000000000000000",
      "Level": "4",
      "Opcode": "0",
      "Provider": {
        "Guid": "{5770385F-C22A-43E0-BF4C-06F5698FFBD9}",
        "Name": "Microsoft-Windows-Sysmon"
      },
      "Security": {
        "UserID": "S-1-5-18"
      },
      "Task": "1",
      "TimeCreated": {
        "SystemTime": "4242-04-24 13:37:42.422"
      },
      "Version": "5"
    }
  }
}
