{
  "Event": {
    "EventData": {
      "AuthenticationPackageName": "Kerberos",
      "ImpersonationLevel": "%%1833",
      "IpAddress": "fe80::38a8:c971:cffe:45f5",
      "IpPort": "50461",
      "KeyLength": "0",
      "LmPackageName": "-",
      "LogonGuid": "{7EEF8F99-CC43-6560-C33D-DD16AE224F7D}",
      "LogonProcessName": "Kerberos",
      "LogonType": "3",
      "ProcessId": "0x0",
      "ProcessName": "-",
      "SubjectDomainName": "-",
      "SubjectLogonId": "0x0",
      "SubjectUserName": "-",
      "SubjectUserSid": "S-1-0-0",
      "TargetDomainName": "CALDERA",
      "TargetLogonId": "0x13b305",
      "TargetUserName": "CALDERADC$",
      "TargetUserSid": "S-1-5-18",
      "TransmittedServices": "-",
      "WorkstationName": "",
      "UtcTime": "4242-04-24 13:37:42.422"
    },
    "System": {
      "Channel": "Security",
      "Computer": "BLAHBLAH",
      "Correlation": {},
      "EventID": "4624",
      "EventRecordID": "9416",
      "Execution": {
        "ProcessID": "452",
        "ThreadID": "1040"
      },
      "Keywords": "0x8020000000000000",
      "Level": "0",
      "Opcode": "0",
      "Provider": {
        "Guid": "{54849625-5478-4994-A5BA-3E3B0328C30D}",
        "Name": "Microsoft-Windows-Security-Auditing"
      },
      "Security": {
        "UserID": ""
      },
      "Task": "12544",
      "TimeCreated": {
        "SystemTime": "4242-04-24 13:37:42.422"
      },
      "Version": "1"
    }
  }
}
{
  "Event": {
    "EventData": {
      "AuthenticationPackageName": "Kerberos",
      "ImpersonationLevel": "%%1833",
      "IpAddress": "fe80::38a8:c971:cffe:45f5",
      "IpPort": "50464",
      "KeyLength": "0",
      "LmPackageName": "-",
      "LogonGuid": "{0327CF21-9F39-90A3-4C4E-9AA645AE24E1}",
      "LogonProcessName": "Kerberos",
      "LogonType": "3",
      "ProcessId": "0x0",
      "ProcessName": "-",
      "SubjectDomainName": "-",
      "SubjectLogonId": "0x0",
      "SubjectUserName": "-",
      "SubjectUserSid": "S-1-0-0",
      "TargetDomainName": "CALDERA",
      "TargetLogonId": "0x13b4b3",
      "TargetUserName": "CALDERADC$",
      "TargetUserSid": "S-1-5-18",
      "TransmittedServices": "-",
      "WorkstationName": "",
      "UtcTime": "4242-04-24 13:37:42.422"
    },
    "System": {
      "Channel": "Security",
      "Computer": "BLAHBLAH",
      "Correlation": {},
      "EventID": "4624",
      "EventRecordID": "9420",
      "Execution": {
        "ProcessID": "452",
        "ThreadID": "1040"
      },
      "Keywords": "0x8020000000000000",
      "Level": "0",
      "Opcode": "0",
      "Provider": {
        "Guid": "{54849625-5478-4994-A5BA-3E3B0328C30D}",
        "Name": "Microsoft-Windows-Security-Auditing"
      },
      "Security": {
        "UserID": ""
      },
      "Task": "12544",
      "TimeCreated": {
        "SystemTime": "4242-04-24 13:37:42.422"
      },
      "Version": "1"
    }
  }
}
{
  "Event": {
    "EventData": {
      "AuthenticationPackageName": "Kerberos",
      "ImpersonationLevel": "%%1840",
      "IpAddress": "fe80::38a8:c971:cffe:45f5",
      "IpPort": "50466",
      "KeyLength": "0",
      "LmPackageName": "-",
      "LogonGuid": "{0327CF21-9F39-90A3-4C4E-9AA645AE24E1}",
      "LogonProcessName": "Kerberos",
      "LogonType": "3",
      "ProcessId": "0x0",
      "ProcessName": "-",
      "SubjectDomainName": "-",
      "SubjectLogonId": "0x0",
      "SubjectUserName": "-",
      "SubjectUserSid": "S-1-0-0",
      "TargetDomainName": "CALDERA",
      "TargetLogonId": "0x13b64a",
      "TargetUserName": "CALDERADC$",
      "TargetUserSid": "S-1-5-18",
      "TransmittedServices": "-",
      "WorkstationName": "",
      "UtcTime": "4242-04-24 13:37:42.422"
    },
    "System": {
      "Channel": "Security",
      "Computer": "BLAHBLAH",
      "Correlation": {},
      "EventID": "4624",
      "EventRecordID": "9426",
      "Execution": {
        "ProcessID": "452",
        "ThreadID": "1920"
      },
      "Keywords": "0x8020000000000000",
      "Level": "0",
      "Opcode": "0",
      "Provider": {
        "Guid": "{54849625-5478-4994-A5BA-3E3B0328C30D}",
        "Name": "Microsoft-Windows-Security-Auditing"
      },
      "Security": {
        "UserID": ""
      },
      "Task": "12544",
      "TimeCreated": {
        "SystemTime": "4242-04-24 13:37:42.422"
      },
      "Version": "1"
    }
  }
}
{
  "Event": {
    "EventData": {
      "AuthenticationPackageName": "Kerberos",
      "ImpersonationLevel": "%%1840",
      "IpAddress": "fe80::38a8:c971:cffe:45f5",
      "IpPort": "50524",
      "KeyLength": "0",
      "LmPackageName": "-",
      "LogonGuid": "{0327CF21-9F39-90A3-4C4E-9AA645AE24E1}",
      "LogonProcessName": "Kerberos",
      "LogonType": "3",
      "ProcessId": "0x0",
      "ProcessName": "-",
      "SubjectDomainName": "-",
      "SubjectLogonId": "0x0",
      "SubjectUserName": "-",
      "SubjectUserSid": "S-1-0-0",
      "TargetDomainName": "CALDERA",
      "TargetLogonId": "0x13e8b9",
      "TargetUserName": "CALDERADC$",
      "TargetUserSid": "S-1-5-18",
      "TransmittedServices": "-",
      "WorkstationName": "",
      "UtcTime": "4242-04-24 13:37:42.422"
    },
    "System": {
      "Channel": "Security",
      "Computer": "BLAHBLAH",
      "Correlation": {},
      "EventID": "4624",
      "EventRecordID": "9444",
      "Execution": {
        "ProcessID": "452",
        "ThreadID": "2364"
      },
      "Keywords": "0x8020000000000000",
      "Level": "0",
      "Opcode": "0",
      "Provider": {
        "Guid": "{54849625-5478-4994-A5BA-3E3B0328C30D}",
        "Name": "Microsoft-Windows-Security-Auditing"
      },
      "Security": {
        "UserID": ""
      },
      "Task": "12544",
      "TimeCreated": {
        "SystemTime": "4242-04-24 13:37:42.422"
      },
      "Version": "1"
    }
  }
}
{
  "Event": {
    "EventData": {
      "AuthenticationPackageName": "Kerberos",
      "ImpersonationLevel": "%%1833",
      "IpAddress": "fe80::38a8:c971:cffe:45f5",
      "IpPort": "51961",
      "KeyLength": "0",
      "LmPackageName": "-",
      "LogonGuid": "{7EEF8F99-CC43-6560-C33D-DD16AE224F7D}",
      "LogonProcessName": "Kerberos",
      "LogonType": "3",
      "ProcessId": "0x0",
      "ProcessName": "-",
      "SubjectDomainName": "-",
      "SubjectLogonId": "0x0",
      "SubjectUserName": "-",
      "SubjectUserSid": "S-1-0-0",
      "TargetDomainName": "CALDERA",
      "TargetLogonId": "0x13ef6b",
      "TargetUserName": "CALDERADC$",
      "TargetUserSid": "S-1-5-18",
      "TransmittedServices": "-",
      "WorkstationName": "",
      "UtcTime": "4242-04-24 13:37:42.422"
    },
    "System": {
      "Channel": "Security",
      "Computer": "BLAHBLAH",
      "Correlation": {},
      "EventID": "4624",
      "EventRecordID": "9455",
      "Execution": {
        "ProcessID": "452",
        "ThreadID": "1040"
      },
      "Keywords": "0x8020000000000000",
      "Level": "0",
      "Opcode": "0",
      "Provider": {
        "Guid": "{54849625-5478-4994-A5BA-3E3B0328C30D}",
        "Name": "Microsoft-Windows-Security-Auditing"
      },
      "Security": {
        "UserID": ""
      },
      "Task": "12544",
      "TimeCreated": {
        "SystemTime": "4242-04-24 13:37:42.422"
      },
      "Version": "1"
    }
  }
}
{
  "Event": {
    "EventData": {
      "AuthenticationPackageName": "Kerberos",
      "ImpersonationLevel": "%%1833",
      "IpAddress": "fe80::38a8:c971:cffe:45f5",
      "IpPort": "51962",
      "KeyLength": "0",
      "LmPackageName": "-",
      "LogonGuid": "{7EEF8F99-CC43-6560-C33D-DD16AE224F7D}",
      "LogonProcessName": "Kerberos",
      "LogonType": "3",
      "ProcessId": "0x0",
      "ProcessName": "-",
      "SubjectDomainName": "-",
      "SubjectLogonId": "0x0",
      "SubjectUserName": "-",
      "SubjectUserSid": "S-1-0-0",
      "TargetDomainName": "CALDERA",
      "TargetLogonId": "0x13efce",
      "TargetUserName": "CALDERADC$",
      "TargetUserSid": "S-1-5-18",
      "TransmittedServices": "-",
      "WorkstationName": "",
      "UtcTime": "4242-04-24 13:37:42.422"
    },
    "System": {
      "Channel": "Security",
      "Computer": "BLAHBLAH",
      "Correlation": {},
      "EventID": "4624",
      "EventRecordID": "9458",
      "Execution": {
        "ProcessID": "452",
        "ThreadID": "1040"
      },
      "Keywords": "0x8020000000000000",
      "Level": "0",
      "Opcode": "0",
      "Provider": {
        "Guid": "{54849625-5478-4994-A5BA-3E3B0328C30D}",
        "Name": "Microsoft-Windows-Security-Auditing"
      },
      "Security": {
        "UserID": ""
      },
      "Task": "12544",
      "TimeCreated": {
        "SystemTime": "4242-04-24 13:37:42.422"
      },
      "Version": "1"
    }
  }
}
{
  "Event": {
    "EventData": {
      "AuthenticationPackageName": "Kerberos",
      "ImpersonationLevel": "%%1833",
      "IpAddress": "fe80::38a8:c971:cffe:45f5",
      "IpPort": "51966",
      "KeyLength": "0",
      "LmPackageName": "-",
      "LogonGuid": "{0327CF21-9F39-90A3-4C4E-9AA645AE24E1}",
      "LogonProcessName": "Kerberos",
      "LogonType": "3",
      "ProcessId": "0x0",
      "ProcessName": "-",
      "SubjectDomainName": "-",
      "SubjectLogonId": "0x0",
      "SubjectUserName": "-",
      "SubjectUserSid": "S-1-0-0",
      "TargetDomainName": "CALDERA",
      "TargetLogonId": "0x13f1b3",
      "TargetUserName": "CALDERADC$",
      "TargetUserSid": "S-1-5-18",
      "TransmittedServices": "-",
      "WorkstationName": "",
      "UtcTime": "4242-04-24 13:37:42.422"
    },
    "System": {
      "Channel": "Security",
      "Computer": "BLAHBLAH",
      "Correlation": {},
      "EventID": "4624",
      "EventRecordID": "9461",
      "Execution": {
        "ProcessID": "452",
        "ThreadID": "2364"
      },
      "Keywords": "0x8020000000000000",
      "Level": "0",
      "Opcode": "0",
      "Provider": {
        "Guid": "{54849625-5478-4994-A5BA-3E3B0328C30D}",
        "Name": "Microsoft-Windows-Security-Auditing"
      },
      "Security": {
        "UserID": ""
      },
      "Task": "12544",
      "TimeCreated": {
        "SystemTime": "4242-04-24 13:37:42.422"
      },
      "Version": "1"
    }
  }
}
{
  "Event": {
    "EventData": {
      "AuthenticationPackageName": "Kerberos",
      "ImpersonationLevel": "%%1833",
      "IpAddress": "fe80::38a8:c971:cffe:45f5",
      "IpPort": "51967",
      "KeyLength": "0",
      "LmPackageName": "-",
      "LogonGuid": "{0327CF21-9F39-90A3-4C4E-9AA645AE24E1}",
      "LogonProcessName": "Kerberos",
      "LogonType": "3",
      "ProcessId": "0x0",
      "ProcessName": "-",
      "SubjectDomainName": "-",
      "SubjectLogonId": "0x0",
      "SubjectUserName": "-",
      "SubjectUserSid": "S-1-0-0",
      "TargetDomainName": "CALDERA",
      "TargetLogonId": "0x13f1ea",
      "TargetUserName": "CALDERADC$",
      "TargetUserSid": "S-1-5-18",
      "TransmittedServices": "-",
      "WorkstationName": "",
      "UtcTime": "4242-04-24 13:37:42.422"
    },
    "System": {
      "Channel": "Security",
      "Computer": "BLAHBLAH",
      "Correlation": {},
      "EventID": "4624",
      "EventRecordID": "9463",
      "Execution": {
        "ProcessID": "452",
        "ThreadID": "1040"
      },
      "Keywords": "0x8020000000000000",
      "Level": "0",
      "Opcode": "0",
      "Provider": {
        "Guid": "{54849625-5478-4994-A5BA-3E3B0328C30D}",
        "Name": "Microsoft-Windows-Security-Auditing"
      },
      "Security": {
        "UserID": ""
      },
      "Task": "12544",
      "TimeCreated": {
        "SystemTime": "4242-04-24 13:37:42.422"
      },
      "Version": "1"
    }
  }
}
{
  "Event": {
    "EventData": {
      "AuthenticationPackageName": "Kerberos",
      "ImpersonationLevel": "%%1840",
      "IpAddress": "fe80::38a8:c971:cffe:45f5",
      "IpPort": "51969",
      "KeyLength": "0",
      "LmPackageName": "-",
      "LogonGuid": "{0327CF21-9F39-90A3-4C4E-9AA645AE24E1}",
      "LogonProcessName": "Kerberos",
      "LogonType": "3",
      "ProcessId": "0x0",
      "ProcessName": "-",
      "SubjectDomainName": "-",
      "SubjectLogonId": "0x0",
      "SubjectUserName": "-",
      "SubjectUserSid": "S-1-0-0",
      "TargetDomainName": "CALDERA",
      "TargetLogonId": "0x13f390",
      "TargetUserName": "CALDERADC$",
      "TargetUserSid": "S-1-5-18",
      "TransmittedServices": "-",
      "WorkstationName": "",
      "UtcTime": "4242-04-24 13:37:42.422"
    },
    "System": {
      "Channel": "Security",
      "Computer": "BLAHBLAH",
      "Correlation": {},
      "EventID": "4624",
      "EventRecordID": "9469",
      "Execution": {
        "ProcessID": "452",
        "ThreadID": "2228"
      },
      "Keywords": "0x8020000000000000",
      "Level": "0",
      "Opcode": "0",
      "Provider": {
        "Guid": "{54849625-5478-4994-A5BA-3E3B0328C30D}",
        "Name": "Microsoft-Windows-Security-Auditing"
      },
      "Security": {
        "UserID": ""
      },
      "Task": "12544",
      "TimeCreated": {
        "SystemTime": "4242-04-24 13:37:42.422"
      },
      "Version": "1"
    }
  }
}
