{
  "Event": {
    "EventData": {
      "CommandLine": "sc.exe  delete caldera",
      "Company": "Microsoft Corporation",
      "CurrentDirectory": "C:\\Windows\\system32\\",
      "Description": "Service Control Manager Configuration Tool",
      "FileVersion": "6.3.9600.16384 (winblue_rtm.130821-1623)",
      "Hashes": "SHA1=CA71AF6BB7B626333BB923D028CB333DCB153888,MD5=7AFDBA07926BE8AB1770CF59A35FF0B7,SHA256=B20BBD7B8B5707ACC00D7C51EF79771F22F2E201D4844252B675058EBEA9E416,IMPHASH=071BD0C605D6FDAEF2AD09AD6B4C0CF8",
      "Image": "C:\\Windows\\System32\\sc.exe",
      "IntegrityLevel": "System",
      "LogonGuid": "{8C352DC7-3282-5AC7-0000-0020E7030000}",
      "LogonId": "0x3e7",
      "ParentCommandLine": "C:\\Windows\\system32\\cmd.exe /c \"sc.exe delete caldera\"",
      "ParentImage": "C:\\Windows\\System32\\cmd.exe",
      "ParentProcessGuid": "{8C352DC7-3FAC-5AC7-0000-001099BC1300}",
      "ParentProcessId": "1636",
      "ProcessGuid": "{8C352DC7-3FAC-5AC7-0000-0010ADBE1300}",
      "ProcessId": "100",
      "Product": "Microsoft® Windows® Operating System",
      "TerminalSessionId": "0",
      "User": "NT AUTHORITY\\SYSTEM",
      "UtcTime": "4242-04-24 13:37:42.422"
    },
    "System": {
      "Channel": "Microsoft-Windows-Sysmon/Operational",
      "Computer": "BLAHBLAH",
      "Correlation": {},
      "EventID": "1",
      "EventRecordID": "242104",
      "Execution": {
        "ProcessID": "1568",
        "ThreadID": "1984"
      },
      "Keywords": "0x8000000000000000",
      "Level": "4",
      "Opcode": "0",
      "Provider": {
        "Guid": "{5770385F-C22A-43E0-BF4C-06F5698FFBD9}",
        "Name": "Microsoft-Windows-Sysmon"
      },
      "Security": {
        "UserID": "S-1-5-18"
      },
      "Task": "1",
      "TimeCreated": {
        "SystemTime": "4242-04-24 13:37:42.422"
      },
      "Version": "5"
    }
  }
}
{
  "Event": {
    "EventData": {
      "CommandLine": "sc.exe  delete caldera",
      "Company": "Microsoft Corporation",
      "CurrentDirectory": "C:\\Windows\\system32\\",
      "Description": "Service Control Manager Configuration Tool",
      "FileVersion": "6.3.9600.16384 (winblue_rtm.130821-1623)",
      "Hashes": "SHA1=CA71AF6BB7B626333BB923D028CB333DCB153888,MD5=7AFDBA07926BE8AB1770CF59A35FF0B7,SHA256=B20BBD7B8B5707ACC00D7C51EF79771F22F2E201D4844252B675058EBEA9E416,IMPHASH=071BD0C605D6FDAEF2AD09AD6B4C0CF8",
      "Image": "C:\\Windows\\System32\\sc.exe",
      "IntegrityLevel": "System",
      "LogonGuid": "{8C352DC7-3282-5AC7-0000-0020E7030000}",
      "LogonId": "0x3e7",
      "ParentCommandLine": "C:\\Windows\\system32\\cmd.exe /c \"sc.exe delete caldera\"",
      "ParentImage": "C:\\Windows\\System32\\cmd.exe",
      "ParentProcessGuid": "{8C352DC7-3FAD-5AC7-0000-001037C31300}",
      "ParentProcessId": "2736",
      "ProcessGuid": "{8C352DC7-3FAD-5AC7-0000-00104DC51300}",
      "ProcessId": "2512",
      "Product": "Microsoft® Windows® Operating System",
      "TerminalSessionId": "0",
      "User": "NT AUTHORITY\\SYSTEM",
      "UtcTime": "4242-04-24 13:37:42.422"
    },
    "System": {
      "Channel": "Microsoft-Windows-Sysmon/Operational",
      "Computer": "BLAHBLAH",
      "Correlation": {},
      "EventID": "1",
      "EventRecordID": "242192",
      "Execution": {
        "ProcessID": "1568",
        "ThreadID": "1984"
      },
      "Keywords": "0x8000000000000000",
      "Level": "4",
      "Opcode": "0",
      "Provider": {
        "Guid": "{5770385F-C22A-43E0-BF4C-06F5698FFBD9}",
        "Name": "Microsoft-Windows-Sysmon"
      },
      "Security": {
        "UserID": "S-1-5-18"
      },
      "Task": "1",
      "TimeCreated": {
        "SystemTime": "4242-04-24 13:37:42.422"
      },
      "Version": "5"
    }
  }
}
{
  "Event": {
    "EventData": {
      "CommandLine": "sc.exe  delete caldera",
      "Company": "Microsoft Corporation",
      "CurrentDirectory": "C:\\Windows\\system32\\",
      "Description": "Service Control Manager Configuration Tool",
      "FileVersion": "6.3.9600.16384 (winblue_rtm.130821-1623)",
      "Hashes": "SHA1=CA71AF6BB7B626333BB923D028CB333DCB153888,MD5=7AFDBA07926BE8AB1770CF59A35FF0B7,SHA256=B20BBD7B8B5707ACC00D7C51EF79771F22F2E201D4844252B675058EBEA9E416,IMPHASH=071BD0C605D6FDAEF2AD09AD6B4C0CF8",
      "Image": "C:\\Windows\\System32\\sc.exe",
      "IntegrityLevel": "System",
      "LogonGuid": "{8C352DC7-3282-5AC7-0000-0020E7030000}",
      "LogonId": "0x3e7",
      "ParentCommandLine": "C:\\Windows\\system32\\cmd.exe /c \"sc.exe delete caldera\"",
      "ParentImage": "C:\\Windows\\System32\\cmd.exe",
      "ParentProcessGuid": "{8C352DC7-3FAF-5AC7-0000-0010D7C91300}",
      "ParentProcessId": "1324",
      "ProcessGuid": "{8C352DC7-3FAF-5AC7-0000-0010EBCB1300}",
      "ProcessId": "2756",
      "Product": "Microsoft® Windows® Operating System",
      "TerminalSessionId": "0",
      "User": "NT AUTHORITY\\SYSTEM",
      "UtcTime": "4242-04-24 13:37:42.422"
    },
    "System": {
      "Channel": "Microsoft-Windows-Sysmon/Operational",
      "Computer": "BLAHBLAH",
      "Correlation": {},
      "EventID": "1",
      "EventRecordID": "242284",
      "Execution": {
        "ProcessID": "1568",
        "ThreadID": "1984"
      },
      "Keywords": "0x8000000000000000",
      "Level": "4",
      "Opcode": "0",
      "Provider": {
        "Guid": "{5770385F-C22A-43E0-BF4C-06F5698FFBD9}",
        "Name": "Microsoft-Windows-Sysmon"
      },
      "Security": {
        "UserID": "S-1-5-18"
      },
      "Task": "1",
      "TimeCreated": {
        "SystemTime": "4242-04-24 13:37:42.422"
      },
      "Version": "5"
    }
  }
}
